{"/home/eevan/ProyectosIA/SIST_VOUCHERS_HOTEL/vouchers-hostal-playa-norte/backend/src/application/use-cases/CompleteOrder.js": {"path":"/home/eevan/ProyectosIA/SIST_VOUCHERS_HOTEL/vouchers-hostal-playa-norte/backend/src/application/use-cases/CompleteOrder.js","statementMap":{"0":{"start":{"line":6,"column":4},"end":{"line":6,"column":43}},"1":{"start":{"line":7,"column":4},"end":{"line":7,"column":47}},"2":{"start":{"line":8,"column":4},"end":{"line":8,"column":25}},"3":{"start":{"line":15,"column":4},"end":{"line":80,"column":5}},"4":{"start":{"line":17,"column":20},"end":{"line":17,"column":58}},"5":{"start":{"line":18,"column":6},"end":{"line":20,"column":7}},"6":{"start":{"line":19,"column":8},"end":{"line":19,"column":55}},"7":{"start":{"line":23,"column":6},"end":{"line":25,"column":7}},"8":{"start":{"line":24,"column":8},"end":{"line":24,"column":83}},"9":{"start":{"line":28,"column":6},"end":{"line":30,"column":7}},"10":{"start":{"line":29,"column":8},"end":{"line":29,"column":58}},"11":{"start":{"line":33,"column":6},"end":{"line":54,"column":7}},"12":{"start":{"line":34,"column":28},"end":{"line":34,"column":29}},"13":{"start":{"line":35,"column":32},"end":{"line":35,"column":34}},"14":{"start":{"line":37,"column":8},"end":{"line":47,"column":9}},"15":{"start":{"line":38,"column":10},"end":{"line":46,"column":11}},"16":{"start":{"line":40,"column":27},"end":{"line":40,"column":106}},"17":{"start":{"line":41,"column":12},"end":{"line":41,"column":51}},"18":{"start":{"line":42,"column":12},"end":{"line":42,"column":32}},"19":{"start":{"line":44,"column":12},"end":{"line":44,"column":72}},"20":{"start":{"line":50,"column":8},"end":{"line":53,"column":9}},"21":{"start":{"line":51,"column":10},"end":{"line":51,"column":47}},"22":{"start":{"line":52,"column":10},"end":{"line":52,"column":47}},"23":{"start":{"line":57,"column":6},"end":{"line":57,"column":23}},"24":{"start":{"line":60,"column":6},"end":{"line":60,"column":41}},"25":{"start":{"line":62,"column":6},"end":{"line":66,"column":9}},"26":{"start":{"line":68,"column":6},"end":{"line":76,"column":8}},"27":{"start":{"line":78,"column":6},"end":{"line":78,"column":71}},"28":{"start":{"line":79,"column":6},"end":{"line":79,"column":18}},"29":{"start":{"line":87,"column":4},"end":{"line":121,"column":5}},"30":{"start":{"line":89,"column":20},"end":{"line":89,"column":58}},"31":{"start":{"line":90,"column":6},"end":{"line":92,"column":7}},"32":{"start":{"line":91,"column":8},"end":{"line":91,"column":55}},"33":{"start":{"line":95,"column":6},"end":{"line":100,"column":7}},"34":{"start":{"line":96,"column":8},"end":{"line":99,"column":10}},"35":{"start":{"line":103,"column":6},"end":{"line":103,"column":27}},"36":{"start":{"line":106,"column":6},"end":{"line":106,"column":41}},"37":{"start":{"line":108,"column":6},"end":{"line":111,"column":9}},"38":{"start":{"line":113,"column":6},"end":{"line":117,"column":8}},"39":{"start":{"line":119,"column":6},"end":{"line":119,"column":70}},"40":{"start":{"line":120,"column":6},"end":{"line":120,"column":18}}},"fnMap":{"0":{"name":"(anonymous_0)","decl":{"start":{"line":5,"column":2},"end":{"line":5,"column":3}},"loc":{"start":{"line":5,"column":62},"end":{"line":9,"column":3}},"line":5},"1":{"name":"(anonymous_1)","decl":{"start":{"line":14,"column":2},"end":{"line":14,"column":3}},"loc":{"start":{"line":14,"column":48},"end":{"line":81,"column":3}},"line":14},"2":{"name":"(anonymous_2)","decl":{"start":{"line":86,"column":2},"end":{"line":86,"column":3}},"loc":{"start":{"line":86,"column":41},"end":{"line":122,"column":3}},"line":86}},"branchMap":{"0":{"loc":{"start":{"line":14,"column":27},"end":{"line":14,"column":44}},"type":"default-arg","locations":[{"start":{"line":14,"column":42},"end":{"line":14,"column":44}}],"line":14},"1":{"loc":{"start":{"line":18,"column":6},"end":{"line":20,"column":7}},"type":"if","locations":[{"start":{"line":18,"column":6},"end":{"line":20,"column":7}},{"start":{},"end":{}}],"line":18},"2":{"loc":{"start":{"line":23,"column":6},"end":{"line":25,"column":7}},"type":"if","locations":[{"start":{"line":23,"column":6},"end":{"line":25,"column":7}},{"start":{},"end":{}}],"line":23},"3":{"loc":{"start":{"line":28,"column":6},"end":{"line":30,"column":7}},"type":"if","locations":[{"start":{"line":28,"column":6},"end":{"line":30,"column":7}},{"start":{},"end":{}}],"line":28},"4":{"loc":{"start":{"line":33,"column":6},"end":{"line":54,"column":7}},"type":"if","locations":[{"start":{"line":33,"column":6},"end":{"line":54,"column":7}},{"start":{},"end":{}}],"line":33},"5":{"loc":{"start":{"line":50,"column":8},"end":{"line":53,"column":9}},"type":"if","locations":[{"start":{"line":50,"column":8},"end":{"line":53,"column":9}},{"start":{},"end":{}}],"line":50},"6":{"loc":{"start":{"line":86,"column":26},"end":{"line":86,"column":37}},"type":"default-arg","locations":[{"start":{"line":86,"column":35},"end":{"line":86,"column":37}}],"line":86},"7":{"loc":{"start":{"line":90,"column":6},"end":{"line":92,"column":7}},"type":"if","locations":[{"start":{"line":90,"column":6},"end":{"line":92,"column":7}},{"start":{},"end":{}}],"line":90},"8":{"loc":{"start":{"line":95,"column":6},"end":{"line":100,"column":7}},"type":"if","locations":[{"start":{"line":95,"column":6},"end":{"line":100,"column":7}},{"start":{},"end":{}}],"line":95}},"s":{"0":0,"1":0,"2":0,"3":0,"4":0,"5":0,"6":0,"7":0,"8":0,"9":0,"10":0,"11":0,"12":0,"13":0,"14":0,"15":0,"16":0,"17":0,"18":0,"19":0,"20":0,"21":0,"22":0,"23":0,"24":0,"25":0,"26":0,"27":0,"28":0,"29":0,"30":0,"31":0,"32":0,"33":0,"34":0,"35":0,"36":0,"37":0,"38":0,"39":0,"40":0},"f":{"0":0,"1":0,"2":0},"b":{"0":[0],"1":[0,0],"2":[0,0],"3":[0,0],"4":[0,0],"5":[0,0],"6":[0],"7":[0,0],"8":[0,0]},"inputSourceMap":null}
,"/home/eevan/ProyectosIA/SIST_VOUCHERS_HOTEL/vouchers-hostal-playa-norte/backend/src/application/use-cases/CreateOrder.js": {"path":"/home/eevan/ProyectosIA/SIST_VOUCHERS_HOTEL/vouchers-hostal-playa-norte/backend/src/application/use-cases/CreateOrder.js","statementMap":{"0":{"start":{"line":8,"column":4},"end":{"line":8,"column":43}},"1":{"start":{"line":9,"column":4},"end":{"line":9,"column":41}},"2":{"start":{"line":10,"column":4},"end":{"line":10,"column":25}},"3":{"start":{"line":17,"column":4},"end":{"line":63,"column":5}},"4":{"start":{"line":19,"column":19},"end":{"line":19,"column":55}},"5":{"start":{"line":20,"column":6},"end":{"line":22,"column":7}},"6":{"start":{"line":21,"column":8},"end":{"line":21,"column":57}},"7":{"start":{"line":25,"column":6},"end":{"line":27,"column":7}},"8":{"start":{"line":26,"column":8},"end":{"line":26,"column":61}},"9":{"start":{"line":30,"column":20},"end":{"line":30,"column":55}},"10":{"start":{"line":33,"column":6},"end":{"line":40,"column":7}},"11":{"start":{"line":34,"column":8},"end":{"line":39,"column":11}},"12":{"start":{"line":43,"column":22},"end":{"line":43,"column":54}},"13":{"start":{"line":45,"column":6},"end":{"line":49,"column":9}},"14":{"start":{"line":51,"column":6},"end":{"line":59,"column":8}},"15":{"start":{"line":61,"column":6},"end":{"line":61,"column":66}},"16":{"start":{"line":62,"column":6},"end":{"line":62,"column":18}}},"fnMap":{"0":{"name":"(anonymous_0)","decl":{"start":{"line":7,"column":2},"end":{"line":7,"column":3}},"loc":{"start":{"line":7,"column":59},"end":{"line":11,"column":3}},"line":7},"1":{"name":"(anonymous_1)","decl":{"start":{"line":16,"column":2},"end":{"line":16,"column":3}},"loc":{"start":{"line":16,"column":40},"end":{"line":64,"column":3}},"line":16}},"branchMap":{"0":{"loc":{"start":{"line":16,"column":26},"end":{"line":16,"column":36}},"type":"default-arg","locations":[{"start":{"line":16,"column":34},"end":{"line":16,"column":36}}],"line":16},"1":{"loc":{"start":{"line":20,"column":6},"end":{"line":22,"column":7}},"type":"if","locations":[{"start":{"line":20,"column":6},"end":{"line":22,"column":7}},{"start":{},"end":{}}],"line":20},"2":{"loc":{"start":{"line":25,"column":6},"end":{"line":27,"column":7}},"type":"if","locations":[{"start":{"line":25,"column":6},"end":{"line":27,"column":7}},{"start":{},"end":{}}],"line":25}},"s":{"0":0,"1":0,"2":0,"3":0,"4":0,"5":0,"6":0,"7":0,"8":0,"9":0,"10":0,"11":0,"12":0,"13":0,"14":0,"15":0,"16":0},"f":{"0":0,"1":0},"b":{"0":[0],"1":[0,0],"2":[0,0]},"inputSourceMap":null}
,"/home/eevan/ProyectosIA/SIST_VOUCHERS_HOTEL/vouchers-hostal-playa-norte/backend/src/application/use-cases/CreateStay.js": {"path":"/home/eevan/ProyectosIA/SIST_VOUCHERS_HOTEL/vouchers-hostal-playa-norte/backend/src/application/use-cases/CreateStay.js","statementMap":{"0":{"start":{"line":14,"column":22},"end":{"line":23,"column":2}},"1":{"start":{"line":18,"column":52},"end":{"line":18,"column":63}},"2":{"start":{"line":19,"column":53},"end":{"line":19,"column":64}},"3":{"start":{"line":35,"column":4},"end":{"line":35,"column":41}},"4":{"start":{"line":36,"column":4},"end":{"line":36,"column":41}},"5":{"start":{"line":37,"column":4},"end":{"line":37,"column":25}},"6":{"start":{"line":47,"column":22},"end":{"line":47,"column":48}},"7":{"start":{"line":49,"column":4},"end":{"line":126,"column":5}},"8":{"start":{"line":51,"column":19},"end":{"line":51,"column":65}},"9":{"start":{"line":52,"column":6},"end":{"line":55,"column":7}},"10":{"start":{"line":53,"column":8},"end":{"line":53,"column":83}},"11":{"start":{"line":54,"column":8},"end":{"line":54,"column":70}},"12":{"start":{"line":58,"column":6},"end":{"line":61,"column":7}},"13":{"start":{"line":59,"column":8},"end":{"line":59,"column":69}},"14":{"start":{"line":60,"column":8},"end":{"line":60,"column":57}},"15":{"start":{"line":64,"column":21},"end":{"line":64,"column":88}},"16":{"start":{"line":65,"column":6},"end":{"line":67,"column":7}},"17":{"start":{"line":66,"column":8},"end":{"line":66,"column":63}},"18":{"start":{"line":70,"column":18},"end":{"line":70,"column":28}},"19":{"start":{"line":71,"column":6},"end":{"line":73,"column":7}},"20":{"start":{"line":72,"column":8},"end":{"line":72,"column":71}},"21":{"start":{"line":76,"column":26},"end":{"line":81,"column":7}},"22":{"start":{"line":83,"column":6},"end":{"line":88,"column":7}},"23":{"start":{"line":84,"column":8},"end":{"line":86,"column":10}},"24":{"start":{"line":87,"column":8},"end":{"line":87,"column":70}},"25":{"start":{"line":91,"column":25},"end":{"line":91,"column":53}},"26":{"start":{"line":94,"column":19},"end":{"line":106,"column":8}},"27":{"start":{"line":109,"column":24},"end":{"line":109,"column":56}},"28":{"start":{"line":112,"column":6},"end":{"line":114,"column":8}},"29":{"start":{"line":117,"column":6},"end":{"line":120,"column":8}},"30":{"start":{"line":122,"column":6},"end":{"line":124,"column":7}},"31":{"start":{"line":123,"column":8},"end":{"line":123,"column":61}},"32":{"start":{"line":125,"column":6},"end":{"line":125,"column":18}},"33":{"start":{"line":137,"column":21},"end":{"line":137,"column":49}},"34":{"start":{"line":138,"column":4},"end":{"line":138,"column":55}}},"fnMap":{"0":{"name":"(anonymous_0)","decl":{"start":{"line":18,"column":47},"end":{"line":18,"column":48}},"loc":{"start":{"line":18,"column":52},"end":{"line":18,"column":63}},"line":18},"1":{"name":"(anonymous_1)","decl":{"start":{"line":19,"column":48},"end":{"line":19,"column":49}},"loc":{"start":{"line":19,"column":53},"end":{"line":19,"column":64}},"line":19},"2":{"name":"(anonymous_2)","decl":{"start":{"line":34,"column":2},"end":{"line":34,"column":3}},"loc":{"start":{"line":34,"column":54},"end":{"line":38,"column":3}},"line":34},"3":{"name":"(anonymous_3)","decl":{"start":{"line":46,"column":2},"end":{"line":46,"column":3}},"loc":{"start":{"line":46,"column":23},"end":{"line":127,"column":3}},"line":46},"4":{"name":"(anonymous_4)","decl":{"start":{"line":136,"column":2},"end":{"line":136,"column":3}},"loc":{"start":{"line":136,"column":37},"end":{"line":139,"column":3}},"line":136}},"branchMap":{"0":{"loc":{"start":{"line":52,"column":6},"end":{"line":55,"column":7}},"type":"if","locations":[{"start":{"line":52,"column":6},"end":{"line":55,"column":7}},{"start":{},"end":{}}],"line":52},"1":{"loc":{"start":{"line":58,"column":6},"end":{"line":61,"column":7}},"type":"if","locations":[{"start":{"line":58,"column":6},"end":{"line":61,"column":7}},{"start":{},"end":{}}],"line":58},"2":{"loc":{"start":{"line":65,"column":6},"end":{"line":67,"column":7}},"type":"if","locations":[{"start":{"line":65,"column":6},"end":{"line":67,"column":7}},{"start":{},"end":{}}],"line":65},"3":{"loc":{"start":{"line":71,"column":6},"end":{"line":73,"column":7}},"type":"if","locations":[{"start":{"line":71,"column":6},"end":{"line":73,"column":7}},{"start":{},"end":{}}],"line":71},"4":{"loc":{"start":{"line":83,"column":6},"end":{"line":88,"column":7}},"type":"if","locations":[{"start":{"line":83,"column":6},"end":{"line":88,"column":7}},{"start":{},"end":{}}],"line":83},"5":{"loc":{"start":{"line":102,"column":18},"end":{"line":102,"column":48}},"type":"binary-expr","locations":[{"start":{"line":102,"column":18},"end":{"line":102,"column":36}},{"start":{"line":102,"column":40},"end":{"line":102,"column":48}}],"line":102},"6":{"loc":{"start":{"line":122,"column":6},"end":{"line":124,"column":7}},"type":"if","locations":[{"start":{"line":122,"column":6},"end":{"line":124,"column":7}},{"start":{},"end":{}}],"line":122}},"s":{"0":0,"1":0,"2":0,"3":0,"4":0,"5":0,"6":0,"7":0,"8":0,"9":0,"10":0,"11":0,"12":0,"13":0,"14":0,"15":0,"16":0,"17":0,"18":0,"19":0,"20":0,"21":0,"22":0,"23":0,"24":0,"25":0,"26":0,"27":0,"28":0,"29":0,"30":0,"31":0,"32":0,"33":0,"34":0},"f":{"0":0,"1":0,"2":0,"3":0,"4":0},"b":{"0":[0,0],"1":[0,0],"2":[0,0],"3":[0,0],"4":[0,0],"5":[0,0],"6":[0,0]},"inputSourceMap":null}
,"/home/eevan/ProyectosIA/SIST_VOUCHERS_HOTEL/vouchers-hostal-playa-norte/backend/src/application/use-cases/GenerateVoucher.js": {"path":"/home/eevan/ProyectosIA/SIST_VOUCHERS_HOTEL/vouchers-hostal-playa-norte/backend/src/application/use-cases/GenerateVoucher.js","statementMap":{"0":{"start":{"line":9,"column":4},"end":{"line":9,"column":47}},"1":{"start":{"line":10,"column":4},"end":{"line":10,"column":41}},"2":{"start":{"line":11,"column":4},"end":{"line":11,"column":31}},"3":{"start":{"line":12,"column":4},"end":{"line":12,"column":25}},"4":{"start":{"line":19,"column":4},"end":{"line":77,"column":5}},"5":{"start":{"line":21,"column":19},"end":{"line":21,"column":55}},"6":{"start":{"line":22,"column":6},"end":{"line":24,"column":7}},"7":{"start":{"line":23,"column":8},"end":{"line":23,"column":57}},"8":{"start":{"line":27,"column":6},"end":{"line":29,"column":7}},"9":{"start":{"line":28,"column":8},"end":{"line":28,"column":61}},"10":{"start":{"line":32,"column":26},"end":{"line":32,"column":51}},"11":{"start":{"line":35,"column":25},"end":{"line":35,"column":35}},"12":{"start":{"line":36,"column":6},"end":{"line":36,"column":60}},"13":{"start":{"line":39,"column":22},"end":{"line":44,"column":8}},"14":{"start":{"line":47,"column":21},"end":{"line":51,"column":7}},"15":{"start":{"line":52,"column":6},"end":{"line":52,"column":34}},"16":{"start":{"line":55,"column":6},"end":{"line":55,"column":25}},"17":{"start":{"line":58,"column":24},"end":{"line":58,"column":60}},"18":{"start":{"line":60,"column":6},"end":{"line":64,"column":9}},"19":{"start":{"line":66,"column":6},"end":{"line":73,"column":8}},"20":{"start":{"line":75,"column":6},"end":{"line":75,"column":70}},"21":{"start":{"line":76,"column":6},"end":{"line":76,"column":18}},"22":{"start":{"line":84,"column":18},"end":{"line":84,"column":56}},"23":{"start":{"line":85,"column":15},"end":{"line":85,"column":17}},"24":{"start":{"line":87,"column":4},"end":{"line":89,"column":5}},"25":{"start":{"line":87,"column":17},"end":{"line":87,"column":18}},"26":{"start":{"line":88,"column":6},"end":{"line":88,"column":69}},"27":{"start":{"line":91,"column":4},"end":{"line":91,"column":16}}},"fnMap":{"0":{"name":"(anonymous_0)","decl":{"start":{"line":8,"column":2},"end":{"line":8,"column":3}},"loc":{"start":{"line":8,"column":72},"end":{"line":13,"column":3}},"line":8},"1":{"name":"(anonymous_1)","decl":{"start":{"line":18,"column":2},"end":{"line":18,"column":3}},"loc":{"start":{"line":18,"column":45},"end":{"line":78,"column":3}},"line":18},"2":{"name":"(anonymous_2)","decl":{"start":{"line":83,"column":2},"end":{"line":83,"column":3}},"loc":{"start":{"line":83,"column":23},"end":{"line":92,"column":3}},"line":83}},"branchMap":{"0":{"loc":{"start":{"line":18,"column":26},"end":{"line":18,"column":41}},"type":"default-arg","locations":[{"start":{"line":18,"column":39},"end":{"line":18,"column":41}}],"line":18},"1":{"loc":{"start":{"line":22,"column":6},"end":{"line":24,"column":7}},"type":"if","locations":[{"start":{"line":22,"column":6},"end":{"line":24,"column":7}},{"start":{},"end":{}}],"line":22},"2":{"loc":{"start":{"line":27,"column":6},"end":{"line":29,"column":7}},"type":"if","locations":[{"start":{"line":27,"column":6},"end":{"line":29,"column":7}},{"start":{},"end":{}}],"line":27}},"s":{"0":0,"1":0,"2":0,"3":0,"4":0,"5":0,"6":0,"7":0,"8":0,"9":0,"10":0,"11":0,"12":0,"13":0,"14":0,"15":0,"16":0,"17":0,"18":0,"19":0,"20":0,"21":0,"22":0,"23":0,"24":0,"25":0,"26":0,"27":0},"f":{"0":0,"1":0,"2":0},"b":{"0":[0],"1":[0,0],"2":[0,0]},"inputSourceMap":null}
,"/home/eevan/ProyectosIA/SIST_VOUCHERS_HOTEL/vouchers-hostal-playa-norte/backend/src/application/use-cases/LoginUser.js": {"path":"/home/eevan/ProyectosIA/SIST_VOUCHERS_HOTEL/vouchers-hostal-playa-norte/backend/src/application/use-cases/LoginUser.js","statementMap":{"0":{"start":{"line":13,"column":21},"end":{"line":16,"column":2}},"1":{"start":{"line":30,"column":4},"end":{"line":30,"column":41}},"2":{"start":{"line":31,"column":4},"end":{"line":31,"column":43}},"3":{"start":{"line":32,"column":4},"end":{"line":32,"column":33}},"4":{"start":{"line":33,"column":4},"end":{"line":33,"column":25}},"5":{"start":{"line":44,"column":22},"end":{"line":44,"column":47}},"6":{"start":{"line":46,"column":4},"end":{"line":90,"column":5}},"7":{"start":{"line":48,"column":19},"end":{"line":48,"column":67}},"8":{"start":{"line":50,"column":6},"end":{"line":53,"column":7}},"9":{"start":{"line":51,"column":8},"end":{"line":51,"column":83}},"10":{"start":{"line":52,"column":8},"end":{"line":52,"column":58}},"11":{"start":{"line":56,"column":6},"end":{"line":59,"column":7}},"12":{"start":{"line":57,"column":8},"end":{"line":57,"column":72}},"13":{"start":{"line":58,"column":8},"end":{"line":58,"column":69}},"14":{"start":{"line":62,"column":28},"end":{"line":65,"column":7}},"15":{"start":{"line":67,"column":6},"end":{"line":70,"column":7}},"16":{"start":{"line":68,"column":8},"end":{"line":68,"column":83}},"17":{"start":{"line":69,"column":8},"end":{"line":69,"column":58}},"18":{"start":{"line":73,"column":44},"end":{"line":73,"column":83}},"19":{"start":{"line":76,"column":6},"end":{"line":76,"column":81}},"20":{"start":{"line":79,"column":6},"end":{"line":84,"column":8}},"21":{"start":{"line":86,"column":6},"end":{"line":88,"column":7}},"22":{"start":{"line":87,"column":8},"end":{"line":87,"column":61}},"23":{"start":{"line":89,"column":6},"end":{"line":89,"column":18}},"24":{"start":{"line":98,"column":4},"end":{"line":98,"column":28}}},"fnMap":{"0":{"name":"(anonymous_0)","decl":{"start":{"line":29,"column":2},"end":{"line":29,"column":3}},"loc":{"start":{"line":29,"column":67},"end":{"line":34,"column":3}},"line":29},"1":{"name":"(anonymous_1)","decl":{"start":{"line":42,"column":2},"end":{"line":42,"column":3}},"loc":{"start":{"line":42,"column":23},"end":{"line":91,"column":3}},"line":42},"2":{"name":"(anonymous_2)","decl":{"start":{"line":97,"column":2},"end":{"line":97,"column":3}},"loc":{"start":{"line":97,"column":23},"end":{"line":99,"column":3}},"line":97}},"branchMap":{"0":{"loc":{"start":{"line":50,"column":6},"end":{"line":53,"column":7}},"type":"if","locations":[{"start":{"line":50,"column":6},"end":{"line":53,"column":7}},{"start":{},"end":{}}],"line":50},"1":{"loc":{"start":{"line":56,"column":6},"end":{"line":59,"column":7}},"type":"if","locations":[{"start":{"line":56,"column":6},"end":{"line":59,"column":7}},{"start":{},"end":{}}],"line":56},"2":{"loc":{"start":{"line":67,"column":6},"end":{"line":70,"column":7}},"type":"if","locations":[{"start":{"line":67,"column":6},"end":{"line":70,"column":7}},{"start":{},"end":{}}],"line":67},"3":{"loc":{"start":{"line":86,"column":6},"end":{"line":88,"column":7}},"type":"if","locations":[{"start":{"line":86,"column":6},"end":{"line":88,"column":7}},{"start":{},"end":{}}],"line":86}},"s":{"0":0,"1":0,"2":0,"3":0,"4":0,"5":0,"6":0,"7":0,"8":0,"9":0,"10":0,"11":0,"12":0,"13":0,"14":0,"15":0,"16":0,"17":0,"18":0,"19":0,"20":0,"21":0,"22":0,"23":0,"24":0},"f":{"0":0,"1":0,"2":0},"b":{"0":[0,0],"1":[0,0],"2":[0,0],"3":[0,0]},"inputSourceMap":null}
,"/home/eevan/ProyectosIA/SIST_VOUCHERS_HOTEL/vouchers-hostal-playa-norte/backend/src/application/use-cases/RedeemVoucher.js": {"path":"/home/eevan/ProyectosIA/SIST_VOUCHERS_HOTEL/vouchers-hostal-playa-norte/backend/src/application/use-cases/RedeemVoucher.js","statementMap":{"0":{"start":{"line":7,"column":4},"end":{"line":7,"column":47}},"1":{"start":{"line":8,"column":4},"end":{"line":8,"column":25}},"2":{"start":{"line":15,"column":4},"end":{"line":35,"column":5}},"3":{"start":{"line":17,"column":21},"end":{"line":17,"column":81}},"4":{"start":{"line":19,"column":6},"end":{"line":21,"column":9}},"5":{"start":{"line":23,"column":6},"end":{"line":28,"column":8}},"6":{"start":{"line":30,"column":6},"end":{"line":32,"column":9}},"7":{"start":{"line":34,"column":6},"end":{"line":34,"column":45}},"8":{"start":{"line":42,"column":4},"end":{"line":63,"column":5}},"9":{"start":{"line":43,"column":21},"end":{"line":46,"column":7}},"10":{"start":{"line":48,"column":22},"end":{"line":55,"column":7}},"11":{"start":{"line":57,"column":6},"end":{"line":57,"column":62}},"12":{"start":{"line":59,"column":6},"end":{"line":59,"column":21}},"13":{"start":{"line":61,"column":6},"end":{"line":61,"column":72}},"14":{"start":{"line":62,"column":6},"end":{"line":62,"column":18}},"15":{"start":{"line":70,"column":4},"end":{"line":96,"column":5}},"16":{"start":{"line":71,"column":22},"end":{"line":71,"column":68}},"17":{"start":{"line":73,"column":6},"end":{"line":75,"column":7}},"18":{"start":{"line":74,"column":8},"end":{"line":74,"column":69}},"19":{"start":{"line":77,"column":6},"end":{"line":82,"column":7}},"20":{"start":{"line":78,"column":8},"end":{"line":81,"column":10}},"21":{"start":{"line":84,"column":6},"end":{"line":86,"column":7}},"22":{"start":{"line":85,"column":8},"end":{"line":85,"column":64}},"23":{"start":{"line":88,"column":6},"end":{"line":92,"column":8}},"24":{"start":{"line":94,"column":6},"end":{"line":94,"column":64}},"25":{"start":{"line":95,"column":6},"end":{"line":95,"column":18}}},"fnMap":{"0":{"name":"(anonymous_0)","decl":{"start":{"line":6,"column":2},"end":{"line":6,"column":3}},"loc":{"start":{"line":6,"column":45},"end":{"line":9,"column":3}},"line":6},"1":{"name":"(anonymous_1)","decl":{"start":{"line":14,"column":2},"end":{"line":14,"column":3}},"loc":{"start":{"line":14,"column":45},"end":{"line":36,"column":3}},"line":14},"2":{"name":"(anonymous_2)","decl":{"start":{"line":41,"column":2},"end":{"line":41,"column":3}},"loc":{"start":{"line":41,"column":51},"end":{"line":64,"column":3}},"line":41},"3":{"name":"(anonymous_3)","decl":{"start":{"line":69,"column":2},"end":{"line":69,"column":3}},"loc":{"start":{"line":69,"column":31},"end":{"line":97,"column":3}},"line":69}},"branchMap":{"0":{"loc":{"start":{"line":14,"column":31},"end":{"line":14,"column":41}},"type":"default-arg","locations":[{"start":{"line":14,"column":39},"end":{"line":14,"column":41}}],"line":14},"1":{"loc":{"start":{"line":41,"column":37},"end":{"line":41,"column":47}},"type":"default-arg","locations":[{"start":{"line":41,"column":45},"end":{"line":41,"column":47}}],"line":41},"2":{"loc":{"start":{"line":73,"column":6},"end":{"line":75,"column":7}},"type":"if","locations":[{"start":{"line":73,"column":6},"end":{"line":75,"column":7}},{"start":{},"end":{}}],"line":73},"3":{"loc":{"start":{"line":77,"column":6},"end":{"line":82,"column":7}},"type":"if","locations":[{"start":{"line":77,"column":6},"end":{"line":82,"column":7}},{"start":{},"end":{}}],"line":77},"4":{"loc":{"start":{"line":84,"column":6},"end":{"line":86,"column":7}},"type":"if","locations":[{"start":{"line":84,"column":6},"end":{"line":86,"column":7}},{"start":{},"end":{}}],"line":84}},"s":{"0":0,"1":0,"2":0,"3":0,"4":0,"5":0,"6":0,"7":0,"8":0,"9":0,"10":0,"11":0,"12":0,"13":0,"14":0,"15":0,"16":0,"17":0,"18":0,"19":0,"20":0,"21":0,"22":0,"23":0,"24":0,"25":0},"f":{"0":0,"1":0,"2":0,"3":0},"b":{"0":[0],"1":[0],"2":[0,0],"3":[0,0],"4":[0,0]},"inputSourceMap":null}
,"/home/eevan/ProyectosIA/SIST_VOUCHERS_HOTEL/vouchers-hostal-playa-norte/backend/src/application/use-cases/RegisterUser.js": {"path":"/home/eevan/ProyectosIA/SIST_VOUCHERS_HOTEL/vouchers-hostal-playa-norte/backend/src/application/use-cases/RegisterUser.js","statementMap":{"0":{"start":{"line":13,"column":24},"end":{"line":20,"column":2}},"1":{"start":{"line":32,"column":4},"end":{"line":32,"column":41}},"2":{"start":{"line":33,"column":4},"end":{"line":33,"column":43}},"3":{"start":{"line":34,"column":4},"end":{"line":34,"column":25}},"4":{"start":{"line":45,"column":22},"end":{"line":45,"column":50}},"5":{"start":{"line":47,"column":4},"end":{"line":97,"column":5}},"6":{"start":{"line":49,"column":6},"end":{"line":51,"column":7}},"7":{"start":{"line":50,"column":8},"end":{"line":50,"column":56}},"8":{"start":{"line":54,"column":23},"end":{"line":54,"column":80}},"9":{"start":{"line":55,"column":6},"end":{"line":59,"column":7}},"10":{"start":{"line":56,"column":8},"end":{"line":58,"column":10}},"11":{"start":{"line":62,"column":6},"end":{"line":65,"column":7}},"12":{"start":{"line":63,"column":8},"end":{"line":63,"column":82}},"13":{"start":{"line":64,"column":8},"end":{"line":64,"column":67}},"14":{"start":{"line":68,"column":27},"end":{"line":68,"column":78}},"15":{"start":{"line":71,"column":19},"end":{"line":79,"column":8}},"16":{"start":{"line":82,"column":24},"end":{"line":82,"column":56}},"17":{"start":{"line":85,"column":6},"end":{"line":85,"column":94}},"18":{"start":{"line":88,"column":6},"end":{"line":91,"column":8}},"19":{"start":{"line":93,"column":6},"end":{"line":95,"column":7}},"20":{"start":{"line":94,"column":8},"end":{"line":94,"column":61}},"21":{"start":{"line":96,"column":6},"end":{"line":96,"column":18}}},"fnMap":{"0":{"name":"(anonymous_0)","decl":{"start":{"line":31,"column":2},"end":{"line":31,"column":3}},"loc":{"start":{"line":31,"column":55},"end":{"line":35,"column":3}},"line":31},"1":{"name":"(anonymous_1)","decl":{"start":{"line":43,"column":2},"end":{"line":43,"column":3}},"loc":{"start":{"line":43,"column":23},"end":{"line":98,"column":3}},"line":43}},"branchMap":{"0":{"loc":{"start":{"line":49,"column":6},"end":{"line":51,"column":7}},"type":"if","locations":[{"start":{"line":49,"column":6},"end":{"line":51,"column":7}},{"start":{},"end":{}}],"line":49},"1":{"loc":{"start":{"line":55,"column":6},"end":{"line":59,"column":7}},"type":"if","locations":[{"start":{"line":55,"column":6},"end":{"line":59,"column":7}},{"start":{},"end":{}}],"line":55},"2":{"loc":{"start":{"line":62,"column":6},"end":{"line":65,"column":7}},"type":"if","locations":[{"start":{"line":62,"column":6},"end":{"line":65,"column":7}},{"start":{},"end":{}}],"line":62},"3":{"loc":{"start":{"line":93,"column":6},"end":{"line":95,"column":7}},"type":"if","locations":[{"start":{"line":93,"column":6},"end":{"line":95,"column":7}},{"start":{},"end":{}}],"line":93}},"s":{"0":0,"1":0,"2":0,"3":0,"4":0,"5":0,"6":0,"7":0,"8":0,"9":0,"10":0,"11":0,"12":0,"13":0,"14":0,"15":0,"16":0,"17":0,"18":0,"19":0,"20":0,"21":0},"f":{"0":0,"1":0},"b":{"0":[0,0],"1":[0,0],"2":[0,0],"3":[0,0]},"inputSourceMap":null}
,"/home/eevan/ProyectosIA/SIST_VOUCHERS_HOTEL/vouchers-hostal-playa-norte/backend/src/application/use-cases/ValidateVoucher.js": {"path":"/home/eevan/ProyectosIA/SIST_VOUCHERS_HOTEL/vouchers-hostal-playa-norte/backend/src/application/use-cases/ValidateVoucher.js","statementMap":{"0":{"start":{"line":7,"column":4},"end":{"line":7,"column":47}},"1":{"start":{"line":8,"column":4},"end":{"line":8,"column":41}},"2":{"start":{"line":9,"column":4},"end":{"line":9,"column":25}},"3":{"start":{"line":16,"column":4},"end":{"line":84,"column":5}},"4":{"start":{"line":18,"column":22},"end":{"line":18,"column":68}},"5":{"start":{"line":19,"column":6},"end":{"line":25,"column":7}},"6":{"start":{"line":20,"column":8},"end":{"line":24,"column":10}},"7":{"start":{"line":28,"column":6},"end":{"line":35,"column":7}},"8":{"start":{"line":29,"column":8},"end":{"line":34,"column":10}},"9":{"start":{"line":38,"column":6},"end":{"line":45,"column":7}},"10":{"start":{"line":39,"column":8},"end":{"line":44,"column":10}},"11":{"start":{"line":48,"column":19},"end":{"line":48,"column":63}},"12":{"start":{"line":49,"column":6},"end":{"line":55,"column":7}},"13":{"start":{"line":50,"column":8},"end":{"line":54,"column":10}},"14":{"start":{"line":57,"column":6},"end":{"line":64,"column":7}},"15":{"start":{"line":58,"column":8},"end":{"line":63,"column":10}},"16":{"start":{"line":66,"column":6},"end":{"line":69,"column":9}},"17":{"start":{"line":71,"column":6},"end":{"line":80,"column":8}},"18":{"start":{"line":82,"column":6},"end":{"line":82,"column":75}},"19":{"start":{"line":83,"column":6},"end":{"line":83,"column":18}}},"fnMap":{"0":{"name":"(anonymous_0)","decl":{"start":{"line":6,"column":2},"end":{"line":6,"column":3}},"loc":{"start":{"line":6,"column":61},"end":{"line":10,"column":3}},"line":6},"1":{"name":"(anonymous_1)","decl":{"start":{"line":15,"column":2},"end":{"line":15,"column":3}},"loc":{"start":{"line":15,"column":33},"end":{"line":85,"column":3}},"line":15}},"branchMap":{"0":{"loc":{"start":{"line":19,"column":6},"end":{"line":25,"column":7}},"type":"if","locations":[{"start":{"line":19,"column":6},"end":{"line":25,"column":7}},{"start":{},"end":{}}],"line":19},"1":{"loc":{"start":{"line":28,"column":6},"end":{"line":35,"column":7}},"type":"if","locations":[{"start":{"line":28,"column":6},"end":{"line":35,"column":7}},{"start":{},"end":{}}],"line":28},"2":{"loc":{"start":{"line":38,"column":6},"end":{"line":45,"column":7}},"type":"if","locations":[{"start":{"line":38,"column":6},"end":{"line":45,"column":7}},{"start":{},"end":{}}],"line":38},"3":{"loc":{"start":{"line":49,"column":6},"end":{"line":55,"column":7}},"type":"if","locations":[{"start":{"line":49,"column":6},"end":{"line":55,"column":7}},{"start":{},"end":{}}],"line":49},"4":{"loc":{"start":{"line":57,"column":6},"end":{"line":64,"column":7}},"type":"if","locations":[{"start":{"line":57,"column":6},"end":{"line":64,"column":7}},{"start":{},"end":{}}],"line":57}},"s":{"0":0,"1":0,"2":0,"3":0,"4":0,"5":0,"6":0,"7":0,"8":0,"9":0,"10":0,"11":0,"12":0,"13":0,"14":0,"15":0,"16":0,"17":0,"18":0,"19":0},"f":{"0":0,"1":0},"b":{"0":[0,0],"1":[0,0],"2":[0,0],"3":[0,0],"4":[0,0]},"inputSourceMap":null}
,"/home/eevan/ProyectosIA/SIST_VOUCHERS_HOTEL/vouchers-hostal-playa-norte/backend/src/config/database.js": {"path":"/home/eevan/ProyectosIA/SIST_VOUCHERS_HOTEL/vouchers-hostal-playa-norte/backend/src/config/database.js","statementMap":{"0":{"start":{"line":1,"column":17},"end":{"line":1,"column":42}},"1":{"start":{"line":2,"column":13},"end":{"line":2,"column":28}},"2":{"start":{"line":3,"column":11},"end":{"line":3,"column":24}},"3":{"start":{"line":4,"column":19},"end":{"line":4,"column":38}},"4":{"start":{"line":8,"column":4},"end":{"line":8,"column":19}},"5":{"start":{"line":9,"column":4},"end":{"line":9,"column":29}},"6":{"start":{"line":13,"column":4},"end":{"line":13,"column":41}},"7":{"start":{"line":13,"column":26},"end":{"line":13,"column":41}},"8":{"start":{"line":15,"column":19},"end":{"line":15,"column":89}},"9":{"start":{"line":16,"column":18},"end":{"line":16,"column":38}},"10":{"start":{"line":19,"column":4},"end":{"line":21,"column":5}},"11":{"start":{"line":20,"column":6},"end":{"line":20,"column":47}},"12":{"start":{"line":23,"column":4},"end":{"line":57,"column":5}},"13":{"start":{"line":24,"column":6},"end":{"line":26,"column":9}},"14":{"start":{"line":29,"column":6},"end":{"line":29,"column":43}},"15":{"start":{"line":30,"column":6},"end":{"line":30,"column":42}},"16":{"start":{"line":31,"column":6},"end":{"line":31,"column":45}},"17":{"start":{"line":34,"column":6},"end":{"line":36,"column":9}},"18":{"start":{"line":35,"column":8},"end":{"line":35,"column":40}},"19":{"start":{"line":38,"column":6},"end":{"line":38,"column":30}},"20":{"start":{"line":40,"column":6},"end":{"line":47,"column":9}},"21":{"start":{"line":49,"column":6},"end":{"line":49,"column":21}},"22":{"start":{"line":51,"column":6},"end":{"line":55,"column":9}},"23":{"start":{"line":56,"column":6},"end":{"line":56,"column":18}},"24":{"start":{"line":61,"column":4},"end":{"line":63,"column":5}},"25":{"start":{"line":62,"column":6},"end":{"line":62,"column":31}},"26":{"start":{"line":64,"column":4},"end":{"line":64,"column":19}},"27":{"start":{"line":68,"column":4},"end":{"line":72,"column":5}},"28":{"start":{"line":69,"column":6},"end":{"line":69,"column":22}},"29":{"start":{"line":70,"column":6},"end":{"line":70,"column":31}},"30":{"start":{"line":71,"column":6},"end":{"line":71,"column":48}},"31":{"start":{"line":77,"column":15},"end":{"line":77,"column":27}},"32":{"start":{"line":78,"column":4},"end":{"line":78,"column":36}},"33":{"start":{"line":83,"column":18},"end":{"line":83,"column":39}},"34":{"start":{"line":85,"column":0},"end":{"line":88,"column":2}},"35":{"start":{"line":87,"column":15},"end":{"line":87,"column":32}}},"fnMap":{"0":{"name":"(anonymous_0)","decl":{"start":{"line":7,"column":2},"end":{"line":7,"column":3}},"loc":{"start":{"line":7,"column":16},"end":{"line":10,"column":3}},"line":7},"1":{"name":"(anonymous_1)","decl":{"start":{"line":12,"column":2},"end":{"line":12,"column":3}},"loc":{"start":{"line":12,"column":15},"end":{"line":58,"column":3}},"line":12},"2":{"name":"(anonymous_2)","decl":{"start":{"line":34,"column":47},"end":{"line":34,"column":48}},"loc":{"start":{"line":34,"column":53},"end":{"line":36,"column":7}},"line":34},"3":{"name":"(anonymous_3)","decl":{"start":{"line":60,"column":2},"end":{"line":60,"column":3}},"loc":{"start":{"line":60,"column":10},"end":{"line":65,"column":3}},"line":60},"4":{"name":"(anonymous_4)","decl":{"start":{"line":67,"column":2},"end":{"line":67,"column":3}},"loc":{"start":{"line":67,"column":10},"end":{"line":73,"column":3}},"line":67},"5":{"name":"(anonymous_5)","decl":{"start":{"line":76,"column":2},"end":{"line":76,"column":3}},"loc":{"start":{"line":76,"column":24},"end":{"line":79,"column":3}},"line":76},"6":{"name":"(anonymous_6)","decl":{"start":{"line":87,"column":9},"end":{"line":87,"column":10}},"loc":{"start":{"line":87,"column":15},"end":{"line":87,"column":32}},"line":87}},"branchMap":{"0":{"loc":{"start":{"line":13,"column":4},"end":{"line":13,"column":41}},"type":"if","locations":[{"start":{"line":13,"column":4},"end":{"line":13,"column":41}},{"start":{},"end":{}}],"line":13},"1":{"loc":{"start":{"line":15,"column":19},"end":{"line":15,"column":89}},"type":"binary-expr","locations":[{"start":{"line":15,"column":19},"end":{"line":15,"column":44}},{"start":{"line":15,"column":48},"end":{"line":15,"column":89}}],"line":15},"2":{"loc":{"start":{"line":19,"column":4},"end":{"line":21,"column":5}},"type":"if","locations":[{"start":{"line":19,"column":4},"end":{"line":21,"column":5}},{"start":{},"end":{}}],"line":19},"3":{"loc":{"start":{"line":25,"column":17},"end":{"line":25,"column":76}},"type":"cond-expr","locations":[{"start":{"line":25,"column":58},"end":{"line":25,"column":69}},{"start":{"line":25,"column":72},"end":{"line":25,"column":76}}],"line":25},"4":{"loc":{"start":{"line":61,"column":4},"end":{"line":63,"column":5}},"type":"if","locations":[{"start":{"line":61,"column":4},"end":{"line":63,"column":5}},{"start":{},"end":{}}],"line":61},"5":{"loc":{"start":{"line":68,"column":4},"end":{"line":72,"column":5}},"type":"if","locations":[{"start":{"line":68,"column":4},"end":{"line":72,"column":5}},{"start":{},"end":{}}],"line":68}},"s":{"0":0,"1":0,"2":0,"3":0,"4":0,"5":0,"6":0,"7":0,"8":0,"9":0,"10":0,"11":0,"12":0,"13":0,"14":0,"15":0,"16":0,"17":0,"18":0,"19":0,"20":0,"21":0,"22":0,"23":0,"24":0,"25":0,"26":0,"27":0,"28":0,"29":0,"30":0,"31":0,"32":0,"33":0,"34":0,"35":0},"f":{"0":0,"1":0,"2":0,"3":0,"4":0,"5":0,"6":0},"b":{"0":[0,0],"1":[0,0],"2":[0,0],"3":[0,0],"4":[0,0],"5":[0,0]},"inputSourceMap":null}
,"/home/eevan/ProyectosIA/SIST_VOUCHERS_HOTEL/vouchers-hostal-playa-norte/backend/src/config/environment.js": {"path":"/home/eevan/ProyectosIA/SIST_VOUCHERS_HOTEL/vouchers-hostal-playa-norte/backend/src/config/environment.js","statementMap":{"0":{"start":{"line":1,"column":15},"end":{"line":1,"column":32}},"1":{"start":{"line":2,"column":14},"end":{"line":2,"column":28}},"2":{"start":{"line":3,"column":19},"end":{"line":3,"column":38}},"3":{"start":{"line":6,"column":0},"end":{"line":6,"column":16}},"4":{"start":{"line":9,"column":18},"end":{"line":35,"column":2}},"5":{"start":{"line":20,"column":47},"end":{"line":20,"column":61}},"6":{"start":{"line":26,"column":51},"end":{"line":26,"column":65}},"7":{"start":{"line":39,"column":0},"end":{"line":58,"column":1}},"8":{"start":{"line":40,"column":2},"end":{"line":40,"column":40}},"9":{"start":{"line":43,"column":2},"end":{"line":43,"column":29}},"10":{"start":{"line":45,"column":2},"end":{"line":49,"column":5}},"11":{"start":{"line":51,"column":2},"end":{"line":54,"column":5}},"12":{"start":{"line":55,"column":2},"end":{"line":57,"column":3}},"13":{"start":{"line":56,"column":4},"end":{"line":56,"column":20}},"14":{"start":{"line":60,"column":0},"end":{"line":60,"column":24}}},"fnMap":{"0":{"name":"(anonymous_0)","decl":{"start":{"line":20,"column":40},"end":{"line":20,"column":41}},"loc":{"start":{"line":20,"column":47},"end":{"line":20,"column":61}},"line":20},"1":{"name":"(anonymous_1)","decl":{"start":{"line":26,"column":44},"end":{"line":26,"column":45}},"loc":{"start":{"line":26,"column":51},"end":{"line":26,"column":65}},"line":26}},"branchMap":{"0":{"loc":{"start":{"line":55,"column":2},"end":{"line":57,"column":3}},"type":"if","locations":[{"start":{"line":55,"column":2},"end":{"line":57,"column":3}},{"start":{},"end":{}}],"line":55}},"s":{"0":0,"1":0,"2":0,"3":0,"4":0,"5":0,"6":0,"7":0,"8":0,"9":0,"10":0,"11":0,"12":0,"13":0,"14":0},"f":{"0":0,"1":0},"b":{"0":[0,0]},"inputSourceMap":null}
,"/home/eevan/ProyectosIA/SIST_VOUCHERS_HOTEL/vouchers-hostal-playa-norte/backend/src/config/logger.js": {"path":"/home/eevan/ProyectosIA/SIST_VOUCHERS_HOTEL/vouchers-hostal-playa-norte/backend/src/config/logger.js","statementMap":{"0":{"start":{"line":1,"column":16},"end":{"line":1,"column":34}},"1":{"start":{"line":2,"column":13},"end":{"line":2,"column":28}},"2":{"start":{"line":3,"column":11},"end":{"line":3,"column":24}},"3":{"start":{"line":6,"column":15},"end":{"line":6,"column":49}},"4":{"start":{"line":7,"column":0},"end":{"line":9,"column":1}},"5":{"start":{"line":8,"column":2},"end":{"line":8,"column":44}},"6":{"start":{"line":12,"column":21},"end":{"line":18,"column":1}},"7":{"start":{"line":21,"column":15},"end":{"line":44,"column":2}},"8":{"start":{"line":47,"column":0},"end":{"line":54,"column":1}},"9":{"start":{"line":48,"column":2},"end":{"line":53,"column":6}},"10":{"start":{"line":57,"column":20},"end":{"line":71,"column":2}},"11":{"start":{"line":73,"column":0},"end":{"line":73,"column":41}}},"fnMap":{},"branchMap":{"0":{"loc":{"start":{"line":7,"column":0},"end":{"line":9,"column":1}},"type":"if","locations":[{"start":{"line":7,"column":0},"end":{"line":9,"column":1}},{"start":{},"end":{}}],"line":7},"1":{"loc":{"start":{"line":22,"column":9},"end":{"line":22,"column":40}},"type":"binary-expr","locations":[{"start":{"line":22,"column":9},"end":{"line":22,"column":30}},{"start":{"line":22,"column":34},"end":{"line":22,"column":40}}],"line":22},"2":{"loc":{"start":{"line":26,"column":13},"end":{"line":26,"column":47}},"type":"binary-expr","locations":[{"start":{"line":26,"column":13},"end":{"line":26,"column":36}},{"start":{"line":26,"column":40},"end":{"line":26,"column":47}}],"line":26},"3":{"loc":{"start":{"line":27,"column":17},"end":{"line":27,"column":54}},"type":"binary-expr","locations":[{"start":{"line":27,"column":17},"end":{"line":27,"column":37}},{"start":{"line":27,"column":41},"end":{"line":27,"column":54}}],"line":27},"4":{"loc":{"start":{"line":32,"column":16},"end":{"line":32,"column":62}},"type":"binary-expr","locations":[{"start":{"line":32,"column":16},"end":{"line":32,"column":42}},{"start":{"line":32,"column":46},"end":{"line":32,"column":62}}],"line":32},"5":{"loc":{"start":{"line":39,"column":16},"end":{"line":39,"column":68}},"type":"binary-expr","locations":[{"start":{"line":39,"column":16},"end":{"line":39,"column":45}},{"start":{"line":39,"column":49},"end":{"line":39,"column":68}}],"line":39},"6":{"loc":{"start":{"line":47,"column":0},"end":{"line":54,"column":1}},"type":"if","locations":[{"start":{"line":47,"column":0},"end":{"line":54,"column":1}},{"start":{},"end":{}}],"line":47}},"s":{"0":0,"1":0,"2":0,"3":0,"4":0,"5":0,"6":0,"7":0,"8":0,"9":0,"10":0,"11":0},"f":{},"b":{"0":[0,0],"1":[0,0],"2":[0,0],"3":[0,0],"4":[0,0],"5":[0,0],"6":[0,0]},"inputSourceMap":null}
,"/home/eevan/ProyectosIA/SIST_VOUCHERS_HOTEL/vouchers-hostal-playa-norte/backend/src/domain/entities/Order.js": {"path":"/home/eevan/ProyectosIA/SIST_VOUCHERS_HOTEL/vouchers-hostal-playa-norte/backend/src/domain/entities/Order.js","statementMap":{"0":{"start":{"line":5,"column":24},"end":{"line":13,"column":2}},"1":{"start":{"line":16,"column":27},"end":{"line":28,"column":2}},"2":{"start":{"line":36,"column":4},"end":{"line":36,"column":35}},"3":{"start":{"line":37,"column":4},"end":{"line":37,"column":31}},"4":{"start":{"line":38,"column":4},"end":{"line":38,"column":41}},"5":{"start":{"line":39,"column":4},"end":{"line":39,"column":35}},"6":{"start":{"line":40,"column":4},"end":{"line":40,"column":34}},"7":{"start":{"line":41,"column":4},"end":{"line":41,"column":52}},"8":{"start":{"line":42,"column":4},"end":{"line":42,"column":44}},"9":{"start":{"line":43,"column":4},"end":{"line":43,"column":49}},"10":{"start":{"line":44,"column":4},"end":{"line":44,"column":35}},"11":{"start":{"line":45,"column":4},"end":{"line":45,"column":51}},"12":{"start":{"line":46,"column":4},"end":{"line":46,"column":51}},"13":{"start":{"line":53,"column":18},"end":{"line":60,"column":6}},"14":{"start":{"line":63,"column":4},"end":{"line":63,"column":30}},"15":{"start":{"line":64,"column":4},"end":{"line":64,"column":17}},"16":{"start":{"line":71,"column":4},"end":{"line":73,"column":5}},"17":{"start":{"line":72,"column":6},"end":{"line":72,"column":75}},"18":{"start":{"line":75,"column":21},"end":{"line":75,"column":41}},"19":{"start":{"line":76,"column":20},"end":{"line":84,"column":5}},"20":{"start":{"line":86,"column":4},"end":{"line":86,"column":35}},"21":{"start":{"line":87,"column":4},"end":{"line":87,"column":29}},"22":{"start":{"line":88,"column":4},"end":{"line":88,"column":29}},"23":{"start":{"line":89,"column":4},"end":{"line":89,"column":32}},"24":{"start":{"line":96,"column":4},"end":{"line":98,"column":5}},"25":{"start":{"line":97,"column":6},"end":{"line":97,"column":76}},"26":{"start":{"line":100,"column":4},"end":{"line":100,"column":57}},"27":{"start":{"line":100,"column":40},"end":{"line":100,"column":55}},"28":{"start":{"line":101,"column":4},"end":{"line":101,"column":29}},"29":{"start":{"line":102,"column":4},"end":{"line":102,"column":32}},"30":{"start":{"line":109,"column":4},"end":{"line":111,"column":5}},"31":{"start":{"line":110,"column":6},"end":{"line":110,"column":68}},"32":{"start":{"line":113,"column":17},"end":{"line":113,"column":54}},"33":{"start":{"line":113,"column":38},"end":{"line":113,"column":53}},"34":{"start":{"line":114,"column":4},"end":{"line":114,"column":53}},"35":{"start":{"line":114,"column":15},"end":{"line":114,"column":53}},"36":{"start":{"line":116,"column":4},"end":{"line":116,"column":28}},"37":{"start":{"line":117,"column":4},"end":{"line":117,"column":51}},"38":{"start":{"line":118,"column":4},"end":{"line":118,"column":29}},"39":{"start":{"line":119,"column":4},"end":{"line":119,"column":32}},"40":{"start":{"line":126,"column":4},"end":{"line":128,"column":5}},"41":{"start":{"line":127,"column":6},"end":{"line":127,"column":68}},"42":{"start":{"line":130,"column":17},"end":{"line":130,"column":54}},"43":{"start":{"line":130,"column":38},"end":{"line":130,"column":53}},"44":{"start":{"line":131,"column":4},"end":{"line":131,"column":53}},"45":{"start":{"line":131,"column":15},"end":{"line":131,"column":53}},"46":{"start":{"line":133,"column":4},"end":{"line":138,"column":5}},"47":{"start":{"line":134,"column":6},"end":{"line":134,"column":30}},"48":{"start":{"line":136,"column":6},"end":{"line":136,"column":30}},"49":{"start":{"line":137,"column":6},"end":{"line":137,"column":53}},"50":{"start":{"line":140,"column":4},"end":{"line":140,"column":29}},"51":{"start":{"line":141,"column":4},"end":{"line":141,"column":32}},"52":{"start":{"line":148,"column":4},"end":{"line":150,"column":5}},"53":{"start":{"line":149,"column":6},"end":{"line":149,"column":78}},"54":{"start":{"line":152,"column":4},"end":{"line":152,"column":35}},"55":{"start":{"line":153,"column":4},"end":{"line":153,"column":65}},"56":{"start":{"line":154,"column":4},"end":{"line":154,"column":29}},"57":{"start":{"line":155,"column":4},"end":{"line":155,"column":32}},"58":{"start":{"line":162,"column":4},"end":{"line":162,"column":74}},"59":{"start":{"line":162,"column":50},"end":{"line":162,"column":69}},"60":{"start":{"line":163,"column":4},"end":{"line":163,"column":68}},"61":{"start":{"line":170,"column":4},"end":{"line":172,"column":5}},"62":{"start":{"line":171,"column":6},"end":{"line":171,"column":80}},"63":{"start":{"line":173,"column":4},"end":{"line":175,"column":5}},"64":{"start":{"line":174,"column":6},"end":{"line":174,"column":67}},"65":{"start":{"line":177,"column":4},"end":{"line":177,"column":30}},"66":{"start":{"line":178,"column":4},"end":{"line":178,"column":32}},"67":{"start":{"line":185,"column":4},"end":{"line":187,"column":5}},"68":{"start":{"line":186,"column":6},"end":{"line":186,"column":79}},"69":{"start":{"line":189,"column":4},"end":{"line":189,"column":30}},"70":{"start":{"line":190,"column":4},"end":{"line":190,"column":24}},"71":{"start":{"line":191,"column":4},"end":{"line":191,"column":32}},"72":{"start":{"line":198,"column":4},"end":{"line":207,"column":6}},"73":{"start":{"line":201,"column":49},"end":{"line":201,"column":68}},"74":{"start":{"line":214,"column":4},"end":{"line":226,"column":6}},"75":{"start":{"line":233,"column":4},"end":{"line":237,"column":7}}},"fnMap":{"0":{"name":"(anonymous_0)","decl":{"start":{"line":35,"column":2},"end":{"line":35,"column":3}},"loc":{"start":{"line":35,"column":21},"end":{"line":47,"column":3}},"line":35},"1":{"name":"(anonymous_1)","decl":{"start":{"line":52,"column":2},"end":{"line":52,"column":3}},"loc":{"start":{"line":52,"column":40},"end":{"line":65,"column":3}},"line":52},"2":{"name":"(anonymous_2)","decl":{"start":{"line":70,"column":2},"end":{"line":70,"column":3}},"loc":{"start":{"line":70,"column":61},"end":{"line":90,"column":3}},"line":70},"3":{"name":"(anonymous_3)","decl":{"start":{"line":95,"column":2},"end":{"line":95,"column":3}},"loc":{"start":{"line":95,"column":21},"end":{"line":103,"column":3}},"line":95},"4":{"name":"(anonymous_4)","decl":{"start":{"line":100,"column":35},"end":{"line":100,"column":36}},"loc":{"start":{"line":100,"column":40},"end":{"line":100,"column":55}},"line":100},"5":{"name":"(anonymous_5)","decl":{"start":{"line":108,"column":2},"end":{"line":108,"column":3}},"loc":{"start":{"line":108,"column":43},"end":{"line":120,"column":3}},"line":108},"6":{"name":"(anonymous_6)","decl":{"start":{"line":113,"column":33},"end":{"line":113,"column":34}},"loc":{"start":{"line":113,"column":38},"end":{"line":113,"column":53}},"line":113},"7":{"name":"(anonymous_7)","decl":{"start":{"line":125,"column":2},"end":{"line":125,"column":3}},"loc":{"start":{"line":125,"column":43},"end":{"line":142,"column":3}},"line":125},"8":{"name":"(anonymous_8)","decl":{"start":{"line":130,"column":33},"end":{"line":130,"column":34}},"loc":{"start":{"line":130,"column":38},"end":{"line":130,"column":53}},"line":130},"9":{"name":"(anonymous_9)","decl":{"start":{"line":147,"column":2},"end":{"line":147,"column":3}},"loc":{"start":{"line":147,"column":48},"end":{"line":156,"column":3}},"line":147},"10":{"name":"(anonymous_10)","decl":{"start":{"line":161,"column":2},"end":{"line":161,"column":3}},"loc":{"start":{"line":161,"column":22},"end":{"line":164,"column":3}},"line":161},"11":{"name":"(anonymous_11)","decl":{"start":{"line":162,"column":35},"end":{"line":162,"column":36}},"loc":{"start":{"line":162,"column":50},"end":{"line":162,"column":69}},"line":162},"12":{"name":"(anonymous_12)","decl":{"start":{"line":169,"column":2},"end":{"line":169,"column":3}},"loc":{"start":{"line":169,"column":13},"end":{"line":179,"column":3}},"line":169},"13":{"name":"(anonymous_13)","decl":{"start":{"line":184,"column":2},"end":{"line":184,"column":3}},"loc":{"start":{"line":184,"column":22},"end":{"line":192,"column":3}},"line":184},"14":{"name":"(anonymous_14)","decl":{"start":{"line":197,"column":2},"end":{"line":197,"column":3}},"loc":{"start":{"line":197,"column":15},"end":{"line":208,"column":3}},"line":197},"15":{"name":"(anonymous_15)","decl":{"start":{"line":201,"column":34},"end":{"line":201,"column":35}},"loc":{"start":{"line":201,"column":49},"end":{"line":201,"column":68}},"line":201},"16":{"name":"(anonymous_16)","decl":{"start":{"line":213,"column":2},"end":{"line":213,"column":3}},"loc":{"start":{"line":213,"column":11},"end":{"line":227,"column":3}},"line":213},"17":{"name":"(anonymous_17)","decl":{"start":{"line":232,"column":2},"end":{"line":232,"column":3}},"loc":{"start":{"line":232,"column":28},"end":{"line":238,"column":3}},"line":232}},"branchMap":{"0":{"loc":{"start":{"line":36,"column":14},"end":{"line":36,"column":34}},"type":"binary-expr","locations":[{"start":{"line":36,"column":14},"end":{"line":36,"column":22}},{"start":{"line":36,"column":26},"end":{"line":36,"column":34}}],"line":36},"1":{"loc":{"start":{"line":38,"column":18},"end":{"line":38,"column":40}},"type":"binary-expr","locations":[{"start":{"line":38,"column":18},"end":{"line":38,"column":30}},{"start":{"line":38,"column":34},"end":{"line":38,"column":40}}],"line":38},"2":{"loc":{"start":{"line":39,"column":17},"end":{"line":39,"column":34}},"type":"binary-expr","locations":[{"start":{"line":39,"column":17},"end":{"line":39,"column":28}},{"start":{"line":39,"column":32},"end":{"line":39,"column":34}}],"line":39},"3":{"loc":{"start":{"line":40,"column":17},"end":{"line":40,"column":33}},"type":"binary-expr","locations":[{"start":{"line":40,"column":17},"end":{"line":40,"column":28}},{"start":{"line":40,"column":32},"end":{"line":40,"column":33}}],"line":40},"4":{"loc":{"start":{"line":41,"column":26},"end":{"line":41,"column":51}},"type":"binary-expr","locations":[{"start":{"line":41,"column":26},"end":{"line":41,"column":46}},{"start":{"line":41,"column":50},"end":{"line":41,"column":51}}],"line":41},"5":{"loc":{"start":{"line":42,"column":22},"end":{"line":42,"column":43}},"type":"binary-expr","locations":[{"start":{"line":42,"column":22},"end":{"line":42,"column":38}},{"start":{"line":42,"column":42},"end":{"line":42,"column":43}}],"line":42},"6":{"loc":{"start":{"line":43,"column":24},"end":{"line":43,"column":48}},"type":"binary-expr","locations":[{"start":{"line":43,"column":24},"end":{"line":43,"column":42}},{"start":{"line":43,"column":46},"end":{"line":43,"column":48}}],"line":43},"7":{"loc":{"start":{"line":44,"column":17},"end":{"line":44,"column":34}},"type":"binary-expr","locations":[{"start":{"line":44,"column":17},"end":{"line":44,"column":28}},{"start":{"line":44,"column":32},"end":{"line":44,"column":34}}],"line":44},"8":{"loc":{"start":{"line":45,"column":21},"end":{"line":45,"column":50}},"type":"binary-expr","locations":[{"start":{"line":45,"column":21},"end":{"line":45,"column":36}},{"start":{"line":45,"column":40},"end":{"line":45,"column":50}}],"line":45},"9":{"loc":{"start":{"line":46,"column":21},"end":{"line":46,"column":50}},"type":"binary-expr","locations":[{"start":{"line":46,"column":21},"end":{"line":46,"column":36}},{"start":{"line":46,"column":40},"end":{"line":46,"column":50}}],"line":46},"10":{"loc":{"start":{"line":52,"column":26},"end":{"line":52,"column":36}},"type":"default-arg","locations":[{"start":{"line":52,"column":34},"end":{"line":52,"column":36}}],"line":52},"11":{"loc":{"start":{"line":71,"column":4},"end":{"line":73,"column":5}},"type":"if","locations":[{"start":{"line":71,"column":4},"end":{"line":73,"column":5}},{"start":{},"end":{}}],"line":71},"12":{"loc":{"start":{"line":96,"column":4},"end":{"line":98,"column":5}},"type":"if","locations":[{"start":{"line":96,"column":4},"end":{"line":98,"column":5}},{"start":{},"end":{}}],"line":96},"13":{"loc":{"start":{"line":108,"column":31},"end":{"line":108,"column":41}},"type":"default-arg","locations":[{"start":{"line":108,"column":40},"end":{"line":108,"column":41}}],"line":108},"14":{"loc":{"start":{"line":109,"column":4},"end":{"line":111,"column":5}},"type":"if","locations":[{"start":{"line":109,"column":4},"end":{"line":111,"column":5}},{"start":{},"end":{}}],"line":109},"15":{"loc":{"start":{"line":114,"column":4},"end":{"line":114,"column":53}},"type":"if","locations":[{"start":{"line":114,"column":4},"end":{"line":114,"column":53}},{"start":{},"end":{}}],"line":114},"16":{"loc":{"start":{"line":125,"column":31},"end":{"line":125,"column":41}},"type":"default-arg","locations":[{"start":{"line":125,"column":40},"end":{"line":125,"column":41}}],"line":125},"17":{"loc":{"start":{"line":126,"column":4},"end":{"line":128,"column":5}},"type":"if","locations":[{"start":{"line":126,"column":4},"end":{"line":128,"column":5}},{"start":{},"end":{}}],"line":126},"18":{"loc":{"start":{"line":131,"column":4},"end":{"line":131,"column":53}},"type":"if","locations":[{"start":{"line":131,"column":4},"end":{"line":131,"column":53}},{"start":{},"end":{}}],"line":131},"19":{"loc":{"start":{"line":133,"column":4},"end":{"line":138,"column":5}},"type":"if","locations":[{"start":{"line":133,"column":4},"end":{"line":138,"column":5}},{"start":{"line":135,"column":11},"end":{"line":138,"column":5}}],"line":133},"20":{"loc":{"start":{"line":148,"column":4},"end":{"line":150,"column":5}},"type":"if","locations":[{"start":{"line":148,"column":4},"end":{"line":150,"column":5}},{"start":{},"end":{}}],"line":148},"21":{"loc":{"start":{"line":170,"column":4},"end":{"line":172,"column":5}},"type":"if","locations":[{"start":{"line":170,"column":4},"end":{"line":172,"column":5}},{"start":{},"end":{}}],"line":170},"22":{"loc":{"start":{"line":173,"column":4},"end":{"line":175,"column":5}},"type":"if","locations":[{"start":{"line":173,"column":4},"end":{"line":175,"column":5}},{"start":{},"end":{}}],"line":173},"23":{"loc":{"start":{"line":184,"column":9},"end":{"line":184,"column":20}},"type":"default-arg","locations":[{"start":{"line":184,"column":18},"end":{"line":184,"column":20}}],"line":184},"24":{"loc":{"start":{"line":185,"column":4},"end":{"line":187,"column":5}},"type":"if","locations":[{"start":{"line":185,"column":4},"end":{"line":187,"column":5}},{"start":{},"end":{}}],"line":185}},"s":{"0":1,"1":1,"2":19,"3":19,"4":19,"5":19,"6":19,"7":19,"8":19,"9":19,"10":19,"11":19,"12":19,"13":18,"14":18,"15":18,"16":13,"17":0,"18":13,"19":13,"20":13,"21":13,"22":13,"23":13,"24":2,"25":0,"26":2,"27":2,"28":2,"29":2,"30":1,"31":0,"32":1,"33":1,"34":1,"35":0,"36":1,"37":1,"38":1,"39":1,"40":2,"41":0,"42":2,"43":2,"44":2,"45":0,"46":2,"47":1,"48":1,"49":1,"50":2,"51":2,"52":2,"53":0,"54":2,"55":2,"56":2,"57":2,"58":38,"59":19,"60":38,"61":5,"62":1,"63":4,"64":1,"65":3,"66":3,"67":2,"68":0,"69":2,"70":2,"71":2,"72":1,"73":1,"74":1,"75":1},"f":{"0":19,"1":18,"2":13,"3":2,"4":2,"5":1,"6":1,"7":2,"8":2,"9":2,"10":38,"11":19,"12":5,"13":2,"14":1,"15":1,"16":1,"17":1},"b":{"0":[19,0],"1":[19,0],"2":[19,0],"3":[19,19],"4":[19,19],"5":[19,19],"6":[19,18],"7":[19,19],"8":[19,0],"9":[19,0],"10":[0],"11":[0,13],"12":[0,2],"13":[0],"14":[0,1],"15":[0,1],"16":[0],"17":[0,2],"18":[0,2],"19":[1,1],"20":[0,2],"21":[1,4],"22":[1,3],"23":[0],"24":[0,2]},"inputSourceMap":null,"_coverageSchema":"1a1c01bbd47fc00a2c39e90264f33305004495a9","hash":"570a4abe91c475c2f25cccbff3f60dbd5a3610f8"}
,"/home/eevan/ProyectosIA/SIST_VOUCHERS_HOTEL/vouchers-hostal-playa-norte/backend/src/domain/entities/Stay.js": {"path":"/home/eevan/ProyectosIA/SIST_VOUCHERS_HOTEL/vouchers-hostal-playa-norte/backend/src/domain/entities/Stay.js","statementMap":{"0":{"start":{"line":15,"column":19},"end":{"line":31,"column":2}},"1":{"start":{"line":16,"column":49},"end":{"line":16,"column":57}},"2":{"start":{"line":29,"column":36},"end":{"line":29,"column":46}},"3":{"start":{"line":30,"column":36},"end":{"line":30,"column":46}},"4":{"start":{"line":41,"column":4},"end":{"line":43,"column":5}},"5":{"start":{"line":42,"column":6},"end":{"line":42,"column":74}},"6":{"start":{"line":45,"column":22},"end":{"line":45,"column":44}},"7":{"start":{"line":46,"column":4},"end":{"line":46,"column":35}},"8":{"start":{"line":55,"column":4},"end":{"line":55,"column":26}},"9":{"start":{"line":63,"column":21},"end":{"line":63,"column":67}},"10":{"start":{"line":64,"column":4},"end":{"line":64,"column":55}},"11":{"start":{"line":73,"column":19},"end":{"line":73,"column":41}},"12":{"start":{"line":74,"column":4},"end":{"line":74,"column":28}},"13":{"start":{"line":82,"column":4},"end":{"line":82,"column":36}},"14":{"start":{"line":90,"column":4},"end":{"line":90,"column":39}},"15":{"start":{"line":98,"column":4},"end":{"line":98,"column":39}},"16":{"start":{"line":106,"column":16},"end":{"line":106,"column":26}},"17":{"start":{"line":107,"column":4},"end":{"line":107,"column":43}},"18":{"start":{"line":107,"column":34},"end":{"line":107,"column":43}},"19":{"start":{"line":108,"column":4},"end":{"line":108,"column":62}},"20":{"start":{"line":108,"column":32},"end":{"line":108,"column":62}},"21":{"start":{"line":110,"column":21},"end":{"line":110,"column":54}},"22":{"start":{"line":111,"column":4},"end":{"line":111,"column":55}},"23":{"start":{"line":119,"column":18},"end":{"line":119,"column":28}},"24":{"start":{"line":120,"column":4},"end":{"line":120,"column":31}},"25":{"start":{"line":121,"column":20},"end":{"line":121,"column":46}},"26":{"start":{"line":122,"column":4},"end":{"line":122,"column":33}},"27":{"start":{"line":123,"column":4},"end":{"line":123,"column":49}},"28":{"start":{"line":131,"column":18},"end":{"line":131,"column":28}},"29":{"start":{"line":132,"column":4},"end":{"line":132,"column":31}},"30":{"start":{"line":133,"column":21},"end":{"line":133,"column":48}},"31":{"start":{"line":134,"column":4},"end":{"line":134,"column":34}},"32":{"start":{"line":135,"column":4},"end":{"line":135,"column":50}},"33":{"start":{"line":142,"column":4},"end":{"line":144,"column":5}},"34":{"start":{"line":143,"column":6},"end":{"line":143,"column":67}},"35":{"start":{"line":145,"column":4},"end":{"line":145,"column":27}},"36":{"start":{"line":146,"column":4},"end":{"line":146,"column":32}},"37":{"start":{"line":153,"column":4},"end":{"line":155,"column":5}},"38":{"start":{"line":154,"column":6},"end":{"line":154,"column":66}},"39":{"start":{"line":156,"column":4},"end":{"line":156,"column":30}},"40":{"start":{"line":157,"column":4},"end":{"line":157,"column":32}},"41":{"start":{"line":165,"column":4},"end":{"line":167,"column":5}},"42":{"start":{"line":166,"column":6},"end":{"line":166,"column":68}},"43":{"start":{"line":168,"column":4},"end":{"line":168,"column":30}},"44":{"start":{"line":169,"column":4},"end":{"line":169,"column":52}},"45":{"start":{"line":169,"column":16},"end":{"line":169,"column":52}},"46":{"start":{"line":170,"column":4},"end":{"line":170,"column":32}},"47":{"start":{"line":178,"column":4},"end":{"line":180,"column":5}},"48":{"start":{"line":179,"column":6},"end":{"line":179,"column":64}},"49":{"start":{"line":181,"column":4},"end":{"line":181,"column":26}},"50":{"start":{"line":182,"column":4},"end":{"line":182,"column":32}},"51":{"start":{"line":190,"column":4},"end":{"line":209,"column":6}},"52":{"start":{"line":217,"column":4},"end":{"line":233,"column":6}},"53":{"start":{"line":242,"column":4},"end":{"line":248,"column":7}}},"fnMap":{"0":{"name":"(anonymous_0)","decl":{"start":{"line":16,"column":43},"end":{"line":16,"column":44}},"loc":{"start":{"line":16,"column":49},"end":{"line":16,"column":57}},"line":16},"1":{"name":"(anonymous_1)","decl":{"start":{"line":29,"column":30},"end":{"line":29,"column":31}},"loc":{"start":{"line":29,"column":36},"end":{"line":29,"column":46}},"line":29},"2":{"name":"(anonymous_2)","decl":{"start":{"line":30,"column":30},"end":{"line":30,"column":31}},"loc":{"start":{"line":30,"column":36},"end":{"line":30,"column":46}},"line":30},"3":{"name":"(anonymous_3)","decl":{"start":{"line":39,"column":2},"end":{"line":39,"column":3}},"loc":{"start":{"line":39,"column":20},"end":{"line":47,"column":3}},"line":39},"4":{"name":"(anonymous_4)","decl":{"start":{"line":54,"column":2},"end":{"line":54,"column":3}},"loc":{"start":{"line":54,"column":22},"end":{"line":56,"column":3}},"line":54},"5":{"name":"(anonymous_5)","decl":{"start":{"line":62,"column":2},"end":{"line":62,"column":3}},"loc":{"start":{"line":62,"column":20},"end":{"line":65,"column":3}},"line":62},"6":{"name":"(anonymous_6)","decl":{"start":{"line":72,"column":2},"end":{"line":72,"column":3}},"loc":{"start":{"line":72,"column":31},"end":{"line":75,"column":3}},"line":72},"7":{"name":"(anonymous_7)","decl":{"start":{"line":81,"column":2},"end":{"line":81,"column":3}},"loc":{"start":{"line":81,"column":13},"end":{"line":83,"column":3}},"line":81},"8":{"name":"(anonymous_8)","decl":{"start":{"line":89,"column":2},"end":{"line":89,"column":3}},"loc":{"start":{"line":89,"column":16},"end":{"line":91,"column":3}},"line":89},"9":{"name":"(anonymous_9)","decl":{"start":{"line":97,"column":2},"end":{"line":97,"column":3}},"loc":{"start":{"line":97,"column":16},"end":{"line":99,"column":3}},"line":97},"10":{"name":"(anonymous_10)","decl":{"start":{"line":105,"column":2},"end":{"line":105,"column":3}},"loc":{"start":{"line":105,"column":21},"end":{"line":112,"column":3}},"line":105},"11":{"name":"(anonymous_11)","decl":{"start":{"line":118,"column":2},"end":{"line":118,"column":3}},"loc":{"start":{"line":118,"column":19},"end":{"line":124,"column":3}},"line":118},"12":{"name":"(anonymous_12)","decl":{"start":{"line":130,"column":2},"end":{"line":130,"column":3}},"loc":{"start":{"line":130,"column":20},"end":{"line":136,"column":3}},"line":130},"13":{"name":"(anonymous_13)","decl":{"start":{"line":141,"column":2},"end":{"line":141,"column":3}},"loc":{"start":{"line":141,"column":13},"end":{"line":147,"column":3}},"line":141},"14":{"name":"(anonymous_14)","decl":{"start":{"line":152,"column":2},"end":{"line":152,"column":3}},"loc":{"start":{"line":152,"column":13},"end":{"line":158,"column":3}},"line":152},"15":{"name":"(anonymous_15)","decl":{"start":{"line":164,"column":2},"end":{"line":164,"column":3}},"loc":{"start":{"line":164,"column":17},"end":{"line":171,"column":3}},"line":164},"16":{"name":"(anonymous_16)","decl":{"start":{"line":177,"column":2},"end":{"line":177,"column":3}},"loc":{"start":{"line":177,"column":24},"end":{"line":183,"column":3}},"line":177},"17":{"name":"(anonymous_17)","decl":{"start":{"line":189,"column":2},"end":{"line":189,"column":3}},"loc":{"start":{"line":189,"column":11},"end":{"line":210,"column":3}},"line":189},"18":{"name":"(anonymous_18)","decl":{"start":{"line":216,"column":2},"end":{"line":216,"column":3}},"loc":{"start":{"line":216,"column":18},"end":{"line":234,"column":3}},"line":216},"19":{"name":"(anonymous_19)","decl":{"start":{"line":241,"column":2},"end":{"line":241,"column":3}},"loc":{"start":{"line":241,"column":31},"end":{"line":249,"column":3}},"line":241}},"branchMap":{"0":{"loc":{"start":{"line":41,"column":4},"end":{"line":43,"column":5}},"type":"if","locations":[{"start":{"line":41,"column":4},"end":{"line":43,"column":5}},{"start":{},"end":{}}],"line":41},"1":{"loc":{"start":{"line":107,"column":4},"end":{"line":107,"column":43}},"type":"if","locations":[{"start":{"line":107,"column":4},"end":{"line":107,"column":43}},{"start":{},"end":{}}],"line":107},"2":{"loc":{"start":{"line":108,"column":4},"end":{"line":108,"column":62}},"type":"if","locations":[{"start":{"line":108,"column":4},"end":{"line":108,"column":62}},{"start":{},"end":{}}],"line":108},"3":{"loc":{"start":{"line":142,"column":4},"end":{"line":144,"column":5}},"type":"if","locations":[{"start":{"line":142,"column":4},"end":{"line":144,"column":5}},{"start":{},"end":{}}],"line":142},"4":{"loc":{"start":{"line":153,"column":4},"end":{"line":155,"column":5}},"type":"if","locations":[{"start":{"line":153,"column":4},"end":{"line":155,"column":5}},{"start":{},"end":{}}],"line":153},"5":{"loc":{"start":{"line":165,"column":4},"end":{"line":167,"column":5}},"type":"if","locations":[{"start":{"line":165,"column":4},"end":{"line":167,"column":5}},{"start":{},"end":{}}],"line":165},"6":{"loc":{"start":{"line":169,"column":4},"end":{"line":169,"column":52}},"type":"if","locations":[{"start":{"line":169,"column":4},"end":{"line":169,"column":52}},{"start":{},"end":{}}],"line":169},"7":{"loc":{"start":{"line":178,"column":4},"end":{"line":180,"column":5}},"type":"if","locations":[{"start":{"line":178,"column":4},"end":{"line":180,"column":5}},{"start":{},"end":{}}],"line":178},"8":{"loc":{"start":{"line":178,"column":8},"end":{"line":178,"column":41}},"type":"binary-expr","locations":[{"start":{"line":178,"column":8},"end":{"line":178,"column":16}},{"start":{"line":178,"column":20},"end":{"line":178,"column":41}}],"line":178},"9":{"loc":{"start":{"line":230,"column":13},"end":{"line":230,"column":31}},"type":"binary-expr","locations":[{"start":{"line":230,"column":13},"end":{"line":230,"column":23}},{"start":{"line":230,"column":27},"end":{"line":230,"column":31}}],"line":230}},"s":{"0":1,"1":13,"2":13,"3":13,"4":15,"5":1,"6":14,"7":12,"8":14,"9":2,"10":2,"11":0,"12":0,"13":5,"14":4,"15":2,"16":2,"17":2,"18":1,"19":1,"20":1,"21":0,"22":0,"23":1,"24":1,"25":1,"26":1,"27":1,"28":1,"29":1,"30":1,"31":1,"32":1,"33":4,"34":1,"35":3,"36":3,"37":3,"38":1,"39":2,"40":2,"41":2,"42":1,"43":1,"44":1,"45":1,"46":1,"47":0,"48":0,"49":0,"50":0,"51":1,"52":1,"53":1},"f":{"0":13,"1":13,"2":13,"3":15,"4":14,"5":2,"6":0,"7":5,"8":4,"9":2,"10":2,"11":1,"12":1,"13":4,"14":3,"15":2,"16":0,"17":1,"18":1,"19":1},"b":{"0":[1,14],"1":[1,1],"2":[1,0],"3":[1,3],"4":[1,2],"5":[1,1],"6":[1,0],"7":[0,0],"8":[0,0],"9":[1,1]},"inputSourceMap":null,"_coverageSchema":"1a1c01bbd47fc00a2c39e90264f33305004495a9","hash":"b8d00c8e55929db3c04e0270443cc169d70dc279"}
,"/home/eevan/ProyectosIA/SIST_VOUCHERS_HOTEL/vouchers-hostal-playa-norte/backend/src/domain/entities/User.js": {"path":"/home/eevan/ProyectosIA/SIST_VOUCHERS_HOTEL/vouchers-hostal-playa-norte/backend/src/domain/entities/User.js","statementMap":{"0":{"start":{"line":15,"column":19},"end":{"line":26,"column":2}},"1":{"start":{"line":16,"column":49},"end":{"line":16,"column":57}},"2":{"start":{"line":24,"column":36},"end":{"line":24,"column":46}},"3":{"start":{"line":25,"column":36},"end":{"line":25,"column":46}},"4":{"start":{"line":36,"column":22},"end":{"line":36,"column":44}},"5":{"start":{"line":38,"column":4},"end":{"line":38,"column":35}},"6":{"start":{"line":47,"column":4},"end":{"line":47,"column":26}},"7":{"start":{"line":55,"column":4},"end":{"line":55,"column":55}},"8":{"start":{"line":63,"column":4},"end":{"line":63,"column":33}},"9":{"start":{"line":71,"column":4},"end":{"line":71,"column":51}},"10":{"start":{"line":79,"column":4},"end":{"line":79,"column":58}},"11":{"start":{"line":88,"column":28},"end":{"line":88,"column":48}},"12":{"start":{"line":90,"column":4},"end":{"line":123,"column":5}},"13":{"start":{"line":92,"column":8},"end":{"line":101,"column":10}},"14":{"start":{"line":103,"column":8},"end":{"line":108,"column":10}},"15":{"start":{"line":110,"column":8},"end":{"line":114,"column":10}},"16":{"start":{"line":117,"column":8},"end":{"line":122,"column":10}},"17":{"start":{"line":130,"column":4},"end":{"line":130,"column":25}},"18":{"start":{"line":131,"column":4},"end":{"line":131,"column":32}},"19":{"start":{"line":138,"column":4},"end":{"line":138,"column":26}},"20":{"start":{"line":139,"column":4},"end":{"line":139,"column":32}},"21":{"start":{"line":147,"column":4},"end":{"line":149,"column":5}},"22":{"start":{"line":148,"column":6},"end":{"line":148,"column":50}},"23":{"start":{"line":150,"column":4},"end":{"line":150,"column":24}},"24":{"start":{"line":151,"column":4},"end":{"line":151,"column":32}},"25":{"start":{"line":159,"column":38},"end":{"line":159,"column":42}},"26":{"start":{"line":160,"column":4},"end":{"line":160,"column":16}},"27":{"start":{"line":168,"column":4},"end":{"line":179,"column":6}},"28":{"start":{"line":188,"column":4},"end":{"line":193,"column":7}}},"fnMap":{"0":{"name":"(anonymous_0)","decl":{"start":{"line":16,"column":43},"end":{"line":16,"column":44}},"loc":{"start":{"line":16,"column":49},"end":{"line":16,"column":57}},"line":16},"1":{"name":"(anonymous_1)","decl":{"start":{"line":24,"column":30},"end":{"line":24,"column":31}},"loc":{"start":{"line":24,"column":36},"end":{"line":24,"column":46}},"line":24},"2":{"name":"(anonymous_2)","decl":{"start":{"line":25,"column":30},"end":{"line":25,"column":31}},"loc":{"start":{"line":25,"column":36},"end":{"line":25,"column":46}},"line":25},"3":{"name":"(anonymous_3)","decl":{"start":{"line":34,"column":2},"end":{"line":34,"column":3}},"loc":{"start":{"line":34,"column":20},"end":{"line":39,"column":3}},"line":34},"4":{"name":"(anonymous_4)","decl":{"start":{"line":46,"column":2},"end":{"line":46,"column":3}},"loc":{"start":{"line":46,"column":22},"end":{"line":48,"column":3}},"line":46},"5":{"name":"(anonymous_5)","decl":{"start":{"line":54,"column":2},"end":{"line":54,"column":3}},"loc":{"start":{"line":54,"column":16},"end":{"line":56,"column":3}},"line":54},"6":{"name":"(anonymous_6)","decl":{"start":{"line":62,"column":2},"end":{"line":62,"column":3}},"loc":{"start":{"line":62,"column":12},"end":{"line":64,"column":3}},"line":62},"7":{"name":"(anonymous_7)","decl":{"start":{"line":70,"column":2},"end":{"line":70,"column":3}},"loc":{"start":{"line":70,"column":12},"end":{"line":72,"column":3}},"line":70},"8":{"name":"(anonymous_8)","decl":{"start":{"line":78,"column":2},"end":{"line":78,"column":3}},"loc":{"start":{"line":78,"column":18},"end":{"line":80,"column":3}},"line":78},"9":{"name":"(anonymous_9)","decl":{"start":{"line":87,"column":2},"end":{"line":87,"column":3}},"loc":{"start":{"line":87,"column":19},"end":{"line":124,"column":3}},"line":87},"10":{"name":"(anonymous_10)","decl":{"start":{"line":129,"column":2},"end":{"line":129,"column":3}},"loc":{"start":{"line":129,"column":13},"end":{"line":132,"column":3}},"line":129},"11":{"name":"(anonymous_11)","decl":{"start":{"line":137,"column":2},"end":{"line":137,"column":3}},"loc":{"start":{"line":137,"column":15},"end":{"line":140,"column":3}},"line":137},"12":{"name":"(anonymous_12)","decl":{"start":{"line":146,"column":2},"end":{"line":146,"column":3}},"loc":{"start":{"line":146,"column":22},"end":{"line":152,"column":3}},"line":146},"13":{"name":"(anonymous_13)","decl":{"start":{"line":158,"column":2},"end":{"line":158,"column":3}},"loc":{"start":{"line":158,"column":11},"end":{"line":161,"column":3}},"line":158},"14":{"name":"(anonymous_14)","decl":{"start":{"line":167,"column":2},"end":{"line":167,"column":3}},"loc":{"start":{"line":167,"column":18},"end":{"line":180,"column":3}},"line":167},"15":{"name":"(anonymous_15)","decl":{"start":{"line":187,"column":2},"end":{"line":187,"column":3}},"loc":{"start":{"line":187,"column":31},"end":{"line":194,"column":3}},"line":187}},"branchMap":{"0":{"loc":{"start":{"line":71,"column":11},"end":{"line":71,"column":50}},"type":"binary-expr","locations":[{"start":{"line":71,"column":11},"end":{"line":71,"column":32}},{"start":{"line":71,"column":36},"end":{"line":71,"column":50}}],"line":71},"1":{"loc":{"start":{"line":79,"column":11},"end":{"line":79,"column":57}},"type":"binary-expr","locations":[{"start":{"line":79,"column":11},"end":{"line":79,"column":39}},{"start":{"line":79,"column":43},"end":{"line":79,"column":57}}],"line":79},"2":{"loc":{"start":{"line":90,"column":4},"end":{"line":123,"column":5}},"type":"switch","locations":[{"start":{"line":91,"column":6},"end":{"line":101,"column":10}},{"start":{"line":102,"column":6},"end":{"line":108,"column":10}},{"start":{"line":109,"column":6},"end":{"line":114,"column":10}},{"start":{"line":115,"column":6},"end":{"line":115,"column":19}},{"start":{"line":116,"column":6},"end":{"line":122,"column":10}}],"line":90},"3":{"loc":{"start":{"line":147,"column":4},"end":{"line":149,"column":5}},"type":"if","locations":[{"start":{"line":147,"column":4},"end":{"line":149,"column":5}},{"start":{},"end":{}}],"line":147},"4":{"loc":{"start":{"line":173,"column":13},"end":{"line":173,"column":31}},"type":"binary-expr","locations":[{"start":{"line":173,"column":13},"end":{"line":173,"column":23}},{"start":{"line":173,"column":27},"end":{"line":173,"column":31}}],"line":173},"5":{"loc":{"start":{"line":176,"column":16},"end":{"line":176,"column":37}},"type":"cond-expr","locations":[{"start":{"line":176,"column":32},"end":{"line":176,"column":33}},{"start":{"line":176,"column":36},"end":{"line":176,"column":37}}],"line":176}},"s":{"0":1,"1":14,"2":14,"3":14,"4":14,"5":12,"6":14,"7":1,"8":2,"9":0,"10":0,"11":2,"12":2,"13":1,"14":0,"15":0,"16":1,"17":1,"18":1,"19":1,"20":1,"21":2,"22":1,"23":1,"24":1,"25":1,"26":1,"27":0,"28":0},"f":{"0":14,"1":14,"2":14,"3":14,"4":14,"5":1,"6":2,"7":0,"8":0,"9":2,"10":1,"11":1,"12":2,"13":1,"14":0,"15":0},"b":{"0":[0,0],"1":[0,0],"2":[1,0,0,1,1],"3":[1,1],"4":[0,0],"5":[0,0]},"inputSourceMap":null,"_coverageSchema":"1a1c01bbd47fc00a2c39e90264f33305004495a9","hash":"f9d285fb531e76e3f6f0ea7d7057aa34958c2ff5"}
,"/home/eevan/ProyectosIA/SIST_VOUCHERS_HOTEL/vouchers-hostal-playa-norte/backend/src/domain/entities/Voucher.js": {"path":"/home/eevan/ProyectosIA/SIST_VOUCHERS_HOTEL/vouchers-hostal-playa-norte/backend/src/domain/entities/Voucher.js","statementMap":{"0":{"start":{"line":5,"column":29},"end":{"line":16,"column":2}},"1":{"start":{"line":24,"column":4},"end":{"line":24,"column":35}},"2":{"start":{"line":25,"column":4},"end":{"line":25,"column":31}},"3":{"start":{"line":26,"column":4},"end":{"line":26,"column":27}},"4":{"start":{"line":27,"column":4},"end":{"line":27,"column":31}},"5":{"start":{"line":28,"column":4},"end":{"line":28,"column":44}},"6":{"start":{"line":29,"column":4},"end":{"line":29,"column":55}},"7":{"start":{"line":30,"column":4},"end":{"line":30,"column":39}},"8":{"start":{"line":31,"column":4},"end":{"line":31,"column":55}},"9":{"start":{"line":32,"column":4},"end":{"line":32,"column":51}},"10":{"start":{"line":33,"column":4},"end":{"line":33,"column":51}},"11":{"start":{"line":40,"column":18},"end":{"line":49,"column":5}},"12":{"start":{"line":51,"column":4},"end":{"line":51,"column":31}},"13":{"start":{"line":52,"column":4},"end":{"line":52,"column":30}},"14":{"start":{"line":59,"column":4},"end":{"line":61,"column":5}},"15":{"start":{"line":60,"column":6},"end":{"line":60,"column":80}},"16":{"start":{"line":62,"column":4},"end":{"line":62,"column":27}},"17":{"start":{"line":63,"column":4},"end":{"line":63,"column":32}},"18":{"start":{"line":70,"column":4},"end":{"line":72,"column":5}},"19":{"start":{"line":71,"column":6},"end":{"line":71,"column":80}},"20":{"start":{"line":73,"column":4},"end":{"line":75,"column":5}},"21":{"start":{"line":74,"column":6},"end":{"line":74,"column":42}},"22":{"start":{"line":76,"column":4},"end":{"line":76,"column":29}},"23":{"start":{"line":77,"column":4},"end":{"line":77,"column":37}},"24":{"start":{"line":78,"column":4},"end":{"line":78,"column":33}},"25":{"start":{"line":79,"column":4},"end":{"line":79,"column":32}},"26":{"start":{"line":86,"column":4},"end":{"line":88,"column":5}},"27":{"start":{"line":87,"column":6},"end":{"line":87,"column":80}},"28":{"start":{"line":89,"column":4},"end":{"line":89,"column":28}},"29":{"start":{"line":90,"column":4},"end":{"line":90,"column":32}},"30":{"start":{"line":97,"column":4},"end":{"line":99,"column":5}},"31":{"start":{"line":98,"column":6},"end":{"line":98,"column":81}},"32":{"start":{"line":100,"column":4},"end":{"line":100,"column":30}},"33":{"start":{"line":101,"column":4},"end":{"line":101,"column":34}},"34":{"start":{"line":102,"column":4},"end":{"line":102,"column":32}},"35":{"start":{"line":109,"column":4},"end":{"line":109,"column":50}},"36":{"start":{"line":116,"column":4},"end":{"line":116,"column":57}},"37":{"start":{"line":123,"column":16},"end":{"line":123,"column":26}},"38":{"start":{"line":124,"column":21},"end":{"line":124,"column":52}},"39":{"start":{"line":125,"column":21},"end":{"line":125,"column":64}},"40":{"start":{"line":126,"column":4},"end":{"line":126,"column":20}},"41":{"start":{"line":133,"column":4},"end":{"line":144,"column":6}},"42":{"start":{"line":151,"column":4},"end":{"line":157,"column":7}}},"fnMap":{"0":{"name":"(anonymous_0)","decl":{"start":{"line":23,"column":2},"end":{"line":23,"column":3}},"loc":{"start":{"line":23,"column":21},"end":{"line":34,"column":3}},"line":23},"1":{"name":"(anonymous_1)","decl":{"start":{"line":39,"column":2},"end":{"line":39,"column":3}},"loc":{"start":{"line":39,"column":54},"end":{"line":53,"column":3}},"line":39},"2":{"name":"(anonymous_2)","decl":{"start":{"line":58,"column":2},"end":{"line":58,"column":3}},"loc":{"start":{"line":58,"column":13},"end":{"line":64,"column":3}},"line":58},"3":{"name":"(anonymous_3)","decl":{"start":{"line":69,"column":2},"end":{"line":69,"column":3}},"loc":{"start":{"line":69,"column":21},"end":{"line":80,"column":3}},"line":69},"4":{"name":"(anonymous_4)","decl":{"start":{"line":85,"column":2},"end":{"line":85,"column":3}},"loc":{"start":{"line":85,"column":11},"end":{"line":91,"column":3}},"line":85},"5":{"name":"(anonymous_5)","decl":{"start":{"line":96,"column":2},"end":{"line":96,"column":3}},"loc":{"start":{"line":96,"column":22},"end":{"line":103,"column":3}},"line":96},"6":{"name":"(anonymous_6)","decl":{"start":{"line":108,"column":2},"end":{"line":108,"column":3}},"loc":{"start":{"line":108,"column":14},"end":{"line":110,"column":3}},"line":108},"7":{"name":"(anonymous_7)","decl":{"start":{"line":115,"column":2},"end":{"line":115,"column":3}},"loc":{"start":{"line":115,"column":12},"end":{"line":117,"column":3}},"line":115},"8":{"name":"(anonymous_8)","decl":{"start":{"line":122,"column":2},"end":{"line":122,"column":3}},"loc":{"start":{"line":122,"column":21},"end":{"line":127,"column":3}},"line":122},"9":{"name":"(anonymous_9)","decl":{"start":{"line":132,"column":2},"end":{"line":132,"column":3}},"loc":{"start":{"line":132,"column":11},"end":{"line":145,"column":3}},"line":132},"10":{"name":"(anonymous_10)","decl":{"start":{"line":150,"column":2},"end":{"line":150,"column":3}},"loc":{"start":{"line":150,"column":28},"end":{"line":158,"column":3}},"line":150}},"branchMap":{"0":{"loc":{"start":{"li
[...]
line":36,"column":13}},"17":{"start":{"line":37,"column":10},"end":{"line":37,"column":23}},"18":{"start":{"line":38,"column":10},"end":{"line":38,"column":19}},"19":{"start":{"line":42,"column":23},"end":{"line":48,"column":10}},"20":{"start":{"line":51,"column":8},"end":{"line":54,"column":65}},"21":{"start":{"line":56,"column":8},"end":{"line":61,"column":11}},"22":{"start":{"line":63,"column":8},"end":{"line":63,"column":23}},"23":{"start":{"line":66,"column":8},"end":{"line":117,"column":9}},"24":{"start":{"line":68,"column":10},"end":{"line":74,"column":13}},"25":{"start":{"line":77,"column":10},"end":{"line":80,"column":56}},"26":{"start":{"line":82,"column":33},"end":{"line":90,"column":11}},"27":{"start":{"line":92,"column":10},"end":{"line":92,"column":39}},"28":{"start":{"line":93,"column":10},"end":{"line":93,"column":41}},"29":{"start":{"line":94,"column":10},"end":{"line":94,"column":26}},"30":{"start":{"line":98,"column":10},"end":{"line":104,"column":13}},"31":{"start":{"line":106,"column":10},"end":{"line":109,"column":56}},"32":{"start":{"line":111,"column":10},"end":{"line":115,"column":13}},"33":{"start":{"line":116,"column":10},"end":{"line":116,"column":23}},"34":{"start":{"line":122,"column":4},"end":{"line":132,"column":7}},"35":{"start":{"line":134,"column":4},"end":{"line":142,"column":7}},"36":{"start":{"line":144,"column":4},"end":{"line":154,"column":6}},"37":{"start":{"line":161,"column":15},"end":{"line":161,"column":22}},"38":{"start":{"line":163,"column":20},"end":{"line":169,"column":28}},"39":{"start":{"line":171,"column":4},"end":{"line":177,"column":6}},"40":{"start":{"line":173,"column":38},"end":{"line":176,"column":7}},"41":{"start":{"line":184,"column":15},"end":{"line":184,"column":22}},"42":{"start":{"line":186,"column":16},"end":{"line":193,"column":5}},"43":{"start":{"line":195,"column":19},"end":{"line":195,"column":30}},"44":{"start":{"line":197,"column":4},"end":{"line":200,"column":5}},"45":{"start":{"line":198,"column":6},"end":{"line":198,"column":43}},"46":{"start":{"line":199,"column":6},"end":{"line":199,"column":29}},"47":{"start":{"line":202,"column":4},"end":{"line":205,"column":5}},"48":{"start":{"line":203,"column":6},"end":{"line":203,"column":43}},"49":{"start":{"line":204,"column":6},"end":{"line":204,"column":27}},"50":{"start":{"line":207,"column":4},"end":{"line":207,"column":73}},"51":{"start":{"line":209,"column":18},"end":{"line":209,"column":50}},"52":{"start":{"line":211,"column":4},"end":{"line":215,"column":6}},"53":{"start":{"line":219,"column":0},"end":{"line":219,"column":52}}},"fnMap":{"0":{"name":"(anonymous_0)","decl":{"start":{"line":11,"column":2},"end":{"line":11,"column":3}},"loc":{"start":{"line":11,"column":77},"end":{"line":155,"column":3}},"line":11},"1":{"name":"(anonymous_1)","decl":{"start":{"line":160,"column":2},"end":{"line":160,"column":3}},"loc":{"start":{"line":160,"column":67},"end":{"line":178,"column":3}},"line":160},"2":{"name":"(anonymous_2)","decl":{"start":{"line":173,"column":27},"end":{"line":173,"column":28}},"loc":{"start":{"line":173,"column":38},"end":{"line":176,"column":7}},"line":173},"3":{"name":"(anonymous_3)","decl":{"start":{"line":183,"column":2},"end":{"line":183,"column":3}},"loc":{"start":{"line":183,"column":72},"end":{"line":216,"column":3}},"line":183}},"branchMap":{"0":{"loc":{"start":{"line":31,"column":8},"end":{"line":39,"column":9}},"type":"if","locations":[{"start":{"line":31,"column":8},"end":{"line":39,"column":9}},{"start":{},"end":{}}],"line":31},"1":{"loc":{"start":{"line":31,"column":12},"end":{"line":31,"column":60}},"type":"binary-expr","locations":[{"start":{"line":31,"column":12},"end":{"line":31,"column":32}},{"start":{"line":31,"column":36},"end":{"line":31,"column":60}}],"line":31},"2":{"loc":{"start":{"line":66,"column":8},"end":{"line":117,"column":9}},"type":"if","locations":[{"start":{"line":66,"column":8},"end":{"line":117,"column":9}},{"start":{"line":96,"column":15},"end":{"line":117,"column":9}}],"line":66},"3":{"loc":{"start":{"line":153,"column":17},"end":{"line":153,"column":61}},"type":"cond-expr","locations":[{"start":{"line":153,"column":40},"end":{"line":153,"column":49}},{"start":{"line":153,"column":52},"end":{"line":153,"column":61}}],"line":153},"4":{"loc":{"start":{"line":160,"column":36},"end":{"line":160,"column":47}},"type":"default-arg","locations":[{"start":{"line":160,"column":44},"end":{"line":160,"column":47}}],"line":160},"5":{"loc":{"start":{"line":197,"column":4},"end":{"line":200,"column":5}},"type":"if","locations":[{"start":{"line":197,"column":4},"end":{"line":200,"column":5}},{"start":{},"end":{}}],"line":197},"6":{"loc":{"start":{"line":202,"column":4},"end":{"line":205,"column":5}},"type":"if","locations":[{"start":{"line":202,"column":4},"end":{"line":205,"column":5}},{"start":{},"end":{}}],"line":202}},"s":{"0":0,"1":0,"2":0,"3":0,"4":0,"5":0,"6":0,"7":0,"8":0,"9":0,"10":0,"11":0,"12":0,"13":0,"14":0,"15":0,"16":0,"17":0,"18":0,"19":0,"20":0,"21":0,"22":0,"23":0,"24":0,"25":0,"26":0,"27":0,"28":0,"29":0,"30":0,"31":0,"32":0,"33":0,"34":0,"35":0,"36":0,"37":0,"38":0,"39":0,"40":0,"41":0,"42":0,"43":0,"44":0,"45":0,"46":0,"47":0,"48":0,"49":0,"50":0,"51":0,"52":0,"53":0},"f":{"0":0,"1":0,"2":0,"3":0},"b":{"0":[0,0],"1":[0,0],"2":[0,0],"3":[0,0],"4":[0],"5":[0,0],"6":[0,0]},"inputSourceMap":null}
,"/home/eevan/ProyectosIA/SIST_VOUCHERS_HOTEL/vouchers-hostal-playa-norte/backend/src/services/voucherService.js": {"path":"/home/eevan/ProyectosIA/SIST_VOUCHERS_HOTEL/vouchers-hostal-playa-norte/backend/src/services/voucherService.js","statementMap":{"0":{"start":{"line":1,"column":18},"end":{"line":1,"column":47}},"1":{"start":{"line":2,"column":32},"end":{"line":2,"column":59}},"2":{"start":{"line":3,"column":26},"end":{"line":3,"column":52}},"3":{"start":{"line":4,"column":22},"end":{"line":4,"column":44}},"4":{"start":{"line":5,"column":58},"end":{"line":5,"column":95}},"5":{"start":{"line":6,"column":29},"end":{"line":6,"column":51}},"6":{"start":{"line":13,"column":15},"end":{"line":13,"column":22}},"7":{"start":{"line":14,"column":22},"end":{"line":14,"column":32}},"8":{"start":{"line":16,"column":4},"end":{"line":21,"column":7}},"9":{"start":{"line":24,"column":17},"end":{"line":24,"column":76}},"10":{"start":{"line":25,"column":4},"end":{"line":27,"column":5}},"11":{"start":{"line":26,"column":6},"end":{"line":26,"column":41}},"12":{"start":{"line":30,"column":26},"end":{"line":30,"column":46}},"13":{"start":{"line":31,"column":27},"end":{"line":31,"column":48}},"14":{"start":{"line":32,"column":24},"end":{"line":32,"column":51}},"15":{"start":{"line":33,"column":25},"end":{"line":33,"column":53}},"16":{"start":{"line":35,"column":4},"end":{"line":37,"column":5}},"17":{"start":{"line":36,"column":6},"end":{"line":36,"column":100}},"18":{"start":{"line":39,"column":4},"end":{"line":41,"column":5}},"19":{"start":{"line":40,"column":6},"end":{"line":40,"column":90}},"20":{"start":{"line":43,"column":21},"end":{"line":43,"column":23}},"21":{"start":{"line":45,"column":24},"end":{"line":76,"column":6}},"22":{"start":{"line":46,"column":6},"end":{"line":75,"column":7}},"23":{"start":{"line":46,"column":19},"end":{"line":46,"column":20}},"24":{"start":{"line":48,"column":23},"end":{"line":48,"column":81}},"25":{"start":{"line":49,"column":31},"end":{"line":49,"column":47}},"26":{"start":{"line":52,"column":21},"end":{"line":52,"column":70}},"27":{"start":{"line":55,"column":30},"end":{"line":60,"column":9}},"28":{"start":{"line":63,"column":29},"end":{"line":66,"column":69}},"29":{"start":{"line":68,"column":8},"end":{"line":74,"column":11}},"30":{"start":{"line":78,"column":4},"end":{"line":123,"column":5}},"31":{"start":{"line":79,"column":6},"end":{"line":79,"column":20}},"32":{"start":{"line":82,"column":29},"end":{"line":87,"column":7}},"33":{"start":{"line":84,"column":21},"end":{"line":84,"column":63}},"34":{"start":{"line":85,"column":10},"end":{"line":85,"column":39}},"35":{"start":{"line":90,"column":6},"end":{"line":98,"column":9}},"36":{"start":{"line":96,"column":41},"end":{"line":96,"column":47}},"37":{"start":{"line":100,"column":6},"end":{"line":105,"column":9}},"38":{"start":{"line":107,"column":6},"end":{"line":114,"column":8}},"39":{"start":{"line":116,"column":6},"end":{"line":121,"column":9}},"40":{"start":{"line":122,"column":6},"end":{"line":122,"column":18}},"41":{"start":{"line":130,"column":15},"end":{"line":130,"column":22}},"42":{"start":{"line":132,"column":20},"end":{"line":137,"column":16}},"43":{"start":{"line":139,"column":4},"end":{"line":141,"column":5}},"44":{"start":{"line":140,"column":6},"end":{"line":140,"column":41}},"45":{"start":{"line":144,"column":23},"end":{"line":149,"column":22}},"46":{"start":{"line":151,"column":4},"end":{"line":155,"column":6}},"47":{"start":{"line":162,"column":15},"end":{"line":162,"column":22}},"48":{"start":{"line":163,"column":22},"end":{"line":163,"column":32}},"49":{"start":{"line":165,"column":4},"end":{"line":169,"column":7}},"50":{"start":{"line":171,"column":20},"end":{"line":171,"column":63}},"51":{"start":{"line":174,"column":4},"end":{"line":191,"column":5}},"52":{"start":{"line":175,"column":26},"end":{"line":181,"column":7}},"53":{"start":{"line":183,"column":6},"end":{"line":190,"column":7}},"54":{"start":{"line":184,"column":8},"end":{"line":188,"column":11}},"55":{"start":{"line":189,"column":8},"end":{"line":189,"column":57}},"56":{"start":{"line":194,"column":4},"end":{"line":205,"column":5}},"57":{"start":{"line":195,"column":6},"end":{"line":204,"column":8}},"58":{"start":{"line":208,"column":16},"end":{"line":208,"column":26}},"59":{"start":{"line":209,"column":22},"end":{"line":209,"column":70}},"60":{"start":{"line":210,"column":23},"end":{"line":210,"column":72}},"61":{"start":{"line":212,"column":4},"end":{"line":218,"column":5}},"62":{"start":{"line":213,"column":6},"end":{"line":217,"column":8}},"63":{"start":{"line":220,"column":4},"end":{"line":230,"column":5}},"64":{"start":{"line":222,"column":6},"end":{"line":223,"column":36}},"65":{"start":{"line":225,"column":6},"end":{"line":229,"column":8}},"66":{"start":{"line":233,"column":4},"end":{"line":240,"column":5}},"67":{"start":{"line":234,"column":6},"end":{"line":239,"column":8}},"68":{"start":{"line":242,"column":4},"end":{"line":247,"column":7}},"69":{"start":{"line":249,"column":4},"end":{"line":259,"column":6}},"70":{"start":{"line":266,"column":15},"end":{"line":266,"column":22}},"71":{"start":{"line":267,"column":22},"end":{"line":267,"column":32}},"72":{"start":{"line":269,"column":4},"end":{"line":275,"column":7}},"73":{"start":{"line":277,"column":24},"end":{"line":348,"column":6}},"74":{"start":{"line":279,"column":22},"end":{"line":284,"column":18}},"75":{"start":{"line":286,"column":6},"end":{"line":288,"column":7}},"76":{"start":{"line":287,"column":8},"end":{"line":287,"column":43}},"77":{"start":{"line":291,"column":6},"end":{"line":293,"column":7}},"78":{"start":{"line":292,"column":8},"end":{"line":292,"column":74}},"79":{"start":{"line":296,"column":18},"end":{"line":296,"column":28}},"80":{"start":{"line":297,"column":24},"end":{"line":297,"column":72}},"81":{"start":{"line":298,"column":25},"end":{"line":298,"column":74}},"82":{"start":{"line":300,"column":6},"end":{"line":302,"column":7}},"83":{"start":{"line":301,"column":8},"end":{"line":301,"column":62}},"84":{"start":{"line":304,"column":6},"end":{"line":309,"column":7}},"85":{"start":{"line":306,"column":8},"end":{"line":307,"column":38}},"86":{"start":{"line":308,"column":8},"end":{"line":308,"column":54}},"87":{"start":{"line":312,"column":6},"end":{"line":347,"column":7}},"88":{"start":{"line":313,"column":33},"end":{"line":316,"column":76}},"89":{"start":{"line":319,"column":8},"end":{"line":320,"column":39}},"90":{"start":{"line":322,"column":8},"end":{"line":328,"column":10}},"91":{"start":{"line":331,"column":8},"end":{"line":345,"column":9}},"92":{"start":{"line":333,"column":27},"end":{"line":338,"column":28}},"93":{"start":{"line":340,"column":10},"end":{"line":344,"column":13}},"94":{"start":{"line":346,"column":8},"end":{"line":346,"column":20}},"95":{"start":{"line":350,"column":4},"end":{"line":386,"column":5}},"96":{"start":{"line":351,"column":21},"end":{"line":351,"column":34}},"97":{"start":{"line":354,"column":6},"end":{"line":363,"column":9}},"98":{"start":{"line":365,"column":6},"end":{"line":371,"column":9}},"99":{"start":{"line":373,"column":6},"end":{"line":376,"column":8}},"100":{"start":{"line":378,"column":6},"end":{"line":384,"column":9}},"101":{"start":{"line":385,"column":6},"end":{"line":385,"column":18}},"102":{"start":{"line":393,"column":15},"end":{"line":393,"column":22}},"103":{"start":{"line":395,"column":20},"end":{"line":395,"column":63}},"104":{"start":{"line":397,"column":4},"end":{"line":399,"column":5}},"105":{"start":{"line":398,"column":6},"end":{"line":398,"column":77}},"106":{"start":{"line":401,"column":4},"end":{"line":403,"column":5}},"107":{"start":{"line":402,"column":6},"end":{"line":402,"column":61}},"108":{"start":{"line":405,"column":4},"end":{"line":406,"column":36}},"109":{"start":{"line":408,"column":4},"end":{"line":414,"column":7}},"110":{"start":{"line":416,"column":4},"end":{"line":419,"column":6}},"111":{"start":{"line":423,"column":0},"end":{"line":423,"column":58}}},"fnMap":{"0":{"name":"(anonymous_0)","decl":{"start":{"line":12,"column":2},"end":{"line":12,"column":3}},"loc":{"start":{"line":12,"column":101},"end":{"line":124,"column":3}},"line":12},"1":{"name":"(anonymous_1)","decl":{"start":{"line":45,"column":39},"end":{"line":45,"column":40}},"loc":{"start":{"line":45,"column":45},"end":{"line":76,"column":5}},"line":45},"2":{"name":"(anonymous_2)","decl":{"start":{"line":83,"column":21},"end":{"line":83,"column":22}},"loc":{"start":{"line":83,"column":40},"end":{"line":86,"column":9}},"line":83},"3":{"name":"(anonymous_3)","decl":{"start":{"line":96,"column":36},"end":{"line":96,"column":37}},"loc":{"start":{"line":96,"column":41},"end":{"line":96,"column":47}},"line":96},"4":{"name":"(anonymous_4)","decl":{"start":{"line":129,"column":2},"end":{"line":129,"column":3}},"loc":{"start":{"line":129,"column":41},"end":{"line":156,"column":3}},"line":129},"5":{"name":"(anonymous_5)","decl":{"start":{"line":161,"column":2},"end":{"line":161,"column":3}},"loc":{"start":{"line":161,"column":56},"end":{"line":260,"column":3}},"line":161},"6":{"name":"(anonymous_6)","decl":{"start":{"line":265,"column":2},"end":{"line":265,"column":3}},"loc":{"start":{"line":265,"column":82},"end":{"line":387,"column":3}},"line":265},"7":{"name":"(anonymous_7)","decl":{"start":{"line":277,"column":39},"end":{"line":277,"column":40}},"loc":{"start":{"line":277,"column":45},"end":{"line":348,"column":5}},"line":277},"8":{"name":"(anonymous_8)","decl":{"start":{"line":392,"column":2},"end":{"line":392,"column":3}},"loc":{"start":{"line":392,"column":65},"end":{"line":420,"column":3}},"line":392}},"branchMap":{"0":{"loc":{"start":{"line":25,"column":4},"end":{"line":27,"column":5}},"type":"if","locations":[{"start":{"line":25,"column":4},"end":{"line":27,"column":5}},{"start":{},"end":{}}],"line":25},"1":{"loc":{"start":{"line":35,"column":4},"end":{"line":37,"column":5}},"type":"if","locations":[{"start":{"line":35,"column":4},"end":{"line":37,"column":5}},{"start":{},"end":{}}],"line":35},"2":{"loc":{"start":{"line":35,"column":8},"end":{"line":35,"column":68}},"type":"binary-expr","locations":[{"start":{"line":35,"column":8},"end":{"line":35,"column":35}},{"start":{"line":35,"column":39},"end":{"line":35,"column":68}}],"line":35},"3":{"loc":{"start":{"line":39,"column":4},"end":{"line":41,"column":5}},"type":"if","locations":[{"start":{"line":39,"column":4},"end":{"line":41,"column":5}},{"start":{},"end":{}}],"line":39},"4":{"loc":{"start":{"line":139,"column":4},"end":{"line":141,"column":5}},"type":"if","locations":[{"start":{"line":139,"column":4},"end":{"line":141,"column":5}},{"start":{},"end":{}}],"line":139},"5":{"loc":{"start":{"line":154,"column":18},"end":{"line":154,"column":36}},"type":"binary-expr","locations":[{"start":{"line":154,"column":18},"end":{"line":154,"column":28}},{"start":{"line":154,"column":32},"end":{"line":154,"column":36}}],"line":154},"6":{"loc":{"start":{"line":174,"column":4},"end":{"line":191,"column":5}},"type":"if","locations":[{"start":{"line":174,"column":4},"end":{"line":191,"column":5}},{"start":{},"end":{}}],"line":174},"7":{"loc":{"start":{"line":183,"column":6},"end":{"line":190,"column":7}},"type":"if","locations":[{"start":{"line":183,"column":6},"end":{"line":190,"column":7}},{"start":{},"end":{}}],"line":183},"8":{"loc":{"start":{"line":194,"column":4},"end":{"line":205,"column":5}},"type":"if","locations":[{"start":{"line":194,"column":4},"end":{"line":205,"column":5}},{"start":{},"end":{}}],"line":194},"9":{"loc":{"start":{"line":212,"column":4},"end":{"line":218,"column":5}},"type":"if","locations":[{"start":{"line":212,"column":4},"end":{"line":218,"column":5}},{"start":{},"end":{}}],"line":212},"10":{"loc":{"start":{"line":220,"column":4},"end":{"line":230,"column":5}},"type":"if","locations":[{"start":{"line":220,"column":4},"end":{"line":230,"column":5}},{"start":{},"end":{}}],"line":220},"11":{"loc":{"start":{"line":233,"column":4},"end":{"line":240,"column":5}},"type":"if","locations":[{"start":{"line":233,"column":4},"end":{"line":240,"column":5}},{"start":{},"end":{}}],"line":233},"12":{"loc":{"start":{"line":286,"column":6},"end":{"line":288,"column":7}},"type":"if","locations":[{"start":{"line":286,"column":6},"end":{"line":288,"column":7}},{"start":{},"end":{}}],"line":286},"13":{"loc":{"start":{"line":291,"column":6},"end":{"line":293,"column":7}},"type":"if","locations":[{"start":{"line":291,"column":6},"end":{"line":293,"column":7}},{"start":{},"end":{}}],"line":291},"14":{"loc":{"start":{"line":300,"column":6},"end":{"line":302,"column":7}},"type":"if","locations":[{"start":{"line":300,"column":6},"end":{"line":302,"column":7}},{"start":{},"end":{}}],"line":300},"15":{"loc":{"start":{"line":304,"column":6},"end":{"line":309,"column":7}},"type":"if","locations":[{"start":{"line":304,"column":6},"end":{"line":309,"column":7}},{"start":{},"end":{}}],"line":304},"16":{"loc":{"start":{"line":331,"column":8},"end":{"line":345,"column":9}},"type":"if","locations":[{"start":{"line":331,"column":8},"end":{"line":345,"column":9}},{"start":{},"end":{}}],"line":331},"17":{"loc":{"start":{"line":397,"column":4},"end":{"line":399,"column":5}},"type":"if","locations":[{"start":{"line":397,"column":4},"end":{"line":399,"column":5}},{"start":{},"end":{}}],"line":397},"18":{"loc":{"start":{"line":401,"column":4},"end":{"line":403,"column":5}},"type":"if","locations":[{"start":{"line":401,"column":4},"end":{"line":403,"column":5}},{"start":{},"end":{}}],"line":401}},"s":{"0":0,"1":0,"2":0,"3":0,"4":0,"5":0,"6":0,"7":0,"8":0,"9":0,"10":0,"11":0,"12":0,"13":0,"14":0,"15":0,"16":0,"17":0,"18":0,"19":0,"20":0,"21":0,"22":0,"23":0,"24":0,"25":0,"26":0,"27":0,"28":0,"29":0,"30":0,"31":0,"32":0,"33":0,"34":0,"35":0,"36":0,"37":0,"38":0,"39":0,"40":0,"41":0,"42":0,"43":0,"44":0,"45":0,"46":0,"47":0,"48":0,"49":0,"50":0,"51":0,"52":0,"53":0,"54":0,"55":0,"56":0,"57":0,"58":0,"59":0,"60":0,"61":0,"62":0,"63":0,"64":0,"65":0,"66":0,"67":0,"68":0,"69":0,"70":0,"71":0,"72":0,"73":0,"74":0,"75":0,"76":0,"77":0,"78":0,"79":0,"80":0,"81":0,"82":0,"83":0,"84":0,"85":0,"86":0,"87":0,"88":0,"89":0,"90":0,"91":0,"92":0,"93":0,"94":0,"95":0,"96":0,"97":0,"98":0,"99":0,"100":0,"101":0,"102":0,"103":0,"104":0,"105":0,"106":0,"107":0,"108":0,"109":0,"110":0,"111":0},"f":{"0":0,"1":0,"2":0,"3":0,"4":0,"5":0,"6":0,"7":0,"8":0},"b":{"0":[0,0],"1":[0,0],"2":[0,0],"3":[0,0],"4":[0,0],"5":[0,0],"6":[0,0],"7":[0,0],"8":[0,0],"9":[0,0],"10":[0,0],"11":[0,0],"12":[0,0],"13":[0,0],"14":[0,0],"15":[0,0],"16":[0,0],"17":[0,0],"18":[0,0]},"inputSourceMap":null}
}
