{"/home/eevan/ProyectosIA/SIST_VOUCHERS_HOTEL/vouchers-hostal-playa-norte/backend/src/config/database.js": {"path":"/home/eevan/ProyectosIA/SIST_VOUCHERS_HOTEL/vouchers-hostal-playa-norte/backend/src/config/database.js","statementMap":{"0":{"start":{"line":1,"column":17},"end":{"line":1,"column":42}},"1":{"start":{"line":2,"column":13},"end":{"line":2,"column":28}},"2":{"start":{"line":3,"column":11},"end":{"line":3,"column":24}},"3":{"start":{"line":4,"column":19},"end":{"line":4,"column":38}},"4":{"start":{"line":8,"column":4},"end":{"line":8,"column":19}},"5":{"start":{"line":9,"column":4},"end":{"line":9,"column":29}},"6":{"start":{"line":13,"column":4},"end":{"line":13,"column":41}},"7":{"start":{"line":13,"column":26},"end":{"line":13,"column":41}},"8":{"start":{"line":15,"column":19},"end":{"line":15,"column":89}},"9":{"start":{"line":16,"column":18},"end":{"line":16,"column":38}},"10":{"start":{"line":19,"column":4},"end":{"line":21,"column":5}},"11":{"start":{"line":20,"column":6},"end":{"line":20,"column":47}},"12":{"start":{"line":23,"column":4},"end":{"line":57,"column":5}},"13":{"start":{"line":24,"column":6},"end":{"line":26,"column":9}},"14":{"start":{"line":29,"column":6},"end":{"line":29,"column":43}},"15":{"start":{"line":30,"column":6},"end":{"line":30,"column":42}},"16":{"start":{"line":31,"column":6},"end":{"line":31,"column":45}},"17":{"start":{"line":34,"column":6},"end":{"line":36,"column":9}},"18":{"start":{"line":35,"column":8},"end":{"line":35,"column":40}},"19":{"start":{"line":38,"column":6},"end":{"line":38,"column":30}},"20":{"start":{"line":40,"column":6},"end":{"line":47,"column":9}},"21":{"start":{"line":49,"column":6},"end":{"line":49,"column":21}},"22":{"start":{"line":51,"column":6},"end":{"line":55,"column":9}},"23":{"start":{"line":56,"column":6},"end":{"line":56,"column":18}},"24":{"start":{"line":61,"column":4},"end":{"line":63,"column":5}},"25":{"start":{"line":62,"column":6},"end":{"line":62,"column":31}},"26":{"start":{"line":64,"column":4},"end":{"line":64,"column":19}},"27":{"start":{"line":68,"column":4},"end":{"line":72,"column":5}},"28":{"start":{"line":69,"column":6},"end":{"line":69,"column":22}},"29":{"start":{"line":70,"column":6},"end":{"line":70,"column":31}},"30":{"start":{"line":71,"column":6},"end":{"line":71,"column":48}},"31":{"start":{"line":77,"column":15},"end":{"line":77,"column":27}},"32":{"start":{"line":78,"column":4},"end":{"line":78,"column":36}},"33":{"start":{"line":83,"column":18},"end":{"line":83,"column":39}},"34":{"start":{"line":85,"column":0},"end":{"line":88,"column":2}},"35":{"start":{"line":87,"column":15},"end":{"line":87,"column":32}}},"fnMap":{"0":{"name":"(anonymous_0)","decl":{"start":{"line":7,"column":2},"end":{"line":7,"column":3}},"loc":{"start":{"line":7,"column":16},"end":{"line":10,"column":3}},"line":7},"1":{"name":"(anonymous_1)","decl":{"start":{"line":12,"column":2},"end":{"line":12,"column":3}},"loc":{"start":{"line":12,"column":15},"end":{"line":58,"column":3}},"line":12},"2":{"name":"(anonymous_2)","decl":{"start":{"line":34,"column":47},"end":{"line":34,"column":48}},"loc":{"start":{"line":34,"column":53},"end":{"line":36,"column":7}},"line":34},"3":{"name":"(anonymous_3)","decl":{"start":{"line":60,"column":2},"end":{"line":60,"column":3}},"loc":{"start":{"line":60,"column":10},"end":{"line":65,"column":3}},"line":60},"4":{"name":"(anonymous_4)","decl":{"start":{"line":67,"column":2},"end":{"line":67,"column":3}},"loc":{"start":{"line":67,"column":10},"end":{"line":73,"column":3}},"line":67},"5":{"name":"(anonymous_5)","decl":{"start":{"line":76,"column":2},"end":{"line":76,"column":3}},"loc":{"start":{"line":76,"column":24},"end":{"line":79,"column":3}},"line":76},"6":{"name":"(anonymous_6)","decl":{"start":{"line":87,"column":9},"end":{"line":87,"column":10}},"loc":{"start":{"line":87,"column":15},"end":{"line":87,"column":32}},"line":87}},"branchMap":{"0":{"loc":{"start":{"line":13,"column":4},"end":{"line":13,"column":41}},"type":"if","locations":[{"start":{"line":13,"column":4},"end":{"line":13,"column":41}},{"start":{},"end":{}}],"line":13},"1":{"loc":{"start":{"line":15,"column":19},"end":{"line":15,"column":89}},"type":"binary-expr","locations":[{"start":{"line":15,"column":19},"end":{"line":15,"column":44}},{"start":{"line":15,"column":48},"end":{"line":15,"column":89}}],"line":15},"2":{"loc":{"start":{"line":19,"column":4},"end":{"line":21,"column":5}},"type":"if","locations":[{"start":{"line":19,"column":4},"end":{"line":21,"column":5}},{"start":{},"end":{}}],"line":19},"3":{"loc":{"start":{"line":25,"column":17},"end":{"line":25,"column":76}},"type":"cond-expr","locations":[{"start":{"line":25,"column":58},"end":{"line":25,"column":69}},{"start":{"line":25,"column":72},"end":{"line":25,"column":76}}],"line":25},"4":{"loc":{"start":{"line":61,"column":4},"end":{"line":63,"column":5}},"type":"if","locations":[{"start":{"line":61,"column":4},"end":{"line":63,"column":5}},{"start":{},"end":{}}],"line":61},"5":{"loc":{"start":{"line":68,"column":4},"end":{"line":72,"column":5}},"type":"if","locations":[{"start":{"line":68,"column":4},"end":{"line":72,"column":5}},{"start":{},"end":{}}],"line":68}},"s":{"0":4,"1":4,"2":4,"3":4,"4":4,"5":4,"6":4,"7":0,"8":4,"9":4,"10":4,"11":0,"12":4,"13":4,"14":4,"15":4,"16":4,"17":4,"18":0,"19":4,"20":4,"21":4,"22":0,"23":0,"24":31,"25":1,"26":30,"27":0,"28":0,"29":0,"30":0,"31":0,"32":0,"33":4,"34":4,"35":31},"f":{"0":4,"1":4,"2":0,"3":31,"4":0,"5":0,"6":31},"b":{"0":[0,4],"1":[4,3],"2":[0,4],"3":[0,4],"4":[1,30],"5":[0,0]},"_coverageSchema":"1a1c01bbd47fc00a2c39e90264f33305004495a9","hash":"8232a5efd3fc79e22d35e5fa595ce7d36f87219e"}
,"/home/eevan/ProyectosIA/SIST_VOUCHERS_HOTEL/vouchers-hostal-playa-norte/backend/src/config/environment.js": {"path":"/home/eevan/ProyectosIA/SIST_VOUCHERS_HOTEL/vouchers-hostal-playa-norte/backend/src/config/environment.js","statementMap":{"0":{"start":{"line":1,"column":15},"end":{"line":1,"column":32}},"1":{"start":{"line":2,"column":14},"end":{"line":2,"column":28}},"2":{"start":{"line":3,"column":19},"end":{"line":3,"column":38}},"3":{"start":{"line":6,"column":0},"end":{"line":6,"column":16}},"4":{"start":{"line":9,"column":18},"end":{"line":35,"column":2}},"5":{"start":{"line":20,"column":47},"end":{"line":20,"column":61}},"6":{"start":{"line":26,"column":51},"end":{"line":26,"column":65}},"7":{"start":{"line":39,"column":0},"end":{"line":58,"column":1}},"8":{"start":{"line":40,"column":2},"end":{"line":40,"column":40}},"9":{"start":{"line":43,"column":2},"end":{"line":43,"column":29}},"10":{"start":{"line":45,"column":2},"end":{"line":49,"column":5}},"11":{"start":{"line":51,"column":2},"end":{"line":54,"column":5}},"12":{"start":{"line":55,"column":2},"end":{"line":57,"column":3}},"13":{"start":{"line":56,"column":4},"end":{"line":56,"column":20}},"14":{"start":{"line":60,"column":0},"end":{"line":60,"column":24}}},"fnMap":{"0":{"name":"(anonymous_0)","decl":{"start":{"line":20,"column":40},"end":{"line":20,"column":41}},"loc":{"start":{"line":20,"column":47},"end":{"line":20,"column":61}},"line":20},"1":{"name":"(anonymous_1)","decl":{"start":{"line":26,"column":44},"end":{"line":26,"column":45}},"loc":{"start":{"line":26,"column":51},"end":{"line":26,"column":65}},"line":26}},"branchMap":{"0":{"loc":{"start":{"line":55,"column":2},"end":{"line":57,"column":3}},"type":"if","locations":[{"start":{"line":55,"column":2},"end":{"line":57,"column":3}},{"start":{},"end":{}}],"line":55}},"s":{"0":5,"1":5,"2":5,"3":5,"4":5,"5":5,"6":5,"7":5,"8":5,"9":5,"10":5,"11":0,"12":0,"13":0,"14":5},"f":{"0":5,"1":5},"b":{"0":[0,0]},"_coverageSchema":"1a1c01bbd47fc00a2c39e90264f33305004495a9","hash":"6acdfca33bfad373cd86de1ef98427ad1c725ffb"}
,"/home/eevan/ProyectosIA/SIST_VOUCHERS_HOTEL/vouchers-hostal-playa-norte/backend/src/config/logger.js": {"path":"/home/eevan/ProyectosIA/SIST_VOUCHERS_HOTEL/vouchers-hostal-playa-norte/backend/src/config/logger.js","statementMap":{"0":{"start":{"line":1,"column":16},"end":{"line":1,"column":34}},"1":{"start":{"line":2,"column":13},"end":{"line":2,"column":28}},"2":{"start":{"line":3,"column":11},"end":{"line":3,"column":24}},"3":{"start":{"line":6,"column":15},"end":{"line":6,"column":49}},"4":{"start":{"line":7,"column":0},"end":{"line":9,"column":1}},"5":{"start":{"line":8,"column":2},"end":{"line":8,"column":44}},"6":{"start":{"line":12,"column":21},"end":{"line":18,"column":1}},"7":{"start":{"line":21,"column":15},"end":{"line":44,"column":2}},"8":{"start":{"line":47,"column":0},"end":{"line":54,"column":1}},"9":{"start":{"line":48,"column":2},"end":{"line":53,"column":6}},"10":{"start":{"line":57,"column":20},"end":{"line":71,"column":2}},"11":{"start":{"line":73,"column":0},"end":{"line":73,"column":41}}},"fnMap":{},"branchMap":{"0":{"loc":{"start":{"line":7,"column":0},"end":{"line":9,"column":1}},"type":"if","locations":[{"start":{"line":7,"column":0},"end":{"line":9,"column":1}},{"start":{},"end":{}}],"line":7},"1":{"loc":{"start":{"line":22,"column":9},"end":{"line":22,"column":40}},"type":"binary-expr","locations":[{"start":{"line":22,"column":9},"end":{"line":22,"column":30}},{"start":{"line":22,"column":34},"end":{"line":22,"column":40}}],"line":22},"2":{"loc":{"start":{"line":26,"column":13},"end":{"line":26,"column":47}},"type":"binary-expr","locations":[{"start":{"line":26,"column":13},"end":{"line":26,"column":36}},{"start":{"line":26,"column":40},"end":{"line":26,"column":47}}],"line":26},"3":{"loc":{"start":{"line":27,"column":17},"end":{"line":27,"column":54}},"type":"binary-expr","locations":[{"start":{"line":27,"column":17},"end":{"line":27,"column":37}},{"start":{"line":27,"column":41},"end":{"line":27,"column":54}}],"line":27},"4":{"loc":{"start":{"line":32,"column":16},"end":{"line":32,"column":62}},"type":"binary-expr","locations":[{"start":{"line":32,"column":16},"end":{"line":32,"column":42}},{"start":{"line":32,"column":46},"end":{"line":32,"column":62}}],"line":32},"5":{"loc":{"start":{"line":39,"column":16},"end":{"line":39,"column":68}},"type":"binary-expr","locations":[{"start":{"line":39,"column":16},"end":{"line":39,"column":45}},{"start":{"line":39,"column":49},"end":{"line":39,"column":68}}],"line":39},"6":{"loc":{"start":{"line":47,"column":0},"end":{"line":54,"column":1}},"type":"if","locations":[{"start":{"line":47,"column":0},"end":{"line":54,"column":1}},{"start":{},"end":{}}],"line":47}},"s":{"0":5,"1":5,"2":5,"3":5,"4":5,"5":0,"6":5,"7":5,"8":5,"9":5,"10":5,"11":5},"f":{},"b":{"0":[0,5],"1":[5,5],"2":[5,5],"3":[5,0],"4":[5,5],"5":[5,5],"6":[5,0]},"_coverageSchema":"1a1c01bbd47fc00a2c39e90264f33305004495a9","hash":"f6eb5c4b129a3fb0b4947357e28cc4447f08eb18"}
,"/home/eevan/ProyectosIA/SIST_VOUCHERS_HOTEL/vouchers-hostal-playa-norte/backend/src/middleware/auth.js": {"path":"/home/eevan/ProyectosIA/SIST_VOUCHERS_HOTEL/vouchers-hostal-playa-norte/backend/src/middleware/auth.js","statementMap":{"0":{"start":{"line":1,"column":12},"end":{"line":1,"column":35}},"1":{"start":{"line":2,"column":19},"end":{"line":2,"column":46}},"2":{"start":{"line":3,"column":15},"end":{"line":3,"column":47}},"3":{"start":{"line":6,"column":21},"end":{"line":6,"column":46}},"4":{"start":{"line":8,"column":2},"end":{"line":19,"column":3}},"5":{"start":{"line":9,"column":4},"end":{"line":14,"column":7}},"6":{"start":{"line":15,"column":4},"end":{"line":18,"column":7}},"7":{"start":{"line":21,"column":16},"end":{"line":21,"column":40}},"8":{"start":{"line":23,"column":2},"end":{"line":58,"column":3}},"9":{"start":{"line":24,"column":20},"end":{"line":24,"column":56}},"10":{"start":{"line":27,"column":4},"end":{"line":29,"column":5}},"11":{"start":{"line":28,"column":6},"end":{"line":28,"column":49}},"12":{"start":{"line":31,"column":4},"end":{"line":36,"column":6}},"13":{"start":{"line":38,"column":4},"end":{"line":43,"column":7}},"14":{"start":{"line":45,"column":4},"end":{"line":45,"column":11}},"15":{"start":{"line":47,"column":4},"end":{"line":52,"column":7}},"16":{"start":{"line":54,"column":4},"end":{"line":57,"column":7}},"17":{"start":{"line":63,"column":2},"end":{"line":87,"column":4}},"18":{"start":{"line":64,"column":4},"end":{"line":69,"column":5}},"19":{"start":{"line":65,"column":6},"end":{"line":68,"column":9}},"20":{"start":{"line":71,"column":4},"end":{"line":84,"column":5}},"21":{"start":{"line":72,"column":6},"end":{"line":78,"column":9}},"22":{"start":{"line":80,"column":6},"end":{"line":83,"column":9}},"23":{"start":{"line":86,"column":4},"end":{"line":86,"column":11}},"24":{"start":{"line":90,"column":0},"end":{"line":90,"column":49}}},"fnMap":{"0":{"name":"authMiddleware","decl":{"start":{"line":5,"column":9},"end":{"line":5,"column":23}},"loc":{"start":{"line":5,"column":40},"end":{"line":59,"column":1}},"line":5},"1":{"name":"requireRole","decl":{"start":{"line":62,"column":9},"end":{"line":62,"column":20}},"loc":{"start":{"line":62,"column":38},"end":{"line":88,"column":1}},"line":62},"2":{"name":"(anonymous_2)","decl":{"start":{"line":63,"column":9},"end":{"line":63,"column":10}},"loc":{"start":{"line":63,"column":29},"end":{"line":87,"column":3}},"line":63}},"branchMap":{"0":{"loc":{"start":{"line":8,"column":2},"end":{"line":19,"column":3}},"type":"if","locations":[{"start":{"line":8,"column":2},"end":{"line":19,"column":3}},{"start":{},"end":{}}],"line":8},"1":{"loc":{"start":{"line":8,"column":6},"end":{"line":8,"column":54}},"type":"binary-expr","locations":[{"start":{"line":8,"column":6},"end":{"line":8,"column":17}},{"start":{"line":8,"column":21},"end":{"line":8,"column":54}}],"line":8},"2":{"loc":{"start":{"line":27,"column":4},"end":{"line":29,"column":5}},"type":"if","locations":[{"start":{"line":27,"column":4},"end":{"line":29,"column":5}},{"start":{},"end":{}}],"line":27},"3":{"loc":{"start":{"line":27,"column":8},"end":{"line":27,"column":41}},"type":"binary-expr","locations":[{"start":{"line":27,"column":8},"end":{"line":27,"column":24}},{"start":{"line":27,"column":28},"end":{"line":27,"column":41}}],"line":27},"4":{"loc":{"start":{"line":64,"column":4},"end":{"line":69,"column":5}},"type":"if","locations":[{"start":{"line":64,"column":4},"end":{"line":69,"column":5}},{"start":{},"end":{}}],"line":64},"5":{"loc":{"start":{"line":71,"column":4},"end":{"line":84,"column":5}},"type":"if","locations":[{"start":{"line":71,"column":4},"end":{"line":84,"column":5}},{"start":{},"end":{}}],"line":71}},"s":{"0":3,"1":3,"2":3,"3":27,"4":27,"5":1,"6":1,"7":26,"8":26,"9":26,"10":0,"11":0,"12":0,"13":0,"14":0,"15":26,"16":26,"17":27,"18":0,"19":0,"20":0,"21":0,"22":0,"23":0,"24":3},"f":{"0":27,"1":27,"2":0},"b":{"0":[1,26],"1":[27,26],"2":[0,0],"3":[0,0],"4":[0,0],"5":[0,0]},"_coverageSchema":"1a1c01bbd47fc00a2c39e90264f33305004495a9","hash":"fe6181dfd44a77adbcf2462f7c3d5f5895528964"}
,"/home/eevan/ProyectosIA/SIST_VOUCHERS_HOTEL/vouchers-hostal-playa-norte/backend/src/middleware/correlation.js": {"path":"/home/eevan/ProyectosIA/SIST_VOUCHERS_HOTEL/vouchers-hostal-playa-norte/backend/src/middleware/correlation.js","statementMap":{"0":{"start":{"line":1,"column":23},"end":{"line":1,"column":38}},"1":{"start":{"line":5,"column":24},"end":{"line":5,"column":67}},"2":{"start":{"line":8,"column":2},"end":{"line":8,"column":36}},"3":{"start":{"line":9,"column":2},"end":{"line":9,"column":51}},"4":{"start":{"line":12,"column":2},"end":{"line":12,"column":43}},"5":{"start":{"line":14,"column":2},"end":{"line":14,"column":9}},"6":{"start":{"line":17,"column":0},"end":{"line":17,"column":43}}},"fnMap":{"0":{"name":"correlationMiddleware","decl":{"start":{"line":3,"column":9},"end":{"line":3,"column":30}},"loc":{"start":{"line":3,"column":47},"end":{"line":15,"column":1}},"line":3}},"branchMap":{"0":{"loc":{"start":{"line":5,"column":24},"end":{"line":5,"column":67}},"type":"binary-expr","locations":[{"start":{"line":5,"column":24},"end":{"line":5,"column":55}},{"start":{"line":5,"column":59},"end":{"line":5,"column":67}}],"line":5}},"s":{"0":3,"1":27,"2":27,"3":27,"4":27,"5":27,"6":3},"f":{"0":27},"b":{"0":[27,27]},"_coverageSchema":"1a1c01bbd47fc00a2c39e90264f33305004495a9","hash":"39dc04432629dacf6aafcf9402f84e0ce530d8e3"}
,"/home/eevan/ProyectosIA/SIST_VOUCHERS_HOTEL/vouchers-hostal-playa-norte/backend/src/middleware/errorHandler.js": {"path":"/home/eevan/ProyectosIA/SIST_VOUCHERS_HOTEL/vouchers-hostal-playa-norte/backend/src/middleware/errorHandler.js","statementMap":{"0":{"start":{"line":1,"column":19},"end":{"line":1,"column":46}},"1":{"start":{"line":6,"column":4},"end":{"line":6,"column":19}},"2":{"start":{"line":7,"column":4},"end":{"line":7,"column":33}},"3":{"start":{"line":8,"column":4},"end":{"line":8,"column":31}},"4":{"start":{"line":9,"column":4},"end":{"line":9,"column":30}},"5":{"start":{"line":10,"column":4},"end":{"line":10,"column":52}},"6":{"start":{"line":16,"column":4},"end":{"line":16,"column":44}},"7":{"start":{"line":17,"column":4},"end":{"line":17,"column":27}},"8":{"start":{"line":23,"column":4},"end":{"line":23,"column":57}},"9":{"start":{"line":24,"column":4},"end":{"line":24,"column":29}},"10":{"start":{"line":30,"column":4},"end":{"line":30,"column":36}},"11":{"start":{"line":31,"column":4},"end":{"line":31,"column":27}},"12":{"start":{"line":37,"column":24},"end":{"line":37,"column":54}},"13":{"start":{"line":40,"column":2},"end":{"line":57,"column":3}},"14":{"start":{"line":41,"column":4},"end":{"line":49,"column":7}},"15":{"start":{"line":51,"column":4},"end":{"line":56,"column":7}},"16":{"start":{"line":60,"column":2},"end":{"line":68,"column":5}},"17":{"start":{"line":71,"column":18},"end":{"line":73,"column":17}},"18":{"start":{"line":75,"column":2},"end":{"line":79,"column":5}},"19":{"start":{"line":84,"column":2},"end":{"line":89,"column":5}},"20":{"start":{"line":91,"column":2},"end":{"line":95,"column":5}},"21":{"start":{"line":98,"column":0},"end":{"line":105,"column":2}}},"fnMap":{"0":{"name":"(anonymous_0)","decl":{"start":{"line":5,"column":2},"end":{"line":5,"column":3}},"loc":{"start":{"line":5,"column":46},"end":{"line":11,"column":3}},"line":5},"1":{"name":"(anonymous_1)","decl":{"start":{"line":15,"column":2},"end":{"line":15,"column":3}},"loc":{"start":{"line":15,"column":39},"end":{"line":18,"column":3}},"line":15},"2":{"name":"(anonymous_2)","decl":{"start":{"line":22,"column":2},"end":{"line":22,"column":3}},"loc":{"start":{"line":22,"column":24},"end":{"line":25,"column":3}},"line":22},"3":{"name":"(anonymous_3)","decl":{"start":{"line":29,"column":2},"end":{"line":29,"column":3}},"loc":{"start":{"line":29,"column":39},"end":{"line":32,"column":3}},"line":29},"4":{"name":"errorHandler","decl":{"start":{"line":36,"column":9},"end":{"line":36,"column":21}},"loc":{"start":{"line":36,"column":43},"end":{"line":80,"column":1}},"line":36},"5":{"name":"notFoundHandler","decl":{"start":{"line":83,"column":9},"end":{"line":83,"column":24}},"loc":{"start":{"line":83,"column":35},"end":{"line":96,"column":1}},"line":83}},"branchMap":{"0":{"loc":{"start":{"line":15,"column":23},"end":{"line":15,"column":37}},"type":"default-arg","locations":[{"start":{"line":15,"column":33},"end":{"line":15,"column":37}}],"line":15},"1":{"loc":{"start":{"line":29,"column":23},"end":{"line":29,"column":37}},"type":"default-arg","locations":[{"start":{"line":29,"column":33},"end":{"line":29,"column":37}}],"line":29},"2":{"loc":{"start":{"line":37,"column":24},"end":{"line":37,"column":54}},"type":"binary-expr","locations":[{"start":{"line":37,"column":24},"end":{"line":37,"column":41}},{"start":{"line":37,"column":45},"end":{"line":37,"column":54}}],"line":37},"3":{"loc":{"start":{"line":40,"column":2},"end":{"line":57,"column":3}},"type":"if","locations":[{"start":{"line":40,"column":2},"end":{"line":57,"column":3}},{"start":{},"end":{}}],"line":40},"4":{"loc":{"start":{"line":71,"column":18},"end":{"line":73,"column":17}},"type":"cond-expr","locations":[{"start":{"line":72,"column":6},"end":{"line":72,"column":34}},{"start":{"line":73,"column":6},"end":{"line":73,"column":17}}],"line":71}},"s":{"0":4,"1":6,"2":6,"3":6,"4":6,"5":6,"6":4,"7":4,"8":1,"9":1,"10":1,"11":1,"12":0,"13":0,"14":0,"15":0,"16":0,"17":0,"18":0,"19":0,"20":0,"21":4},"f":{"0":6,"1":4,"2":1,"3":1,"4":0,"5":0},"b":{"0":[4],"1":[1],"2":[0,0],"3":[0,0],"4":[0,0]},"_coverageSchema":"1a1c01bbd47fc00a2c39e90264f33305004495a9","hash":"4629d57f23f37f6c87872129e853cce8bbd0ae6a"}
,"/home/eevan/ProyectosIA/SIST_VOUCHERS_HOTEL/vouchers-hostal-playa-norte/backend/src/middleware/rateLimiter.js": {"path":"/home/eevan/ProyectosIA/SIST_VOUCHERS_HOTEL/vouchers-hostal-playa-norte/backend/src/middleware/rateLimiter.js","statementMap":{"0":{"start":{"line":1,"column":18},"end":{"line":1,"column":47}},"1":{"start":{"line":2,"column":19},"end":{"line":2,"column":46}},"2":{"start":{"line":3,"column":15},"end":{"line":3,"column":47}},"3":{"start":{"line":6,"column":25},"end":{"line":20,"column":1}},"4":{"start":{"line":7,"column":2},"end":{"line":13,"column":5}},"5":{"start":{"line":15,"column":2},"end":{"line":19,"column":5}},"6":{"start":{"line":23,"column":24},"end":{"line":30,"column":2}},"7":{"start":{"line":33,"column":22},"end":{"line":44,"column":2}},"8":{"start":{"line":38,"column":4},"end":{"line":38,"column":40}},"9":{"start":{"line":47,"column":20},"end":{"line":55,"column":2}},"10":{"start":{"line":50,"column":25},"end":{"line":50,"column":53}},"11":{"start":{"line":57,"column":0},"end":{"line":61,"column":2}}},"fnMap":{"0":{"name":"(anonymous_0)","decl":{"start":{"line":6,"column":25},"end":{"line":6,"column":26}},"loc":{"start":{"line":6,"column":39},"end":{"line":20,"column":1}},"line":6},"1":{"name":"(anonymous_1)","decl":{"start":{"line":36,"column":16},"end":{"line":36,"column":17}},"loc":{"start":{"line":36,"column":25},"end":{"line":39,"column":3}},"line":36},"2":{"name":"(anonymous_2)","decl":{"start":{"line":50,"column":16},"end":{"line":50,"column":17}},"loc":{"start":{"line":50,"column":25},"end":{"line":50,"column":53}},"line":50}},"branchMap":{"0":{"loc":{"start":{"line":38,"column":11},"end":{"line":38,"column":39}},"type":"binary-expr","locations":[{"start":{"line":38,"column":11},"end":{"line":38,"column":29}},{"start":{"line":38,"column":33},"end":{"line":38,"column":39}}],"line":38},"1":{"loc":{"start":{"line":50,"column":25},"end":{"line":50,"column":53}},"type":"binary-expr","locations":[{"start":{"line":50,"column":25},"end":{"line":50,"column":43}},{"start":{"line":50,"column":47},"end":{"line":50,"column":53}}],"line":50}},"s":{"0":3,"1":3,"2":3,"3":3,"4":0,"5":0,"6":3,"7":3,"8":0,"9":3,"10":0,"11":3},"f":{"0":0,"1":0,"2":0},"b":{"0":[0,0],"1":[0,0]},"_coverageSchema":"1a1c01bbd47fc00a2c39e90264f33305004495a9","hash":"3d4727592100ad44d43bc08b7bc79fcfe34d640b"}
,"/home/eevan/ProyectosIA/SIST_VOUCHERS_HOTEL/vouchers-hostal-playa-norte/backend/src/routes/reports.js": {"path":"/home/eevan/ProyectosIA/SIST_VOUCHERS_HOTEL/vouchers-hostal-playa-norte/backend/src/routes/reports.js","statementMap":{"0":{"start":{"line":1,"column":16},"end":{"line":1,"column":34}},"1":{"start":{"line":2,"column":26},"end":{"line":2,"column":62}},"2":{"start":{"line":3,"column":40},"end":{"line":3,"column":69}},"3":{"start":{"line":4,"column":28},"end":{"line":4,"column":65}},"4":{"start":{"line":6,"column":15},"end":{"line":6,"column":31}},"5":{"start":{"line":12,"column":0},"end":{"line":45,"column":2}},"6":{"start":{"line":16,"column":4},"end":{"line":43,"column":5}},"7":{"start":{"line":17,"column":49},"end":{"line":17,"column":58}},"8":{"start":{"line":19,"column":6},"end":{"line":21,"column":7}},"9":{"start":{"line":20,"column":8},"end":{"line":20,"column":80}},"10":{"start":{"line":23,"column":21},"end":{"line":28,"column":8}},"11":{"start":{"line":30,"column":6},"end":{"line":34,"column":7}},"12":{"start":{"line":31,"column":8},"end":{"line":31,"column":65}},"13":{"start":{"line":32,"column":8},"end":{"line":32,"column":101}},"14":{"start":{"line":33,"column":8},"end":{"line":33,"column":36}},"15":{"start":{"line":36,"column":6},"end":{"line":40,"column":9}},"16":{"start":{"line":42,"column":6},"end":{"line":42,"column":18}},"17":{"start":{"line":51,"column":0},"end":{"line":76,"column":2}},"18":{"start":{"line":55,"column":4},"end":{"line":74,"column":5}},"19":{"start":{"line":56,"column":27},"end":{"line":56,"column":36}},"20":{"start":{"line":58,"column":6},"end":{"line":60,"column":7}},"21":{"start":{"line":59,"column":8},"end":{"line":59,"column":80}},"22":{"start":{"line":62,"column":21},"end":{"line":66,"column":8}},"23":{"start":{"line":68,"column":6},"end":{"line":71,"column":9}},"24":{"start":{"line":73,"column":6},"end":{"line":73,"column":18}},"25":{"start":{"line":82,"column":0},"end":{"line":99,"column":2}},"26":{"start":{"line":86,"column":4},"end":{"line":97,"column":5}},"27":{"start":{"line":87,"column":21},"end":{"line":89,"column":8}},"28":{"start":{"line":91,"column":6},"end":{"line":94,"column":9}},"29":{"start":{"line":96,"column":6},"end":{"line":96,"column":18}},"30":{"start":{"line":101,"column":0},"end":{"line":101,"column":24}}},"fnMap":{"0":{"name":"(anonymous_0)","decl":{"start":{"line":15,"column":2},"end":{"line":15,"column":3}},"loc":{"start":{"line":15,"column":28},"end":{"line":44,"column":3}},"line":15},"1":{"name":"(anonymous_1)","decl":{"start":{"line":54,"column":2},"end":{"line":54,"column":3}},"loc":{"start":{"line":54,"column":28},"end":{"line":75,"column":3}},"line":54},"2":{"name":"(anonymous_2)","decl":{"start":{"line":85,"column":2},"end":{"line":85,"column":3}},"loc":{"start":{"line":85,"column":28},"end":{"line":98,"column":3}},"line":85}},"branchMap":{"0":{"loc":{"start":{"line":19,"column":6},"end":{"line":21,"column":7}},"type":"if","locations":[{"start":{"line":19,"column":6},"end":{"line":21,"column":7}},{"start":{},"end":{}}],"line":19},"1":{"loc":{"start":{"line":19,"column":10},"end":{"line":19,"column":22}},"type":"binary-expr","locations":[{"start":{"line":19,"column":10},"end":{"line":19,"column":15}},{"start":{"line":19,"column":19},"end":{"line":19,"column":22}}],"line":19},"2":{"loc":{"start":{"line":26,"column":22},"end":{"line":26,"column":66}},"type":"cond-expr","locations":[{"start":{"line":26,"column":37},"end":{"line":26,"column":59}},{"start":{"line":26,"column":62},"end":{"line":26,"column":66}}],"line":26},"3":{"loc":{"start":{"line":30,"column":6},"end":{"line":34,"column":7}},"type":"if","locations":[{"start":{"line":30,"column":6},"end":{"line":34,"column":7}},{"start":{},"end":{}}],"line":30},"4":{"loc":{"start":{"line":58,"column":6},"end":{"line":60,"column":7}},"type":"if","locations":[{"start":{"line":58,"column":6},"end":{"line":60,"column":7}},{"start":{},"end":{}}],"line":58},"5":{"loc":{"start":{"line":58,"column":10},"end":{"line":58,"column":22}},"type":"binary-expr","locations":[{"start":{"line":58,"column":10},"end":{"line":58,"column":15}},{"start":{"line":58,"column":19},"end":{"line":58,"column":22}}],"line":58}},"s":{"0":3,"1":3,"2":3,"3":3,"4":3,"5":3,"6":0,"7":0,"8":0,"9":0,"10":0,"11":0,"12":0,"13":0,"14":0,"15":0,"16":0,"17":3,"18":0,"19":0,"20":0,"21":0,"22":0,"23":0,"24":0,"25":3,"26":0,"27":0,"28":0,"29":0,"30":3},"f":{"0":0,"1":0,"2":0},"b":{"0":[0,0],"1":[0,0],"2":[0,0],"3":[0,0],"4":[0,0],"5":[0,0]},"_coverageSchema":"1a1c01bbd47fc00a2c39e90264f33305004495a9","hash":"0305c6d138c173e0dfb9bb3b0522413583586827"}
,"/home/eevan/ProyectosIA/SIST_VOUCHERS_HOTEL/vouchers-hostal-playa-norte/backend/src/routes/sync.js": {"path":"/home/eevan/ProyectosIA/SIST_VOUCHERS_HOTEL/vouchers-hostal-playa-norte/backend/src/routes/sync.js","statementMap":{"0":{"start":{"line":1,"column":16},"end":{"line":1,"column":34}},"1":{"start":{"line":2,"column":24},"end":{"line":2,"column":58}},"2":{"start":{"line":3,"column":40},"end":{"line":3,"column":69}},"3":{"start":{"line":4,"column":24},"end":{"line":4,"column":60}},"4":{"start":{"line":5,"column":28},"end":{"line":5,"column":65}},"5":{"start":{"line":6,"column":14},"end":{"line":6,"column":28}},"6":{"start":{"line":8,"column":15},"end":{"line":8,"column":31}},"7":{"start":{"line":11,"column":30},"end":{"line":19,"column":2}},"8":{"start":{"line":25,"column":0},"end":{"line":50,"column":2}},"9":{"start":{"line":30,"column":4},"end":{"line":48,"column":5}},"10":{"start":{"line":31,"column":19},"end":{"line":31,"column":56}},"11":{"start":{"line":33,"column":21},"end":{"line":37,"column":8}},"12":{"start":{"line":40,"column":25},"end":{"line":40,"column":84}},"13":{"start":{"line":42,"column":6},"end":{"line":42,"column":42}},"14":{"start":{"line":44,"column":6},"end":{"line":46,"column":7}},"15":{"start":{"line":45,"column":8},"end":{"line":45,"column":74}},"16":{"start":{"line":47,"column":6},"end":{"line":47,"column":18}},"17":{"start":{"line":56,"column":0},"end":{"line":78,"column":2}},"18":{"start":{"line":60,"column":4},"end":{"line":76,"column":5}},"19":{"start":{"line":61,"column":35},"end":{"line":61,"column":44}},"20":{"start":{"line":63,"column":6},"end":{"line":65,"column":7}},"21":{"start":{"line":64,"column":8},"end":{"line":64,"column":67}},"22":{"start":{"line":67,"column":21},"end":{"line":71,"column":8}},"23":{"start":{"line":73,"column":6},"end":{"line":73,"column":23}},"24":{"start":{"line":75,"column":6},"end":{"line":75,"column":18}},"25":{"start":{"line":84,"column":0},"end":{"line":107,"column":2}},"26":{"start":{"line":88,"column":4},"end":{"line":105,"column":5}},"27":{"start":{"line":89,"column":48},"end":{"line":89,"column":57}},"28":{"start":{"line":91,"column":6},"end":{"line":93,"column":7}},"29":{"start":{"line":92,"column":8},"end":{"line":92,"column":67}},"30":{"start":{"line":95,"column":21},"end":{"line":100,"column":8}},"31":{"start":{"line":102,"column":6},"end":{"line":102,"column":23}},"32":{"start":{"line":104,"column":6},"end":{"line":104,"column":18}},"33":{"start":{"line":109,"column":0},"end":{"line":109,"column":24}}},"fnMap":{"0":{"name":"(anonymous_0)","decl":{"start":{"line":29,"column":2},"end":{"line":29,"column":3}},"loc":{"start":{"line":29,"column":28},"end":{"line":49,"column":3}},"line":29},"1":{"name":"(anonymous_1)","decl":{"start":{"line":59,"column":2},"end":{"line":59,"column":3}},"loc":{"start":{"line":59,"column":28},"end":{"line":77,"column":3}},"line":59},"2":{"name":"(anonymous_2)","decl":{"start":{"line":87,"column":2},"end":{"line":87,"column":3}},"loc":{"start":{"line":87,"column":28},"end":{"line":106,"column":3}},"line":87}},"branchMap":{"0":{"loc":{"start":{"line":40,"column":25},"end":{"line":40,"column":84}},"type":"cond-expr","locations":[{"start":{"line":40,"column":75},"end":{"line":40,"column":78}},{"start":{"line":40,"column":81},"end":{"line":40,"column":84}}],"line":40},"1":{"loc":{"start":{"line":40,"column":25},"end":{"line":40,"column":72}},"type":"binary-expr","locations":[{"start":{"line":40,"column":25},"end":{"line":40,"column":41}},{"start":{"line":40,"column":45},"end":{"line":40,"column":72}}],"line":40},"2":{"loc":{"start":{"line":44,"column":6},"end":{"line":46,"column":7}},"type":"if","locations":[{"start":{"line":44,"column":6},"end":{"line":46,"column":7}},{"start":{},"end":{}}],"line":44},"3":{"loc":{"start":{"line":63,"column":6},"end":{"line":65,"column":7}},"type":"if","locations":[{"start":{"line":63,"column":6},"end":{"line":65,"column":7}},{"start":{},"end":{}}],"line":63},"4":{"loc":{"start":{"line":69,"column":15},"end":{"line":69,"column":44}},"type":"cond-expr","locations":[{"start":{"line":69,"column":23},"end":{"line":69,"column":38}},{"start":{"line":69,"column":41},"end":{"line":69,"column":44}}],"line":69},"5":{"loc":{"start":{"line":91,"column":6},"end":{"line":93,"column":7}},"type":"if","locations":[{"start":{"line":91,"column":6},"end":{"line":93,"column":7}},{"start":{},"end":{}}],"line":91}},"s":{"0":3,"1":3,"2":3,"3":3,"4":3,"5":3,"6":3,"7":3,"8":3,"9":0,"10":0,"11":0,"12":0,"13":0,"14":0,"15":0,"16":0,"17":3,"18":0,"19":0,"20":0,"21":0,"22":0,"23":0,"24":0,"25":3,"26":0,"27":0,"28":0,"29":0,"30":0,"31":0,"32":0,"33":3},"f":{"0":0,"1":0,"2":0},"b":{"0":[0,0],"1":[0,0],"2":[0,0],"3":[0,0],"4":[0,0],"5":[0,0]},"_coverageSchema":"1a1c01bbd47fc00a2c39e90264f33305004495a9","hash":"54ec01cbe5b470069f49857511e966e1b966a33b"}
,"/home/eevan/ProyectosIA/SIST_VOUCHERS_HOTEL/vouchers-hostal-playa-norte/backend/src/routes/vouchers.js": {"path":"/home/eevan/ProyectosIA/SIST_VOUCHERS_HOTEL/vouchers-hostal-playa-norte/backend/src/routes/vouchers.js","statementMap":{"0":{"start":{"line":1,"column":16},"end":{"line":1,"column":34}},"1":{"start":{"line":2,"column":27},"end":{"line":2,"column":64}},"2":{"start":{"line":3,"column":40},"end":{"line":3,"column":69}},"3":{"start":{"line":4,"column":43},"end":{"line":4,"column":79}},"4":{"start":{"line":5,"column":28},"end":{"line":5,"column":65}},"5":{"start":{"line":6,"column":14},"end":{"line":6,"column":28}},"6":{"start":{"line":8,"column":15},"end":{"line":8,"column":31}},"7":{"start":{"line":11,"column":27},"end":{"line":16,"column":2}},"8":{"start":{"line":19,"column":30},"end":{"line":22,"column":2}},"9":{"start":{"line":25,"column":28},"end":{"line":30,"column":2}},"10":{"start":{"line":36,"column":0},"end":{"line":58,"column":2}},"11":{"start":{"line":40,"column":4},"end":{"line":56,"column":5}},"12":{"start":{"line":42,"column":19},"end":{"line":42,"column":53}},"13":{"start":{"line":44,"column":21},"end":{"line":48,"column":8}},"14":{"start":{"line":50,"column":6},"end":{"line":50,"column":35}},"15":{"start":{"line":52,"column":6},"end":{"line":54,"column":7}},"16":{"start":{"line":53,"column":8},"end":{"line":53,"column":74}},"17":{"start":{"line":55,"column":6},"end":{"line":55,"column":18}},"18":{"start":{"line":64,"column":0},"end":{"line":81,"column":2}},"19":{"start":{"line":67,"column":4},"end":{"line":79,"column":5}},"20":{"start":{"line":68,"column":22},"end":{"line":71,"column":7}},"21":{"start":{"line":73,"column":6},"end":{"line":76,"column":9}},"22":{"start":{"line":78,"column":6},"end":{"line":78,"column":18}},"23":{"start":{"line":87,"column":0},"end":{"line":106,"column":2}},"24":{"start":{"line":90,"column":4},"end":{"line":104,"column":5}},"25":{"start":{"line":91,"column":19},"end":{"line":91,"column":56}},"26":{"start":{"line":93,"column":21},"end":{"line":96,"column":8}},"27":{"start":{"line":98,"column":6},"end":{"line":98,"column":23}},"28":{"start":{"line":100,"column":6},"end":{"line":102,"column":7}},"29":{"start":{"line":101,"column":8},"end":{"line":101,"column":74}},"30":{"start":{"line":103,"column":6},"end":{"line":103,"column":18}},"31":{"start":{"line":112,"column":0},"end":{"line":134,"column":2}},"32":{"start":{"line":117,"column":4},"end":{"line":132,"column":5}},"33":{"start":{"line":118,"column":19},"end":{"line":118,"column":54}},"34":{"start":{"line":120,"column":21},"end":{"line":124,"column":8}},"35":{"start":{"line":126,"column":6},"end":{"line":126,"column":23}},"36":{"start":{"line":128,"column":6},"end":{"line":130,"column":7}},"37":{"start":{"line":129,"column":8},"end":{"line":129,"column":74}},"38":{"start":{"line":131,"column":6},"end":{"line":131,"column":18}},"39":{"start":{"line":140,"column":0},"end":{"line":159,"column":2}},"40":{"start":{"line":144,"column":4},"end":{"line":157,"column":5}},"41":{"start":{"line":145,"column":25},"end":{"line":145,"column":33}},"42":{"start":{"line":147,"column":21},"end":{"line":152,"column":8}},"43":{"start":{"line":154,"column":6},"end":{"line":154,"column":23}},"44":{"start":{"line":156,"column":6},"end":{"line":156,"column":18}},"45":{"start":{"line":161,"column":0},"end":{"line":161,"column":24}}},"fnMap":{"0":{"name":"(anonymous_0)","decl":{"start":{"line":39,"column":2},"end":{"line":39,"column":3}},"loc":{"start":{"line":39,"column":28},"end":{"line":57,"column":3}},"line":39},"1":{"name":"(anonymous_1)","decl":{"start":{"line":66,"column":2},"end":{"line":66,"column":3}},"loc":{"start":{"line":66,"column":28},"end":{"line":80,"column":3}},"line":66},"2":{"name":"(anonymous_2)","decl":{"start":{"line":89,"column":2},"end":{"line":89,"column":3}},"loc":{"start":{"line":89,"column":28},"end":{"line":105,"column":3}},"line":89},"3":{"name":"(anonymous_3)","decl":{"start":{"line":116,"column":2},"end":{"line":116,"column":3}},"loc":{"start":{"line":116,"column":28},"end":{"line":133,"column":3}},"line":116},"4":{"name":"(anonymous_4)","decl":{"start":{"line":143,"column":2},"end":{"line":143,"column":3}},"loc":{"start":{"line":143,"column":28},"end":{"line":158,"column":3}},"line":143}},"branchMap":{"0":{"loc":{"start":{"line":52,"column":6},"end":{"line":54,"column":7}},"type":"if","locations":[{"start":{"line":52,"column":6},"end":{"line":54,"column":7}},{"start":{},"end":{}}],"line":52},"1":{"loc":{"start":{"line":100,"column":6},"end":{"line":102,"column":7}},"type":"if","locations":[{"start":{"line":100,"column":6},"end":{"line":102,"column":7}},{"start":{},"end":{}}],"line":100},"2":{"loc":{"start":{"line":128,"column":6},"end":{"line":130,"column":7}},"type":"if","locations":[{"start":{"line":128,"column":6},"end":{"line":130,"column":7}},{"start":{},"end":{}}],"line":128},"3":{"loc":{"start":{"line":149,"column":16},"end":{"line":149,"column":46}},"type":"binary-expr","locations":[{"start":{"line":149,"column":16},"end":{"line":149,"column":22}},{"start":{"line":149,"column":26},"end":{"line":149,"column":46}}],"line":149}},"s":{"0":3,"1":3,"2":3,"3":3,"4":3,"5":3,"6":3,"7":3,"8":3,"9":3,"10":3,"11":0,"12":0,"13":0,"14":0,"15":0,"16":0,"17":0,"18":3,"19":0,"20":0,"21":0,"22":0,"23":3,"24":0,"25":0,"26":0,"27":0,"28":0,"29":0,"30":0,"31":3,"32":0,"33":0,"34":0,"35":0,"36":0,"37":0,"38":0,"39":3,"40":0,"41":0,"42":0,"43":0,"44":0,"45":3},"f":{"0":0,"1":0,"2":0,"3":0,"4":0},"b":{"0":[0,0],"1":[0,0],"2":[0,0],"3":[0,0]},"_coverageSchema":"1a1c01bbd47fc00a2c39e90264f33305004495a9","hash":"127f0f4a11bb4d42bcfa641e3a1fc65f3cac3fea"}
,"/home/eevan/ProyectosIA/SIST_VOUCHERS_HOTEL/vouchers-hostal-playa-norte/backend/src/services/cryptoService.js": {"path":"/home/eevan/ProyectosIA/SIST_VOUCHERS_HOTEL/vouchers-hostal-playa-norte/backend/src/services/cryptoService.js","statementMap":{"0":{"start":{"line":1,"column":15},"end":{"line":1,"column":32}},"1":{"start":{"line":2,"column":15},"end":{"line":2,"column":47}},"2":{"start":{"line":3,"column":19},"end":{"line":3,"column":46}},"3":{"start":{"line":10,"column":17},"end":{"line":10,"column":70}},"4":{"start":{"line":12,"column":17},"end":{"line":15,"column":20}},"5":{"start":{"line":17,"column":4},"end":{"line":21,"column":7}},"6":{"start":{"line":23,"column":4},"end":{"line":23,"column":16}},"7":{"start":{"line":30,"column":25},"end":{"line":35,"column":5}},"8":{"start":{"line":37,"column":4},"end":{"line":57,"column":5}},"9":{"start":{"line":38,"column":22},"end":{"line":41,"column":7}},"10":{"start":{"line":43,"column":6},"end":{"line":47,"column":9}},"11":{"start":{"line":49,"column":6},"end":{"line":49,"column":21}},"12":{"start":{"line":51,"column":6},"end":{"line":55,"column":9}},"13":{"start":{"line":56,"column":6},"end":{"line":56,"column":19}},"14":{"start":{"line":64,"column":17},"end":{"line":64,"column":41}},"15":{"start":{"line":65,"column":25},"end":{"line":65,"column":64}},"16":{"start":{"line":66,"column":4},"end":{"line":66,"column":58}},"17":{"start":{"line":73,"column":4},"end":{"line":91,"column":5}},"18":{"start":{"line":74,"column":20},"end":{"line":74,"column":37}},"19":{"start":{"line":76,"column":6},"end":{"line":78,"column":7}},"20":{"start":{"line":77,"column":8},"end":{"line":77,"column":45}},"21":{"start":{"line":80,"column":6},"end":{"line":84,"column":8}},"22":{"start":{"line":86,"column":6},"end":{"line":89,"column":9}},"23":{"start":{"line":90,"column":6},"end":{"line":90,"column":41}},"24":{"start":{"line":95,"column":0},"end":{"line":95,"column":56}}},"fnMap":{"0":{"name":"(anonymous_0)","decl":{"start":{"line":9,"column":2},"end":{"line":9,"column":3}},"loc":{"start":{"line":9,"column":66},"end":{"line":24,"column":3}},"line":9},"1":{"name":"(anonymous_1)","decl":{"start":{"line":29,"column":2},"end":{"line":29,"column":3}},"loc":{"start":{"line":29,"column":78},"end":{"line":58,"column":3}},"line":29},"2":{"name":"(anonymous_2)","decl":{"start":{"line":63,"column":2},"end":{"line":63,"column":3}},"loc":{"start":{"line":63,"column":38},"end":{"line":67,"column":3}},"line":63},"3":{"name":"(anonymous_3)","decl":{"start":{"line":72,"column":2},"end":{"line":72,"column":3}},"loc":{"start":{"line":72,"column":22},"end":{"line":92,"column":3}},"line":72}},"branchMap":{"0":{"loc":{"start":{"line":76,"column":6},"end":{"line":78,"column":7}},"type":"if","locations":[{"start":{"line":76,"column":6},"end":{"line":78,"column":7}},{"start":{},"end":{}}],"line":76}},"s":{"0":5,"1":5,"2":5,"3":27,"4":27,"5":27,"6":27,"7":5,"8":5,"9":5,"10":3,"11":3,"12":2,"13":2,"14":20,"15":20,"16":20,"17":3,"18":3,"19":3,"20":2,"21":1,"22":2,"23":2,"24":5},"f":{"0":27,"1":5,"2":20,"3":3},"b":{"0":[2,1]},"_coverageSchema":"1a1c01bbd47fc00a2c39e90264f33305004495a9","hash":"a54404e21536a862d60d98e119d90d71b2c517e9"}
,"/home/eevan/ProyectosIA/SIST_VOUCHERS_HOTEL/vouchers-hostal-playa-norte/backend/src/services/qrService.js": {"path":"/home/eevan/ProyectosIA/SIST_VOUCHERS_HOTEL/vouchers-hostal-playa-norte/backend/src/services/qrService.js","statementMap":{"0":{"start":{"line":1,"column":15},"end":{"line":1,"column":32}},"1":{"start":{"line":2,"column":19},"end":{"line":2,"column":46}},"2":{"start":{"line":3,"column":26},"end":{"line":3,"column":52}},"3":{"start":{"line":10,"column":4},"end":{"line":42,"column":5}},"4":{"start":{"line":12,"column":21},"end":{"line":12,"column":87}},"5":{"start":{"line":14,"column":22},"end":{"line":23,"column":8}},"6":{"start":{"line":25,"column":6},"end":{"line":29,"column":9}},"7":{"start":{"line":31,"column":6},"end":{"line":34,"column":8}},"8":{"start":{"line":36,"column":6},"end":{"line":40,"column":9}},"9":{"start":{"line":41,"column":6},"end":{"line":41,"column":46}},"10":{"start":{"line":49,"column":4},"end":{"line":73,"column":5}},"11":{"start":{"line":50,"column":21},"end":{"line":50,"column":54}},"12":{"start":{"line":53,"column":24},"end":{"line":53,"column":46}},"13":{"start":{"line":54,"column":6},"end":{"line":56,"column":7}},"14":{"start":{"line":55,"column":8},"end":{"line":55,"column":62}},"15":{"start":{"line":59,"column":24},"end":{"line":59,"column":45}},"16":{"start":{"line":60,"column":6},"end":{"line":62,"column":7}},"17":{"start":{"line":61,"column":8},"end":{"line":61,"column":62}},"18":{"start":{"line":65,"column":24},"end":{"line":65,"column":40}},"19":{"start":{"line":66,"column":6},"end":{"line":68,"column":7}},"20":{"start":{"line":67,"column":8},"end":{"line":67,"column":62}},"21":{"start":{"line":70,"column":6},"end":{"line":70,"column":37}},"22":{"start":{"line":72,"column":6},"end":{"line":72,"column":52}},"23":{"start":{"line":77,"column":0},"end":{"line":77,"column":48}}},"fnMap":{"0":{"name":"(anonymous_0)","decl":{"start":{"line":9,"column":2},"end":{"line":9,"column":3}},"loc":{"start":{"line":9,"column":35},"end":{"line":43,"column":3}},"line":9},"1":{"name":"(anonymous_1)","decl":{"start":{"line":48,"column":2},"end":{"line":48,"column":3}},"loc":{"start":{"line":48,"column":27},"end":{"line":74,"column":3}},"line":48}},"branchMap":{"0":{"loc":{"start":{"line":54,"column":6},"end":{"line":56,"column":7}},"type":"if","locations":[{"start":{"line":54,"column":6},"end":{"line":56,"column":7}},{"start":{},"end":{}}],"line":54},"1":{"loc":{"start":{"line":60,"column":6},"end":{"line":62,"column":7}},"type":"if","locations":[{"start":{"line":60,"column":6},"end":{"line":62,"column":7}},{"start":{},"end":{}}],"line":60},"2":{"loc":{"start":{"line":66,"column":6},"end":{"line":68,"column":7}},"type":"if","locations":[{"start":{"line":66,"column":6},"end":{"line":68,"column":7}},{"start":{},"end":{}}],"line":66}},"s":{"0":4,"1":4,"2":4,"3":15,"4":15,"5":15,"6":15,"7":15,"8":0,"9":0,"10":0,"11":0,"12":0,"13":0,"14":0,"15":0,"16":0,"17":0,"18":0,"19":0,"20":0,"21":0,"22":0,"23":4},"f":{"0":15,"1":0},"b":{"0":[0,0],"1":[0,0],"2":[0,0]},"_coverageSchema":"1a1c01bbd47fc00a2c39e90264f33305004495a9","hash":"276d49cc50d87eb45752064c6608f519558ecdb9"}
,"/home/eevan/ProyectosIA/SIST_VOUCHERS_HOTEL/vouchers-hostal-playa-norte/backend/src/services/reportService.js": {"path":"/home/eevan/ProyectosIA/SIST_VOUCHERS_HOTEL/vouchers-hostal-playa-norte/backend/src/services/reportService.js","statementMap":{"0":{"start":{"line":1,"column":18},"end":{"line":1,"column":47}},"1":{"start":{"line":2,"column":19},"end":{"line":2,"column":46}},"2":{"start":{"line":3,"column":28},"end":{"line":3,"column":65}},"3":{"start":{"line":10,"column":15},"end":{"line":10,"column":22}},"4":{"start":{"line":11,"column":22},"end":{"line":11,"column":32}},"5":{"start":{"line":13,"column":4},"end":{"line":19,"column":7}},"6":{"start":{"line":22,"column":4},"end":{"line":24,"column":5}},"7":{"start":{"line":23,"column":6},"end":{"line":23,"column":90}},"8":{"start":{"line":26,"column":16},"end":{"line":43,"column":5}},"9":{"start":{"line":45,"column":19},"end":{"line":45,"column":21}},"10":{"start":{"line":47,"column":4},"end":{"line":50,"column":5}},"11":{"start":{"line":48,"column":6},"end":{"line":48,"column":47}},"12":{"start":{"line":49,"column":6},"end":{"line":49,"column":29}},"13":{"start":{"line":52,"column":4},"end":{"line":55,"column":5}},"14":{"start":{"line":53,"column":6},"end":{"line":53,"column":47}},"15":{"start":{"line":54,"column":6},"end":{"line":54,"column":27}},"16":{"start":{"line":57,"column":4},"end":{"line":60,"column":5}},"17":{"start":{"line":58,"column":6},"end":{"line":58,"column":41}},"18":{"start":{"line":59,"column":6},"end":{"line":59,"column":32}},"19":{"start":{"line":62,"column":4},"end":{"line":62,"column":44}},"20":{"start":{"line":64,"column":24},"end":{"line":64,"column":56}},"21":{"start":{"line":67,"column":22},"end":{"line":67,"column":85}},"22":{"start":{"line":68,"column":20},"end":{"line":70,"column":16}},"23":{"start":{"line":69,"column":6},"end":{"line":69,"column":102}},"24":{"start":{"line":72,"column":16},"end":{"line":72,"column":35}},"25":{"start":{"line":74,"column":4},"end":{"line":79,"column":7}},"26":{"start":{"line":81,"column":4},"end":{"line":88,"column":6}},"27":{"start":{"line":95,"column":15},"end":{"line":95,"column":22}},"28":{"start":{"line":97,"column":18},"end":{"line":109,"column":30}},"29":{"start":{"line":111,"column":20},"end":{"line":121,"column":30}},"30":{"start":{"line":123,"column":4},"end":{"line":127,"column":6}},"31":{"start":{"line":134,"column":15},"end":{"line":134,"column":22}},"32":{"start":{"line":137,"column":18},"end":{"line":137,"column":56}},"33":{"start":{"line":139,"column":23},"end":{"line":148,"column":24}},"34":{"start":{"line":151,"column":27},"end":{"line":157,"column":12}},"35":{"start":{"line":160,"column":28},"end":{"line":165,"column":12}},"36":{"start":{"line":168,"column":26},"end":{"line":172,"column":12}},"37":{"start":{"line":174,"column":4},"end":{"line":180,"column":6}},"38":{"start":{"line":184,"column":0},"end":{"line":184,"column":56}}},"fnMap":{"0":{"name":"(anonymous_0)","decl":{"start":{"line":9,"column":2},"end":{"line":9,"column":3}},"loc":{"start":{"line":9,"column":85},"end":{"line":89,"column":3}},"line":9},"1":{"name":"(anonymous_1)","decl":{"start":{"line":68,"column":36},"end":{"line":68,"column":37}},"loc":{"start":{"line":69,"column":6},"end":{"line":69,"column":102}},"line":69},"2":{"name":"(anonymous_2)","decl":{"start":{"line":94,"column":2},"end":{"line":94,"column":3}},"loc":{"start":{"line":94,"column":72},"end":{"line":128,"column":3}},"line":94},"3":{"name":"(anonymous_3)","decl":{"start":{"line":133,"column":2},"end":{"line":133,"column":3}},"loc":{"start":{"line":133,"column":50},"end":{"line":181,"column":3}},"line":133}},"branchMap":{"0":{"loc":{"start":{"line":22,"column":4},"end":{"line":24,"column":5}},"type":"if","locations":[{"start":{"line":22,"column":4},"end":{"line":24,"column":5}},{"start":{},"end":{}}],"line":22},"1":{"loc":{"start":{"line":22,"column":8},"end":{"line":22,"column":71}},"type":"binary-expr","locations":[{"start":{"line":22,"column":8},"end":{"line":22,"column":17}},{"start":{"line":22,"column":21},"end":{"line":22,"column":28}},{"start":{"line":22,"column":32},"end":{"line":22,"column":71}}],"line":22},"2":{"loc":{"start":{"line":47,"column":4},"end":{"line":50,"column":5}},"type":"if","locations":[{"start":{"line":47,"column":4},"end":{"line":50,"column":5}},{"start":{},"end":{}}],"line":47},"3":{"loc":{"start":{"line":52,"column":4},"end":{"line":55,"column":5}},"type":"if","locations":[{"start":{"line":52,"column":4},"end":{"line":55,"column":5}},{"start":{},"end":{}}],"line":52},"4":{"loc":{"start":{"line":57,"column":4},"end":{"line":60,"column":5}},"type":"if","locations":[{"start":{"line":57,"column":4},"end":{"line":60,"column":5}},{"start":{},"end":{}}],"line":57}},"s":{"0":3,"1":3,"2":3,"3":0,"4":0,"5":0,"6":0,"7":0,"8":0,"9":0,"10":0,"11":0,"12":0,"13":0,"14":0,"15":0,"16":0,"17":0,"18":0,"19":0,"20":0,"21":0,"22":0,"23":0,"24":0,"25":0,"26":0,"27":0,"28":0,"29":0,"30":0,"31":0,"32":0,"33":0,"34":0,"35":0,"36":0,"37":0,"38":3},"f":{"0":0,"1":0,"2":0,"3":0},"b":{"0":[0,0],"1":[0,0,0],"2":[0,0],"3":[0,0],"4":[0,0]},"_coverageSchema":"1a1c01bbd47fc00a2c39e90264f33305004495a9","hash":"5586ae2e0cfc002bc9de04cc0b6a4824162be537"}
,"/home/eevan/ProyectosIA/SIST_VOUCHERS_HOTEL/vouchers-hostal-playa-norte/backend/src/services/syncService.js": {"path":"/home/eevan/ProyectosIA/SIST_VOUCHERS_HOTEL/vouchers-hostal-playa-norte/backend/src/services/syncService.js","statementMap":{"0":{"start":{"line":1,"column":18},"end":{"line":1,"column":47}},"1":{"start":{"line":2,"column":32},"end":{"line":2,"column":59}},"2":{"start":{"line":3,"column":27},"end":{"line":3,"column":54}},"3":{"start":{"line":4,"column":26},"end":{"line":4,"column":63}},"4":{"start":{"line":5,"column":15},"end":{"line":5,"column":47}},"5":{"start":{"line":12,"column":15},"end":{"line":12,"column":22}},"6":{"start":{"line":13,"column":22},"end":{"line":13,"column":32}},"7":{"start":{"line":15,"column":4},"end":{"line":20,"column":7}},"8":{"start":{"line":22,"column":20},"end":{"line":22,"column":22}},"9":{"start":{"line":23,"column":22},"end":{"line":23,"column":24}},"10":{"start":{"line":24,"column":23},"end":{"line":24,"column":24}},"11":{"start":{"line":25,"column":24},"end":{"line":25,"column":25}},"12":{"start":{"line":26,"column":21},"end":{"line":26,"column":22}},"13":{"start":{"line":28,"column":4},"end":{"line":119,"column":5}},"14":{"start":{"line":29,"column":6},"end":{"line":118,"column":7}},"15":{"start":{"line":31,"column":8},"end":{"line":39,"column":9}},"16":{"start":{"line":32,"column":10},"end":{"line":36,"column":13}},"17":{"start":{"line":37,"column":10},"end":{"line":37,"column":23}},"18":{"start":{"line":38,"column":10},"end":{"line":38,"column":19}},"19":{"start":{"line":42,"column":23},"end":{"line":48,"column":10}},"20":{"start":{"line":51,"column":8},"end":{"line":54,"column":65}},"21":{"start":{"line":56,"column":8},"end":{"line":61,"column":11}},"22":{"start":{"line":63,"column":8},"end":{"line":63,"column":23}},"23":{"start":{"line":66,"column":8},"end":{"line":117,"column":9}},"24":{"start":{"line":68,"column":10},"end":{"line":74,"column":13}},"25":{"start":{"line":77,"column":10},"end":{"line":80,"column":56}},"26":{"start":{"line":82,"column":33},"end":{"line":90,"column":11}},"27":{"start":{"line":92,"column":10},"end":{"line":92,"column":39}},"28":{"start":{"line":93,"column":10},"end":{"line":93,"column":41}},"29":{"start":{"line":94,"column":10},"end":{"line":94,"column":26}},"30":{"start":{"line":98,"column":10},"end":{"line":104,"column":13}},"31":{"start":{"line":106,"column":10},"end":{"line":109,"column":56}},"32":{"start":{"line":111,"column":10},"end":{"line":115,"column":13}},"33":{"start":{"line":116,"column":10},"end":{"line":116,"column":23}},"34":{"start":{"line":122,"column":4},"end":{"line":132,"column":7}},"35":{"start":{"line":134,"column":4},"end":{"line":142,"column":7}},"36":{"start":{"line":144,"column":4},"end":{"line":154,"column":6}},"37":{"start":{"line":161,"column":15},"end":{"line":161,"column":22}},"38":{"start":{"line":163,"column":20},"end":{"line":169,"column":28}},"39":{"start":{"line":171,"column":4},"end":{"line":177,"column":6}},"40":{"start":{"line":173,"column":38},"end":{"line":176,"column":7}},"41":{"start":{"line":184,"column":15},"end":{"line":184,"column":22}},"42":{"start":{"line":186,"column":16},"end":{"line":193,"column":5}},"43":{"start":{"line":195,"column":19},"end":{"line":195,"column":30}},"44":{"start":{"line":197,"column":4},"end":{"line":200,"column":5}},"45":{"start":{"line":198,"column":6},"end":{"line":198,"column":43}},"46":{"start":{"line":199,"column":6},"end":{"line":199,"column":29}},"47":{"start":{"line":202,"column":4},"end":{"line":205,"column":5}},"48":{"start":{"line":203,"column":6},"end":{"line":203,"column":43}},"49":{"start":{"line":204,"column":6},"end":{"line":204,"column":27}},"50":{"start":{"line":207,"column":4},"end":{"line":207,"column":73}},"51":{"start":{"line":209,"column":18},"end":{"line":209,"column":50}},"52":{"start":{"line":211,"column":4},"end":{"line":215,"column":6}},"53":{"start":{"line":219,"column":0},"end":{"line":219,"column":52}}},"fnMap":{"0":{"name":"(anonymous_0)","decl":{"start":{"line":11,"column":2},"end":{"line":11,"column":3}},"loc":{"start":{"line":11,"column":77},"end":{"line":155,"column":3}},"line":11},"1":{"name":"(anonymous_1)","decl":{"start":{"line":160,"column":2},"end":{"line":160,"column":3}},"loc":{"start":{"line":160,"column":67},"end":{"line":178,"column":3}},"line":160},"2":{"name":"(anonymous_2)","decl":{"start":{"line":173,"column":27},"end":{"line":173,"column":28}},"loc":{"start":{"line":173,"column":38},"end":{"line":176,"column":7}},"line":173},"3":{"name":"(anonymous_3)","decl":{"start":{"line":183,"column":2},"end":{"line":183,"column":3}},"loc":{"start":{"line":183,"column":72},"end":{"line":216,"column":3}},"line":183}},"branchMap":{"0":{"loc":{"start":{"line":31,"column":8},"end":{"line":39,"column":9}},"type":"if","locations":[{"start":{"line":31,"column":8},"end":{"line":39,"column":9}},{"start":{},"end":{}}],"line":31},"1":{"loc":{"start":{"line":31,"column":12},"end":{"line":31,"column":60}},"type":"binary-expr","locations":[{"start":{"line":31,"column":12},"end":{"line":31,"column":32}},{"start":{"line":31,"column":36},"end":{"line":31,"column":60}}],"line":31},"2":{"loc":{"start":{"line":66,"column":8},"end":{"line":117,"column":9}},"type":"if","locations":[{"start":{"line":66,"column":8},"end":{"line":117,"column":9}},{"start":{"line":96,"column":15},"end":{"line":117,"column":9}}],"line":66},"3":{"loc":{"start":{"line":153,"column":17},"end":{"line":153,"column":61}},"type":"cond-expr","locations":[{"start":{"line":153,"column":40},"end":{"line":153,"column":49}},{"start":{"line":153,"column":52},"end":{"line":153,"column":61}}],"line":153},"4":{"loc":{"start":{"line":160,"column":36},"end":{"line":160,"column":47}},"type":"default-arg","locations":[{"start":{"line":160,"column":44},"end":{"line":160,"column":47}}],"line":160},"5":{"loc":{"start":{"line":197,"column":4},"end":{"line":200,"column":5}},"type":"if","locations":[{"start":{"line":197,"column":4},"end":{"line":200,"column":5}},{"start":{},"end":{}}],"line":197},"6":{"loc":{"start":{"line":202,"column":4},"end":{"line":205,"column":5}},"type":"if","locations":[{"start":{"line":202,"column":4},"end":{"line":205,"column":5}},{"start":{},"end":{}}],"line":202}},"s":{"0":3,"1":3,"2":3,"3":3,"4":3,"5":0,"6":0,"7":0,"8":0,"9":0,"10":0,"11":0,"12":0,"13":0,"14":0,"15":0,"16":0,"17":0,"18":0,"19":0,"20":0,"21":0,"22":0,"23":0,"24":0,"25":0,"26":0,"27":0,"28":0,"29":0,"30":0,"31":0,"32":0,"33":0,"34":0,"35":0,"36":0,"37":0,"38":0,"39":0,"40":0,"41":0,"42":0,"43":0,"44":0,"45":0,"46":0,"47":0,"48":0,"49":0,"50":0,"51":0,"52":0,"53":3},"f":{"0":0,"1":0,"2":0,"3":0},"b":{"0":[0,0],"1":[0,0],"2":[0,0],"3":[0,0],"4":[0],"5":[0,0],"6":[0,0]},"_coverageSchema":"1a1c01bbd47fc00a2c39e90264f33305004495a9","hash":"383498862e2d72e0050174ff3f8cc590be431d45"}
,"/home/eevan/ProyectosIA/SIST_VOUCHERS_HOTEL/vouchers-hostal-playa-norte/backend/src/services/voucherService.js": {"path":"/home/eevan/ProyectosIA/SIST_VOUCHERS_HOTEL/vouchers-hostal-playa-norte/backend/src/services/voucherService.js","statementMap":{"0":{"start":{"line":1,"column":18},"end":{"line":1,"column":47}},"1":{"start":{"line":2,"column":32},"end":{"line":2,"column":59}},"2":{"start":{"line":3,"column":26},"end":{"line":3,"column":52}},"3":{"start":{"line":4,"column":22},"end":{"line":4,"column":44}},"4":{"start":{"line":5,"column":58},"end":{"line":5,"column":95}},"5":{"start":{"line":6,"column":29},"end":{"line":6,"column":51}},"6":{"start":{"line":13,"column":15},"end":{"line":13,"column":22}},"7":{"start":{"line":14,"column":22},"end":{"line":14,"column":32}},"8":{"start":{"line":16,"column":4},"end":{"line":21,"column":7}},"9":{"start":{"line":24,"column":17},"end":{"line":24,"column":76}},"10":{"start":{"line":25,"column":4},"end":{"line":27,"column":5}},"11":{"start":{"line":26,"column":6},"end":{"line":26,"column":41}},"12":{"start":{"line":30,"column":26},"end":{"line":30,"column":46}},"13":{"start":{"line":31,"column":27},"end":{"line":31,"column":48}},"14":{"start":{"line":32,"column":24},"end":{"line":32,"column":51}},"15":{"start":{"line":33,"column":25},"end":{"line":33,"column":53}},"16":{"start":{"line":35,"column":4},"end":{"line":37,"column":5}},"17":{"start":{"line":36,"column":6},"end":{"line":36,"column":100}},"18":{"start":{"line":39,"column":4},"end":{"line":41,"column":5}},"19":{"start":{"line":40,"column":6},"end":{"line":40,"column":90}},"20":{"start":{"line":43,"column":21},"end":{"line":43,"column":23}},"21":{"start":{"line":45,"column":24},"end":{"line":76,"column":6}},"22":{"start":{"line":46,"column":6},"end":{"line":75,"column":7}},"23":{"start":{"line":46,"column":19},"end":{"line":46,"column":20}},"24":{"start":{"line":48,"column":23},"end":{"line":48,"column":81}},"25":{"start":{"line":49,"column":31},"end":{"line":49,"column":47}},"26":{"start":{"line":52,"column":21},"end":{"line":52,"column":70}},"27":{"start":{"line":55,"column":30},"end":{"line":60,"column":9}},"28":{"start":{"line":63,"column":29},"end":{"line":66,"column":69}},"29":{"start":{"line":68,"column":8},"end":{"line":74,"column":11}},"30":{"start":{"line":78,"column":4},"end":{"line":123,"column":5}},"31":{"start":{"line":79,"column":6},"end":{"line":79,"column":20}},"32":{"start":{"line":82,"column":29},"end":{"line":87,"column":7}},"33":{"start":{"line":84,"column":21},"end":{"line":84,"column":63}},"34":{"start":{"line":85,"column":10},"end":{"line":85,"column":39}},"35":{"start":{"line":90,"column":6},"end":{"line":98,"column":9}},"36":{"start":{"line":96,"column":41},"end":{"line":96,"column":47}},"37":{"start":{"line":100,"column":6},"end":{"line":105,"column":9}},"38":{"start":{"line":107,"column":6},"end":{"line":114,"column":8}},"39":{"start":{"line":116,"column":6},"end":{"line":121,"column":9}},"40":{"start":{"line":122,"column":6},"end":{"line":122,"column":18}},"41":{"start":{"line":130,"column":15},"end":{"line":130,"column":22}},"42":{"start":{"line":132,"column":20},"end":{"line":137,"column":16}},"43":{"start":{"line":139,"column":4},"end":{"line":141,"column":5}},"44":{"start":{"line":140,"column":6},"end":{"line":140,"column":41}},"45":{"start":{"line":144,"column":23},"end":{"line":149,"column":22}},"46":{"start":{"line":151,"column":4},"end":{"line":155,"column":6}},"47":{"start":{"line":162,"column":15},"end":{"line":162,"column":22}},"48":{"start":{"line":163,"column":22},"end":{"line":163,"column":32}},"49":{"start":{"line":165,"column":4},"end":{"line":169,"column":7}},"50":{"start":{"line":171,"column":20},"end":{"line":171,"column":63}},"51":{"start":{"line":174,"column":4},"end":{"line":191,"column":5}},"52":{"start":{"line":175,"column":26},"end":{"line":181,"column":7}},"53":{"start":{"line":183,"column":6},"end":{"line":190,"column":7}},"54":{"start":{"line":184,"column":8},"end":{"line":188,"column":11}},"55":{"start":{"line":189,"column":8},"end":{"line":189,"column":57}},"56":{"start":{"line":194,"column":4},"end":{"line":205,"column":5}},"57":{"start":{"line":195,"column":6},"end":{"line":204,"column":8}},"58":{"start":{"line":208,"column":16},"end":{"line":208,"column":26}},"59":{"start":{"line":209,"column":22},"end":{"line":209,"column":70}},"60":{"start":{"line":210,"column":23},"end":{"line":210,"column":72}},"61":{"start":{"line":212,"column":4},"end":{"line":218,"column":5}},"62":{"start":{"line":213,"column":6},"end":{"line":217,"column":8}},"63":{"start":{"line":220,"column":4},"end":{"line":230,"column":5}},"64":{"start":{"line":222,"column":6},"end":{"line":223,"column":36}},"65":{"start":{"line":225,"column":6},"end":{"line":229,"column":8}},"66":{"start":{"line":233,"column":4},"end":{"line":240,"column":5}},"67":{"start":{"line":234,"column":6},"end":{"line":239,"column":8}},"68":{"start":{"line":242,"column":4},"end":{"line":247,"column":7}},"69":{"start":{"line":249,"column":4},"end":{"line":259,"column":6}},"70":{"start":{"line":266,"column":15},"end":{"line":266,"column":22}},"71":{"start":{"line":267,"column":22},"end":{"line":267,"column":32}},"72":{"start":{"line":269,"column":4},"end":{"line":275,"column":7}},"73":{"start":{"line":277,"column":24},"end":{"line":348,"column":6}},"74":{"start":{"line":279,"column":22},"end":{"line":284,"column":18}},"75":{"start":{"line":286,"column":6},"end":{"line":288,"column":7}},"76":{"start":{"line":287,"column":8},"end":{"line":287,"column":43}},"77":{"start":{"line":291,"column":6},"end":{"line":293,"column":7}},"78":{"start":{"line":292,"column":8},"end":{"line":292,"column":74}},"79":{"start":{"line":296,"column":18},"end":{"line":296,"column":28}},"80":{"start":{"line":297,"column":24},"end":{"line":297,"column":72}},"81":{"start":{"line":298,"column":25},"end":{"line":298,"column":74}},"82":{"start":{"line":300,"column":6},"end":{"line":302,"column":7}},"83":{"start":{"line":301,"column":8},"end":{"line":301,"column":62}},"84":{"start":{"line":304,"column":6},"end":{"line":309,"column":7}},"85":{"start":{"line":306,"column":8},"end":{"line":307,"column":38}},"86":{"start":{"line":308,"column":8},"end":{"line":308,"column":54}},"87":{"start":{"line":312,"column":6},"end":{"line":347,"column":7}},"88":{"start":{"line":313,"column":33},"end":{"line":316,"column":76}},"89":{"start":{"line":319,"column":8},"end":{"line":320,"column":39}},"90":{"start":{"line":322,"column":8},"end":{"line":328,"column":10}},"91":{"start":{"line":331,"column":8},"end":{"line":345,"column":9}},"92":{"start":{"line":333,"column":27},"end":{"line":338,"column":28}},"93":{"start":{"line":340,"column":10},"end":{"line":344,"column":13}},"94":{"start":{"line":346,"column":8},"end":{"line":346,"column":20}},"95":{"start":{"line":350,"column":4},"end":{"line":386,"column":5}},"96":{"start":{"line":351,"column":21},"end":{"line":351,"column":34}},"97":{"start":{"line":354,"column":6},"end":{"line":363,"column":9}},"98":{"start":{"line":365,"column":6},"end":{"line":371,"column":9}},"99":{"start":{"line":373,"column":6},"end":{"line":376,"column":8}},"100":{"start":{"line":378,"column":6},"end":{"line":384,"column":9}},"101":{"start":{"line":385,"column":6},"end":{"line":385,"column":18}},"102":{"start":{"line":393,"column":15},"end":{"line":393,"column":22}},"103":{"start":{"line":395,"column":20},"end":{"line":395,"column":63}},"104":{"start":{"line":397,"column":4},"end":{"line":399,"column":5}},"105":{"start":{"line":398,"column":6},"end":{"line":398,"column":77}},"106":{"start":{"line":401,"column":4},"end":{"line":403,"column":5}},"107":{"start":{"line":402,"column":6},"end":{"line":402,"column":61}},"108":{"start":{"line":405,"column":4},"end":{"line":406,"column":36}},"109":{"start":{"line":408,"column":4},"end":{"line":414,"column":7}},"110":{"start":{"line":416,"column":4},"end":{"line":419,"column":6}},"111":{"start":{"line":423,"column":0},"end":{"line":423,"column":58}}},"fnMap":{"0":{"name":"(anonymous_0)","decl":{"start":{"line":12,"column":2},"end":{"line":12,"column":3}},"loc":{"start":{"line":12,"column":101},"end":{"line":124,"column":3}},"line":12},"1":{"name":"(anonymous_1)","decl":{"start":{"line":45,"column":39},"end":{"line":45,"column":40}},"loc":{"start":{"line":45,"column":45},"end":{"line":76,"column":5}},"line":45},"2":{"name":"(anonymous_2)","decl":{"start":{"line":83,"column":21},"end":{"line":83,"column":22}},"loc":{"start":{"line":83,"column":40},"end":{"line":86,"column":9}},"line":83},"3":{"name":"(anonymous_3)","decl":{"start":{"line":96,"column":36},"end":{"line":96,"column":37}},"loc":{"start":{"line":96,"column":41},"end":{"line":96,"column":47}},"line":96},"4":{"name":"(anonymous_4)","decl":{"start":{"line":129,"column":2},"end":{"line":129,"column":3}},"loc":{"start":{"line":129,"column":41},"end":{"line":156,"column":3}},"line":129},"5":{"name":"(anonymous_5)","decl":{"start":{"line":161,"column":2},"end":{"line":161,"column":3}},"loc":{"start":{"line":161,"column":56},"end":{"line":260,"column":3}},"line":161},"6":{"name":"(anonymous_6)","decl":{"start":{"line":265,"column":2},"end":{"line":265,"column":3}},"loc":{"start":{"line":265,"column":82},"end":{"line":387,"column":3}},"line":265},"7":{"name":"(anonymous_7)","decl":{"start":{"line":277,"column":39},"end":{"line":277,"column":40}},"loc":{"start":{"line":277,"column":45},"end":{"line":348,"column":5}},"line":277},"8":{"name":"(anonymous_8)","decl":{"start":{"line":392,"column":2},"end":{"line":392,"column":3}},"loc":{"start":{"line":392,"column":65},"end":{"line":420,"column":3}},"line":392}},"branchMap":{"0":{"loc":{"start":{"line":25,"column":4},"end":{"line":27,"column":5}},"type":"if","locations":[{"start":{"line":25,"column":4},"end":{"line":27,"column":5}},{"start":{},"end":{}}],"line":25},"1":{"loc":{"start":{"line":35,"column":4},"end":{"line":37,"column":5}},"type":"if","locations":[{"start":{"line":35,"column":4},"end":{"line":37,"column":5}},{"start":{},"end":{}}],"line":35},"2":{"loc":{"start":{"line":35,"column":8},"end":{"line":35,"column":68}},"type":"binary-expr","locations":[{"start":{"line":35,"column":8},"end":{"line":35,"column":35}},{"start":{"line":35,"column":39},"end":{"line":35,"column":68}}],"line":35},"3":{"loc":{"start":{"line":39,"column":4},"end":{"line":41,"column":5}},"type":"if","locations":[{"start":{"line":39,"column":4},"end":{"line":41,"column":5}},{"start":{},"end":{}}],"line":39},"4":{"loc":{"start":{"line":139,"column":4},"end":{"line":141,"column":5}},"type":"if","locations":[{"start":{"line":139,"column":4},"end":{"line":141,"column":5}},{"start":{},"end":{}}],"line":139},"5":{"loc":{"start":{"line":154,"column":18},"end":{"line":154,"column":36}},"type":"binary-expr","locations":[{"start":{"line":154,"column":18},"end":{"line":154,"column":28}},{"start":{"line":154,"column":32},"end":{"line":154,"column":36}}],"line":154},"6":{"loc":{"start":{"line":174,"column":4},"end":{"line":191,"column":5}},"type":"if","locations":[{"start":{"line":174,"column":4},"end":{"line":191,"column":5}},{"start":{},"end":{}}],"line":174},"7":{"loc":{"start":{"line":183,"column":6},"end":{"line":190,"column":7}},"type":"if","locations":[{"start":{"line":183,"column":6},"end":{"line":190,"column":7}},{"start":{},"end":{}}],"line":183},"8":{"loc":{"start":{"line":194,"column":4},"end":{"line":205,"column":5}},"type":"if","locations":[{"start":{"line":194,"column":4},"end":{"line":205,"column":5}},{"start":{},"end":{}}],"line":194},"9":{"loc":{"start":{"line":212,"column":4},"end":{"line":218,"column":5}},"type":"if","locations":[{"start":{"line":212,"column":4},"end":{"line":218,"column":5}},{"start":{},"end":{}}],"line":212},"10":{"loc":{"start":{"line":220,"column":4},"end":{"line":230,"column":5}},"type":"if","locations":[{"start":{"line":220,"column":4},"end":{"line":230,"column":5}},{"start":{},"end":{}}],"line":220},"11":{"loc":{"start":{"line":233,"column":4},"end":{"line":240,"column":5}},"type":"if","locations":[{"start":{"line":233,"column":4},"end":{"line":240,"column":5}},{"start":{},"end":{}}],"line":233},"12":{"loc":{"start":{"line":286,"column":6},"end":{"line":288,"column":7}},"type":"if","locations":[{"start":{"line":286,"column":6},"end":{"line":288,"column":7}},{"start":{},"end":{}}],"line":286},"13":{"loc":{"start":{"line":291,"column":6},"end":{"line":293,"column":7}},"type":"if","locations":[{"start":{"line":291,"column":6},"end":{"line":293,"column":7}},{"start":{},"end":{}}],"line":291},"14":{"loc":{"start":{"line":300,"column":6},"end":{"line":302,"column":7}},"type":"if","locations":[{"start":{"line":300,"column":6},"end":{"line":302,"column":7}},{"start":{},"end":{}}],"line":300},"15":{"loc":{"start":{"line":304,"column":6},"end":{"line":309,"column":7}},"type":"if","locations":[{"start":{"line":304,"column":6},"end":{"line":309,"column":7}},{"start":{},"end":{}}],"line":304},"16":{"loc":{"start":{"line":331,"column":8},"end":{"line":345,"column":9}},"type":"if","locations":[{"start":{"line":331,"column":8},"end":{"line":345,"column":9}},{"start":{},"end":{}}],"line":331},"17":{"loc":{"start":{"line":397,"column":4},"end":{"line":399,"column":5}},"type":"if","locations":[{"start":{"line":397,"column":4},"end":{"line":399,"column":5}},{"start":{},"end":{}}],"line":397},"18":{"loc":{"start":{"line":401,"column":4},"end":{"line":403,"column":5}},"type":"if","locations":[{"start":{"line":401,"column":4},"end":{"line":403,"column":5}},{"start":{},"end":{}}],"line":401}},"s":{"0":4,"1":4,"2":4,"3":4,"4":4,"5":4,"6":13,"7":13,"8":13,"9":13,"10":13,"11":1,"12":12,"13":12,"14":12,"15":12,"16":12,"17":1,"18":11,"19":0,"20":11,"21":11,"22":11,"23":11,"24":15,"25":15,"26":15,"27":15,"28":15,"29":15,"30":11,"31":11,"32":11,"33":15,"34":15,"35":11,"36":15,"37":11,"38":11,"39":0,"40":0,"41":5,"42":5,"43":5,"44":0,"45":5,"46":5,"47":3,"48":3,"49":3,"50":3,"51":3,"52":2,"53":2,"54":1,"55":1,"56":2,"57":1,"58":1,"59":1,"60":1,"61":1,"62":0,"63":1,"64":0,"65":0,"66":1,"67":0,"68":1,"69":1,"70":8,"71":8,"72":8,"73":8,"74":8,"75":8,"76":0,"77":8,"78":2,"79":6,"80":6,"81":6,"82":6,"83":0,"84":6,"85":0,"86":0,"87":6,"88":6,"89":6,"90":6,"91":0,"92":0,"93":0,"94":0,"95":8,"96":8,"97":6,"98":6,"99":6,"100":2,"101":2,"102":2,"103":2,"104":2,"105":1,"106":1,"107":0,"108":1,"109":1,"110":1,"111":4},"f":{"0":13,"1":11,"2":15,"3":15,"4":5,"5":3,"6":8,"7":8,"8":2},"b":{"0":[1,12],"1":[1,11],"2":[12,12],"3":[0,11],"4":[0,5],"5":[5,3],"6":[2,1],"7":[1,1],"8":[1,1],"9":[0,1],"10":[0,1],"11":[0,1],"12":[0,8],"13":[2,6],"14":[0,6],"15":[0,6],"16":[0,0],"17":[1,1],"18":[0,1]},"_coverageSchema":"1a1c01bbd47fc00a2c39e90264f33305004495a9","hash":"9e95ded99ec6737e23bf1b889c279de67a3583f8"}
}
