TN:
SF:src/application/use-cases/CompleteOrder.js
FN:5,(anonymous_0)
FN:14,(anonymous_1)
FN:86,(anonymous_2)
FNF:3
FNH:0
FNDA:0,(anonymous_0)
FNDA:0,(anonymous_1)
FNDA:0,(anonymous_2)
DA:6,0
DA:7,0
DA:8,0
DA:15,0
DA:17,0
DA:18,0
DA:19,0
DA:23,0
DA:24,0
DA:28,0
DA:29,0
DA:33,0
DA:34,0
DA:35,0
DA:37,0
DA:38,0
DA:40,0
DA:41,0
DA:42,0
DA:44,0
DA:50,0
DA:51,0
DA:52,0
DA:57,0
DA:60,0
DA:62,0
DA:68,0
DA:78,0
DA:79,0
DA:87,0
DA:89,0
DA:90,0
DA:91,0
DA:95,0
DA:96,0
DA:103,0
DA:106,0
DA:108,0
DA:113,0
DA:119,0
DA:120,0
LF:41
LH:0
BRDA:14,0,0,0
BRDA:18,1,0,0
BRDA:18,1,1,0
BRDA:23,2,0,0
BRDA:23,2,1,0
BRDA:28,3,0,0
BRDA:28,3,1,0
BRDA:33,4,0,0
BRDA:33,4,1,0
BRDA:50,5,0,0
BRDA:50,5,1,0
BRDA:86,6,0,0
BRDA:90,7,0,0
BRDA:90,7,1,0
BRDA:95,8,0,0
BRDA:95,8,1,0
BRF:16
BRH:0
end_of_record
TN:
SF:src/application/use-cases/CreateOrder.js
FN:7,(anonymous_0)
FN:16,(anonymous_1)
FNF:2
FNH:0
FNDA:0,(anonymous_0)
FNDA:0,(anonymous_1)
DA:8,0
DA:9,0
DA:10,0
DA:17,0
DA:19,0
DA:20,0
DA:21,0
DA:25,0
DA:26,0
DA:30,0
DA:33,0
DA:34,0
DA:43,0
DA:45,0
DA:51,0
DA:61,0
DA:62,0
LF:17
LH:0
BRDA:16,0,0,0
BRDA:20,1,0,0
BRDA:20,1,1,0
BRDA:25,2,0,0
BRDA:25,2,1,0
BRF:5
BRH:0
end_of_record
TN:
SF:src/application/use-cases/CreateStay.js
FN:18,(anonymous_0)
FN:19,(anonymous_1)
FN:34,(anonymous_2)
FN:46,(anonymous_3)
FN:136,(anonymous_4)
FNF:5
FNH:0
FNDA:0,(anonymous_0)
FNDA:0,(anonymous_1)
FNDA:0,(anonymous_2)
FNDA:0,(anonymous_3)
FNDA:0,(anonymous_4)
DA:14,0
DA:18,0
DA:19,0
DA:35,0
DA:36,0
DA:37,0
DA:47,0
DA:49,0
DA:51,0
DA:52,0
DA:53,0
DA:54,0
DA:58,0
DA:59,0
DA:60,0
DA:64,0
DA:65,0
DA:66,0
DA:70,0
DA:71,0
DA:72,0
DA:76,0
DA:83,0
DA:84,0
DA:87,0
DA:91,0
DA:94,0
DA:109,0
DA:112,0
DA:117,0
DA:122,0
DA:123,0
DA:125,0
DA:137,0
DA:138,0
LF:35
LH:0
BRDA:52,0,0,0
BRDA:52,0,1,0
BRDA:58,1,0,0
BRDA:58,1,1,0
BRDA:65,2,0,0
BRDA:65,2,1,0
BRDA:71,3,0,0
BRDA:71,3,1,0
BRDA:83,4,0,0
BRDA:83,4,1,0
BRDA:102,5,0,0
BRDA:102,5,1,0
BRDA:122,6,0,0
BRDA:122,6,1,0
BRF:14
BRH:0
end_of_record
TN:
SF:src/application/use-cases/GenerateVoucher.js
FN:8,(anonymous_0)
FN:18,(anonymous_1)
FN:83,(anonymous_2)
FNF:3
FNH:0
FNDA:0,(anonymous_0)
FNDA:0,(anonymous_1)
FNDA:0,(anonymous_2)
DA:9,0
DA:10,0
DA:11,0
DA:12,0
DA:19,0
DA:21,0
DA:22,0
DA:23,0
DA:27,0
DA:28,0
DA:32,0
DA:35,0
DA:36,0
DA:39,0
DA:47,0
DA:52,0
DA:55,0
DA:58,0
DA:60,0
DA:66,0
DA:75,0
DA:76,0
DA:84,0
DA:85,0
DA:87,0
DA:88,0
DA:91,0
LF:27
LH:0
BRDA:18,0,0,0
BRDA:22,1,0,0
BRDA:22,1,1,0
BRDA:27,2,0,0
BRDA:27,2,1,0
BRF:5
BRH:0
end_of_record
TN:
SF:src/application/use-cases/LoginUser.js
FN:29,(anonymous_0)
FN:42,(anonymous_1)
FN:97,(anonymous_2)
FNF:3
FNH:0
FNDA:0,(anonymous_0)
FNDA:0,(anonymous_1)
FNDA:0,(anonymous_2)
DA:13,0
DA:30,0
DA:31,0
DA:32,0
DA:33,0
DA:44,0
DA:46,0
DA:48,0
DA:50,0
DA:51,0
DA:52,0
DA:56,0
DA:57,0
DA:58,0
DA:62,0
DA:67,0
DA:68,0
DA:69,0
DA:73,0
DA:76,0
DA:79,0
DA:86,0
DA:87,0
DA:89,0
DA:98,0
LF:25
LH:0
BRDA:50,0,0,0
BRDA:50,0,1,0
BRDA:56,1,0,0
BRDA:56,1,1,0
BRDA:67,2,0,0
BRDA:67,2,1,0
BRDA:86,3,0,0
BRDA:86,3,1,0
BRF:8
BRH:0
end_of_record
TN:
SF:src/application/use-cases/RedeemVoucher.js
FN:6,(anonymous_0)
FN:14,(anonymous_1)
FN:41,(anonymous_2)
FN:69,(anonymous_3)
FNF:4
FNH:0
FNDA:0,(anonymous_0)
FNDA:0,(anonymous_1)
FNDA:0,(anonymous_2)
FNDA:0,(anonymous_3)
DA:7,0
DA:8,0
DA:15,0
DA:17,0
DA:19,0
DA:23,0
DA:30,0
DA:34,0
DA:42,0
DA:43,0
DA:48,0
DA:57,0
DA:59,0
DA:61,0
DA:62,0
DA:70,0
DA:71,0
DA:73,0
DA:74,0
DA:77,0
DA:78,0
DA:84,0
DA:85,0
DA:88,0
DA:94,0
DA:95,0
LF:26
LH:0
BRDA:14,0,0,0
BRDA:41,1,0,0
BRDA:73,2,0,0
BRDA:73,2,1,0
BRDA:77,3,0,0
BRDA:77,3,1,0
BRDA:84,4,0,0
BRDA:84,4,1,0
BRF:8
BRH:0
end_of_record
TN:
SF:src/application/use-cases/RegisterUser.js
FN:31,(anonymous_0)
FN:43,(anonymous_1)
FNF:2
FNH:0
FNDA:0,(anonymous_0)
FNDA:0,(anonymous_1)
DA:13,0
DA:32,0
DA:33,0
DA:34,0
DA:45,0
DA:47,0
DA:49,0
DA:50,0
DA:54,0
DA:55,0
DA:56,0
DA:62,0
DA:63,0
DA:64,0
DA:68,0
DA:71,0
DA:82,0
DA:85,0
DA:88,0
DA:93,0
DA:94,0
DA:96,0
LF:22
LH:0
BRDA:49,0,0,0
BRDA:49,0,1,0
BRDA:55,1,0,0
BRDA:55,1,1,0
BRDA:62,2,0,0
BRDA:62,2,1,0
BRDA:93,3,0,0
BRDA:93,3,1,0
BRF:8
BRH:0
end_of_record
TN:
SF:src/application/use-cases/ValidateVoucher.js
FN:6,(anonymous_0)
FN:15,(anonymous_1)
FNF:2
FNH:0
FNDA:0,(anonymous_0)
FNDA:0,(anonymous_1)
DA:7,0
DA:8,0
DA:9,0
DA:16,0
DA:18,0
DA:19,0
DA:20,0
DA:28,0
DA:29,0
DA:38,0
DA:39,0
DA:48,0
DA:49,0
DA:50,0
DA:57,0
DA:58,0
DA:66,0
DA:71,0
DA:82,0
DA:83,0
LF:20
LH:0
BRDA:19,0,0,0
BRDA:19,0,1,0
BRDA:28,1,0,0
BRDA:28,1,1,0
BRDA:38,2,0,0
BRDA:38,2,1,0
BRDA:49,3,0,0
BRDA:49,3,1,0
BRDA:57,4,0,0
BRDA:57,4,1,0
BRF:10
BRH:0
end_of_record
TN:
SF:src/config/database.js
FN:7,(anonymous_0)
FN:12,(anonymous_1)
FN:34,(anonymous_2)
FN:60,(anonymous_3)
FN:67,(anonymous_4)
FN:76,(anonymous_5)
FN:87,(anonymous_6)
FNF:7
FNH:0
FNDA:0,(anonymous_0)
FNDA:0,(anonymous_1)
FNDA:0,(anonymous_2)
FNDA:0,(anonymous_3)
FNDA:0,(anonymous_4)
FNDA:0,(anonymous_5)
FNDA:0,(anonymous_6)
DA:1,0
DA:2,0
DA:3,0
DA:4,0
DA:8,0
DA:9,0
DA:13,0
DA:15,0
DA:16,0
DA:19,0
DA:20,0
DA:23,0
DA:24,0
DA:29,0
DA:30,0
DA:31,0
DA:34,0
DA:35,0
DA:38,0
DA:40,0
DA:49,0
DA:51,0
DA:56,0
DA:61,0
DA:62,0
DA:64,0
DA:68,0
DA:69,0
DA:70,0
DA:71,0
DA:77,0
DA:78,0
DA:83,0
DA:85,0
DA:87,0
LF:35
LH:0
BRDA:13,0,0,0
BRDA:13,0,1,0
BRDA:15,1,0,0
BRDA:15,1,1,0
BRDA:19,2,0,0
BRDA:19,2,1,0
BRDA:25,3,0,0
BRDA:25,3,1,0
BRDA:61,4,0,0
BRDA:61,4,1,0
BRDA:68,5,0,0
BRDA:68,5,1,0
BRF:12
BRH:0
end_of_record
TN:
SF:src/config/environment.js
FN:20,(anonymous_0)
FN:26,(anonymous_1)
FNF:2
FNH:0
FNDA:0,(anonymous_0)
FNDA:0,(anonymous_1)
DA:1,0
DA:2,0
DA:3,0
DA:6,0
DA:9,0
DA:20,0
DA:26,0
DA:39,0
DA:40,0
DA:43,0
DA:45,0
DA:51,0
DA:55,0
DA:56,0
DA:60,0
LF:15
LH:0
BRDA:55,0,0,0
BRDA:55,0,1,0
BRF:2
BRH:0
end_of_record
TN:
SF:src/config/logger.js
FNF:0
FNH:0
DA:1,0
DA:2,0
DA:3,0
DA:6,0
DA:7,0
DA:8,0
DA:12,0
DA:21,0
DA:47,0
DA:48,0
DA:57,0
DA:73,0
LF:12
LH:0
BRDA:7,0,0,0
BRDA:7,0,1,0
BRDA:22,1,0,0
BRDA:22,1,1,0
BRDA:26,2,0,0
BRDA:26,2,1,0
BRDA:27,3,0,0
BRDA:27,3,1,0
BRDA:32,4,0,0
BRDA:32,4,1,0
BRDA:39,5,0,0
BRDA:39,5,1,0
BRDA:47,6,0,0
BRDA:47,6,1,0
BRF:14
BRH:0
end_of_record
TN:
SF:src/domain/entities/Order.js
FN:35,(anonymous_0)
FN:52,(anonymous_1)
FN:70,(anonymous_2)
FN:95,(anonymous_3)
FN:100,(anonymous_4)
FN:108,(anonymous_5)
FN:113,(anonymous_6)
FN:125,(anonymous_7)
FN:130,(anonymous_8)
FN:147,(anonymous_9)
FN:161,(anonymous_10)
FN:162,(anonymous_11)
FN:169,(anonymous_12)
FN:184,(anonymous_13)
FN:197,(anonymous_14)
FN:201,(anonymous_15)
FN:213,(anonymous_16)
FN:232,(anonymous_17)
FNF:18
FNH:18
FNDA:19,(anonymous_0)
FNDA:18,(anonymous_1)
FNDA:13,(anonymous_2)
FNDA:2,(anonymous_3)
FNDA:2,(anonymous_4)
FNDA:1,(anonymous_5)
FNDA:1,(anonymous_6)
FNDA:2,(anonymous_7)
FNDA:2,(anonymous_8)
FNDA:2,(anonymous_9)
FNDA:38,(anonymous_10)
FNDA:19,(anonymous_11)
FNDA:5,(anonymous_12)
FNDA:2,(anonymous_13)
FNDA:1,(anonymous_14)
FNDA:1,(anonymous_15)
FNDA:1,(anonymous_16)
FNDA:1,(anonymous_17)
DA:5,1
DA:16,1
DA:36,19
DA:37,19
DA:38,19
DA:39,19
DA:40,19
DA:41,19
DA:42,19
DA:43,19
DA:44,19
DA:45,19
DA:46,19
DA:53,18
DA:63,18
DA:64,18
DA:71,13
DA:72,0
DA:75,13
DA:76,13
DA:86,13
DA:87,13
DA:88,13
DA:89,13
DA:96,2
DA:97,0
DA:100,2
DA:101,2
DA:102,2
DA:109,1
DA:110,0
DA:113,1
DA:114,1
DA:116,1
DA:117,1
DA:118,1
DA:119,1
DA:126,2
DA:127,0
DA:130,2
DA:131,2
DA:133,2
DA:134,1
DA:136,1
DA:137,1
DA:140,2
DA:141,2
DA:148,2
DA:149,0
DA:152,2
DA:153,2
DA:154,2
DA:155,2
DA:162,38
DA:163,38
DA:170,5
DA:171,1
DA:173,4
DA:174,1
DA:177,3
DA:178,3
DA:185,2
DA:186,0
DA:189,2
DA:190,2
DA:191,2
DA:198,1
DA:201,1
DA:214,1
DA:233,1
LF:70
LH:64
BRDA:36,0,0,19
BRDA:36,0,1,0
BRDA:38,1,0,19
BRDA:38,1,1,0
BRDA:39,2,0,19
BRDA:39,2,1,0
BRDA:40,3,0,19
BRDA:40,3,1,19
BRDA:41,4,0,19
BRDA:41,4,1,19
BRDA:42,5,0,19
BRDA:42,5,1,19
BRDA:43,6,0,19
BRDA:43,6,1,18
BRDA:44,7,0,19
BRDA:44,7,1,19
BRDA:45,8,0,19
BRDA:45,8,1,0
BRDA:46,9,0,19
BRDA:46,9,1,0
BRDA:52,10,0,0
BRDA:71,11,0,0
BRDA:71,11,1,13
BRDA:96,12,0,0
BRDA:96,12,1,2
BRDA:108,13,0,0
BRDA:109,14,0,0
BRDA:109,14,1,1
BRDA:114,15,0,0
BRDA:114,15,1,1
BRDA:125,16,0,0
BRDA:126,17,0,0
BRDA:126,17,1,2
BRDA:131,18,0,0
BRDA:131,18,1,2
BRDA:133,19,0,1
BRDA:133,19,1,1
BRDA:148,20,0,0
BRDA:148,20,1,2
BRDA:170,21,0,1
BRDA:170,21,1,4
BRDA:173,22,0,1
BRDA:173,22,1,3
BRDA:184,23,0,0
BRDA:185,24,0,0
BRDA:185,24,1,2
BRF:46
BRH:29
end_of_record
TN:
SF:src/domain/entities/Stay.js
FN:16,(anonymous_0)
FN:29,(anonymous_1)
FN:30,(anonymous_2)
FN:39,(anonymous_3)
FN:54,(anonymous_4)
FN:62,(anonymous_5)
FN:72,(anonymous_6)
FN:81,(anonymous_7)
FN:89,(anonymous_8)
FN:97,(anonymous_9)
FN:105,(anonymous_10)
FN:118,(anonymous_11)
FN:130,(anonymous_12)
FN:141,(anonymous_13)
FN:152,(anonymous_14)
FN:164,(anonymous_15)
FN:177,(anonymous_16)
FN:189,(anonymous_17)
FN:216,(anonymous_18)
FN:241,(anonymous_19)
FNF:20
FNH:18
FNDA:13,(anonymous_0)
FNDA:13,(anonymous_1)
FNDA:13,(anonymous_2)
FNDA:15,(anonymous_3)
FNDA:14,(anonymous_4)
FNDA:2,(anonymous_5)
FNDA:0,(anonymous_6)
FNDA:5,(anonymous_7)
FNDA:4,(anonymous_8)
FNDA:2,(anonymous_9)
FNDA:2,(anonymous_10)
FNDA:1,(anonymous_11)
FNDA:1,(anonymous_12)
FNDA:4,(anonymous_13)
FNDA:3,(anonymous_14)
FNDA:2,(anonymous_15)
FNDA:0,(anonymous_16)
FNDA:1,(anonymous_17)
FNDA:1,(anonymous_18)
FNDA:1,(anonymous_19)
DA:15,1
DA:16,13
DA:29,13
DA:30,13
DA:41,15
DA:42,1
DA:45,14
DA:46,12
DA:55,14
DA:63,2
DA:64,2
DA:73,0
DA:74,0
DA:82,5
DA:90,4
DA:98,2
DA:106,2
DA:107,2
DA:108,1
DA:110,0
DA:111,0
DA:119,1
DA:120,1
DA:121,1
DA:122,1
DA:123,1
DA:131,1
DA:132,1
DA:133,1
DA:134,1
DA:135,1
DA:142,4
DA:143,1
DA:145,3
DA:146,3
DA:153,3
DA:154,1
DA:156,2
DA:157,2
DA:165,2
DA:166,1
DA:168,1
DA:169,1
DA:170,1
DA:178,0
DA:179,0
DA:181,0
DA:182,0
DA:190,1
DA:217,1
DA:242,1
LF:51
LH:43
BRDA:41,0,0,1
BRDA:41,0,1,14
BRDA:107,1,0,1
BRDA:107,1,1,1
BRDA:108,2,0,1
BRDA:108,2,1,0
BRDA:142,3,0,1
BRDA:142,3,1,3
BRDA:153,4,0,1
BRDA:153,4,1,2
BRDA:165,5,0,1
BRDA:165,5,1,1
BRDA:169,6,0,1
BRDA:169,6,1,0
BRDA:178,7,0,0
BRDA:178,7,1,0
BRDA:178,8,0,0
BRDA:178,8,1,0
BRDA:230,9,0,1
BRDA:230,9,1,1
BRF:20
BRH:14
end_of_record
TN:
SF:src/domain/entities/User.js
FN:16,(anonymous_0)
FN:24,(anonymous_1)
FN:25,(anonymous_2)
FN:34,(anonymous_3)
FN:46,(anonymous_4)
FN:54,(anonymous_5)
FN:62,(anonymous_6)
FN:70,(anonymous_7)
FN:78,(anonymous_8)
FN:87,(anonymous_9)
FN:129,(anonymous_10)
FN:137,(anonymous_11)
FN:146,(anonymous_12)
FN:158,(anonymous_13)
FN:167,(anonymous_14)
FN:187,(anonymous_15)
FNF:16
FNH:12
FNDA:14,(anonymous_0)
FNDA:14,(anonymous_1)
FNDA:14,(anonymous_2)
FNDA:14,(anonymous_3)
FNDA:14,(anonymous_4)
FNDA:1,(anonymous_5)
FNDA:2,(anonymous_6)
FNDA:0,(anonymous_7)
FNDA:0,(anonymous_8)
FNDA:2,(anonymous_9)
FNDA:1,(anonymous_10)
FNDA:1,(anonymous_11)
FNDA:2,(anonymous_12)
FNDA:1,(anonymous_13)
FNDA:0,(anonymous_14)
FNDA:0,(anonymous_15)
DA:15,1
DA:16,14
DA:24,14
DA:25,14
DA:36,14
DA:38,12
DA:47,14
DA:55,1
DA:63,2
DA:71,0
DA:79,0
DA:88,2
DA:90,2
DA:92,1
DA:103,0
DA:110,0
DA:117,1
DA:130,1
DA:131,1
DA:138,1
DA:139,1
DA:147,2
DA:148,1
DA:150,1
DA:151,1
DA:159,1
DA:160,1
DA:168,0
DA:188,0
LF:29
LH:23
BRDA:71,0,0,0
BRDA:71,0,1,0
BRDA:79,1,0,0
BRDA:79,1,1,0
BRDA:90,2,0,1
BRDA:90,2,1,0
BRDA:90,2,2,0
BRDA:90,2,3,1
BRDA:90,2,4,1
BRDA:147,3,0,1
BRDA:147,3,1,1
BRDA:173,4,0,0
BRDA:173,4,1,0
BRDA:176,5,0,0
BRDA:176,5,1,0
BRF:15
BRH:5
end_of_record
TN:
SF:src/domain/entities/Voucher.js
FN:23,(anonymous_0)
FN:39,(anonymous_1)
FN:58,(anonymous_2)
FN:69,(anonymous_3)
FN:85,(anonymous_4)
FN:96,(anonymous_5)
FN:108,(anonymous_6)
FN:115,(anonymous_7)
FN:122,(anonymous_8)
FN:132,(anonymous_9)
FN:150,(anonymous_10)
FNF:11
FNH:1
FNDA:0,(anonymous_0)
FNDA:15,(anonymous_1)
FNDA:0,(anonymous_2)
FNDA:0,(anonymous_3)
FNDA:0,(anonymous_4)
FNDA:0,(anonymous_5)
FNDA:0,(anonymous_6)
FNDA:0,(anonymous_7)
FNDA:0,(anonymous_8)
FNDA:0,(anonymous_9)
FNDA:0,(anonymous_10)
DA:5,1
DA:24,0
DA:25,0
DA:26,0
DA:27,0
DA:28,0
DA:29,0
DA:30,0
DA:31,0
DA:32,0
DA:33,0
DA:40,15
DA:51,15
DA:52,0
DA:59,0
DA:60,0
DA:62,0
DA:63,0
DA:70,0
DA:71,0
DA:73,0
DA:74,0
DA:76,0
DA:77,0
DA:78,0
DA:79,0
DA:86,0
DA:87,0
DA:89,0
DA:90,0
DA:97,0
DA:98,0
DA:100,0
DA:101,0
DA:102,0
DA:109,0
DA:116,0
DA:123,0
DA:124,0
DA:125,0
DA:126,0
DA:133,0
DA:151,0
LF:43
LH:3
BRDA:24,0,0,0
BRDA:24,0,1,0
BRDA:28,1,0,0
BRDA:28,1,1,0
BRDA:29,2,0,0
BRDA:29,2,1,0
BRDA:31,3,0,0
BRDA:31,3,1,0
BRDA:32,4,0,0
BRDA:32,4,1,0
BRDA:33,5,0,0
BRDA:33,5,1,0
BRDA:59,6,0,0
BRDA:59,6,1,0
BRDA:69,7,0,0
BRDA:70,8,0,0
BRDA:70,8,1,0
BRDA:73,9,0,0
BRDA:73,9,1,0
BRDA:86,10,0,0
BRDA:86,10,1,0
BRDA:96,11,0,0
BRDA:97,12,0,0
BRDA:97,12,1,0
BRDA:116,13,0,0
BRDA:116,13,1,0
BRDA:154,14,0,0
BRDA:154,14,1,0
BRF:28
BRH:0
end_of_record
TN:
SF:src/domain/repositories/OrderRepository.js
FN:8,(anonymous_0)
FN:15,(anonymous_1)
FN:30,(anonymous_2)
FN:39,(anonymous_3)
FN:49,(anonymous_4)
FN:58,(anonymous_5)
FN:68,(anonymous_6)
FN:77,(anonymous_7)
FN:87,(anonymous_8)
FN:95,(anonymous_9)
FN:98,(anonymous_10)
FN:104,(anonymous_11)
FN:105,(anonymous_12)
FN:168,(anonymous_13)
FN:169,(anonymous_14)
FN:229,(anonymous_15)
FN:246,(anonymous_16)
FN:265,(anonymous_17)
FN:284,(anonymous_18)
FN:285,(anonymous_19)
FNF:20
FNH:0
FNDA:0,(anonymous_0)
FNDA:0,(anonymous_1)
FNDA:0,(anonymous_2)
FNDA:0,(anonymous_3)
FNDA:0,(anonymous_4)
FNDA:0,(anonymous_5)
FNDA:0,(anonymous_6)
FNDA:0,(anonymous_7)
FNDA:0,(anonymous_8)
FNDA:0,(anonymous_9)
FNDA:0,(anonymous_10)
FNDA:0,(anonymous_11)
FNDA:0,(anonymous_12)
FNDA:0,(anonymous_13)
FNDA:0,(anonymous_14)
FNDA:0,(anonymous_15)
FNDA:0,(anonymous_16)
FNDA:0,(anonymous_17)
FNDA:0,(anonymous_18)
FNDA:0,(anonymous_19)
DA:9,0
DA:16,0
DA:17,0
DA:18,0
DA:21,0
DA:22,0
DA:24,0
DA:31,0
DA:37,0
DA:39,0
DA:40,0
DA:41,0
DA:42,0
DA:50,0
DA:56,0
DA:58,0
DA:59,0
DA:60,0
DA:61,0
DA:69,0
DA:75,0
DA:77,0
DA:78,0
DA:79,0
DA:80,0
DA:88,0
DA:89,0
DA:96,0
DA:97,0
DA:98,0
DA:105,0
DA:106,0
DA:107,0
DA:109,0
DA:110,0
DA:114,0
DA:121,0
DA:134,0
DA:135,0
DA:141,0
DA:153,0
DA:154,0
DA:158,0
DA:161,0
DA:169,0
DA:170,0
DA:173,0
DA:181,0
DA:193,0
DA:194,0
DA:195,0
DA:201,0
DA:213,0
DA:214,0
DA:215,0
DA:219,0
DA:222,0
DA:230,0
DA:240,0
DA:247,0
DA:259,0
DA:266,0
DA:278,0
DA:285,0
DA:286,0
DA:287,0
DA:288,0
LF:67
LH:0
BRDA:18,0,0,0
BRDA:18,0,1,0
BRDA:30,1,0,0
BRDA:30,2,0,0
BRDA:49,3,0,0
BRDA:49,4,0,0
BRDA:68,5,0,0
BRDA:68,6,0,0
BRDA:109,7,0,0
BRDA:109,7,1,0
BRDA:265,8,0,0
BRF:11
BRH:0
end_of_record
TN:
SF:src/domain/repositories/StayRepository.js
FN:18,(anonymous_0)
FN:27,(anonymous_1)
FN:67,(anonymous_2)
FN:79,(anonymous_3)
FN:102,(anonymous_4)
FN:110,(anonymous_5)
FN:148,(anonymous_6)
FN:156,(anonymous_7)
FN:169,(anonymous_8)
FN:179,(anonymous_9)
FN:192,(anonymous_10)
FN:201,(anonymous_11)
FN:240,(anonymous_12)
FN:254,(anonymous_13)
FN:274,(anonymous_14)
FN:286,(anonymous_15)
FN:297,(anonymous_16)
FN:322,(anonymous_17)
FNF:18
FNH:0
FNDA:0,(anonymous_0)
FNDA:0,(anonymous_1)
FNDA:0,(anonymous_2)
FNDA:0,(anonymous_3)
FNDA:0,(anonymous_4)
FNDA:0,(anonymous_5)
FNDA:0,(anonymous_6)
FNDA:0,(anonymous_7)
FNDA:0,(anonymous_8)
FNDA:0,(anonymous_9)
FNDA:0,(anonymous_10)
FNDA:0,(anonymous_11)
FNDA:0,(anonymous_12)
FNDA:0,(anonymous_13)
FNDA:0,(anonymous_14)
FNDA:0,(anonymous_15)
FNDA:0,(anonymous_16)
FNDA:0,(anonymous_17)
DA:19,0
DA:28,0
DA:29,0
DA:30,0
DA:38,0
DA:56,0
DA:58,0
DA:68,0
DA:69,0
DA:70,0
DA:80,0
DA:81,0
DA:83,0
DA:84,0
DA:85,0
DA:88,0
DA:90,0
DA:91,0
DA:92,0
DA:95,0
DA:96,0
DA:97,0
DA:100,0
DA:101,0
DA:102,0
DA:111,0
DA:112,0
DA:114,0
DA:115,0
DA:116,0
DA:119,0
DA:120,0
DA:121,0
DA:124,0
DA:125,0
DA:126,0
DA:129,0
DA:130,0
DA:131,0
DA:134,0
DA:136,0
DA:137,0
DA:138,0
DA:141,0
DA:142,0
DA:143,0
DA:146,0
DA:147,0
DA:148,0
DA:157,0
DA:158,0
DA:168,0
DA:169,0
DA:180,0
DA:187,0
DA:192,0
DA:202,0
DA:203,0
DA:204,0
DA:207,0
DA:208,0
DA:210,0
DA:211,0
DA:219,0
DA:232,0
DA:241,0
DA:244,0
DA:245,0
DA:255,0
DA:256,0
DA:258,0
DA:259,0
DA:260,0
DA:263,0
DA:264,0
DA:265,0
DA:275,0
DA:276,0
DA:283,0
DA:285,0
DA:286,0
DA:287,0
DA:289,0
DA:298,0
DA:311,0
DA:323,0
DA:331,0
DA:337,0
LF:88
LH:0
BRDA:70,0,0,0
BRDA:70,0,1,0
BRDA:79,1,0,0
BRDA:83,2,0,0
BRDA:83,2,1,0
BRDA:88,3,0,0
BRDA:88,3,1,0
BRDA:90,4,0,0
BRDA:90,4,1,0
BRDA:95,5,0,0
BRDA:95,5,1,0
BRDA:110,6,0,0
BRDA:114,7,0,0
BRDA:114,7,1,0
BRDA:119,8,0,0
BRDA:119,8,1,0
BRDA:124,9,0,0
BRDA:124,9,1,0
BRDA:129,10,0,0
BRDA:129,10,1,0
BRDA:136,11,0,0
BRDA:136,11,1,0
BRDA:141,12,0,0
BRDA:141,12,1,0
BRDA:203,13,0,0
BRDA:203,13,1,0
BRDA:258,14,0,0
BRDA:258,14,1,0
BRF:28
BRH:0
end_of_record
TN:
SF:src/domain/repositories/UserRepository.js
FN:19,(anonymous_0)
FN:30,(anonymous_1)
FN:67,(anonymous_2)
FN:78,(anonymous_3)
FN:91,(anonymous_4)
FN:119,(anonymous_5)
FN:127,(anonymous_6)
FN:152,(anonymous_7)
FN:190,(anonymous_8)
FN:201,(anonymous_9)
FN:215,(anonymous_10)
FN:229,(anonymous_11)
FN:238,(anonymous_12)
FN:249,(anonymous_13)
FNF:14
FNH:0
FNDA:0,(anonymous_0)
FNDA:0,(anonymous_1)
FNDA:0,(anonymous_2)
FNDA:0,(anonymous_3)
FNDA:0,(anonymous_4)
FNDA:0,(anonymous_5)
FNDA:0,(anonymous_6)
FNDA:0,(anonymous_7)
FNDA:0,(anonymous_8)
FNDA:0,(anonymous_9)
FNDA:0,(anonymous_10)
FNDA:0,(anonymous_11)
FNDA:0,(anonymous_12)
FNDA:0,(anonymous_13)
DA:20,0
DA:31,0
DA:32,0
DA:33,0
DA:40,0
DA:53,0
DA:55,0
DA:56,0
DA:58,0
DA:68,0
DA:69,0
DA:70,0
DA:79,0
DA:82,0
DA:83,0
DA:92,0
DA:93,0
DA:95,0
DA:96,0
DA:97,0
DA:100,0
DA:101,0
DA:102,0
DA:105,0
DA:107,0
DA:108,0
DA:109,0
DA:112,0
DA:113,0
DA:114,0
DA:117,0
DA:118,0
DA:119,0
DA:128,0
DA:129,0
DA:131,0
DA:132,0
DA:133,0
DA:136,0
DA:137,0
DA:138,0
DA:141,0
DA:142,0
DA:143,0
DA:153,0
DA:154,0
DA:155,0
DA:159,0
DA:160,0
DA:162,0
DA:163,0
DA:170,0
DA:182,0
DA:191,0
DA:192,0
DA:193,0
DA:202,0
DA:203,0
DA:204,0
DA:206,0
DA:207,0
DA:216,0
DA:217,0
DA:218,0
DA:220,0
DA:221,0
DA:230,0
DA:239,0
DA:242,0
DA:250,0
DA:260,0
LF:71
LH:0
BRDA:55,0,0,0
BRDA:55,0,1,0
BRDA:70,1,0,0
BRDA:70,1,1,0
BRDA:83,2,0,0
BRDA:83,2,1,0
BRDA:91,3,0,0
BRDA:95,4,0,0
BRDA:95,4,1,0
BRDA:100,5,0,0
BRDA:100,5,1,0
BRDA:102,6,0,0
BRDA:102,6,1,0
BRDA:107,7,0,0
BRDA:107,7,1,0
BRDA:112,8,0,0
BRDA:112,8,1,0
BRDA:127,9,0,0
BRDA:131,10,0,0
BRDA:131,10,1,0
BRDA:136,11,0,0
BRDA:136,11,1,0
BRDA:138,12,0,0
BRDA:138,12,1,0
BRDA:154,13,0,0
BRDA:154,13,1,0
BRDA:203,14,0,0
BRDA:203,14,1,0
BRDA:217,15,0,0
BRDA:217,15,1,0
BRF:30
BRH:0
end_of_record
TN:
SF:src/domain/repositories/VoucherRepository.js
FN:8,(anonymous_0)
FN:15,(anonymous_1)
FN:24,(anonymous_2)
FN:33,(anonymous_3)
FN:41,(anonymous_4)
FN:47,(anonymous_5)
FN:55,(anonymous_6)
FN:61,(anonymous_7)
FN:72,(anonymous_8)
FN:78,(anonymous_9)
FN:86,(anonymous_10)
FN:92,(anonymous_11)
FN:100,(anonymous_12)
FN:106,(anonymous_13)
FN:141,(anonymous_14)
FN:170,(anonymous_15)
FN:171,(anonymous_16)
FN:205,(anonymous_17)
FN:229,(anonymous_18)
FN:237,(anonymous_19)
FN:252,(anonymous_20)
FN:253,(anonymous_21)
FN:272,(anonymous_22)
FN:296,(anonymous_23)
FNF:24
FNH:0
FNDA:0,(anonymous_0)
FNDA:0,(anonymous_1)
FNDA:0,(anonymous_2)
FNDA:0,(anonymous_3)
FNDA:0,(anonymous_4)
FNDA:0,(anonymous_5)
FNDA:0,(anonymous_6)
FNDA:0,(anonymous_7)
FNDA:0,(anonymous_8)
FNDA:0,(anonymous_9)
FNDA:0,(anonymous_10)
FNDA:0,(anonymous_11)
FNDA:0,(anonymous_12)
FNDA:0,(anonymous_13)
FNDA:0,(anonymous_14)
FNDA:0,(anonymous_15)
FNDA:0,(anonymous_16)
FNDA:0,(anonymous_17)
FNDA:0,(anonymous_18)
FNDA:0,(anonymous_19)
FNDA:0,(anonymous_20)
FNDA:0,(anonymous_21)
FNDA:0,(anonymous_22)
FNDA:0,(anonymous_23)
DA:9,0
DA:16,0
DA:17,0
DA:18,0
DA:25,0
DA:26,0
DA:27,0
DA:34,0
DA:40,0
DA:41,0
DA:48,0
DA:54,0
DA:55,0
DA:62,0
DA:63,0
DA:65,0
DA:71,0
DA:72,0
DA:79,0
DA:85,0
DA:86,0
DA:93,0
DA:99,0
DA:100,0
DA:107,0
DA:109,0
DA:110,0
DA:111,0
DA:114,0
DA:122,0
DA:135,0
DA:142,0
DA:144,0
DA:152,0
DA:164,0
DA:171,0
DA:173,0
DA:174,0
DA:175,0
DA:179,0
DA:180,0
DA:184,0
DA:185,0
DA:186,0
DA:187,0
DA:191,0
DA:192,0
DA:194,0
DA:206,0
DA:211,0
DA:212,0
DA:213,0
DA:214,0
DA:216,0
DA:223,0
DA:230,0
DA:235,0
DA:237,0
DA:238,0
DA:239,0
DA:240,0
DA:241,0
DA:242,0
DA:243,0
DA:245,0
DA:253,0
DA:254,0
DA:255,0
DA:257,0
DA:258,0
DA:259,0
DA:260,0
DA:261,0
DA:265,0
DA:273,0
DA:284,0
DA:285,0
DA:287,0
DA:297,0
DA:298,0
LF:80
LH:0
BRDA:18,0,0,0
BRDA:18,0,1,0
BRDA:27,1,0,0
BRDA:27,1,1,0
BRDA:33,2,0,0
BRDA:33,3,0,0
BRDA:47,4,0,0
BRDA:47,5,0,0
BRDA:61,6,0,0
BRDA:78,7,0,0
BRDA:78,8,0,0
BRDA:110,9,0,0
BRDA:110,9,1,0
BRDA:170,10,0,0
BRDA:174,11,0,0
BRDA:174,11,1,0
BRDA:179,12,0,0
BRDA:179,12,1,0
BRDA:184,13,0,0
BRDA:184,13,1,0
BRDA:205,14,0,0
BRDA:252,15,0,0
BRDA:258,16,0,0
BRDA:258,16,1,0
BRDA:285,17,0,0
BRDA:285,17,1,0
BRF:26
BRH:0
end_of_record
TN:
SF:src/infrastructure/security/JWTService.js
FN:19,(anonymous_0)
FN:38,(anonymous_1)
FN:59,(anonymous_2)
FN:77,(anonymous_3)
FN:90,(anonymous_4)
FN:110,(anonymous_5)
FN:138,(anonymous_6)
FN:147,(anonymous_7)
FN:164,(anonymous_8)
FN:178,(anonymous_9)
FN:190,(anonymous_10)
FN:209,(anonymous_11)
FN:234,(anonymous_12)
FN:253,(anonymous_13)
FNF:14
FNH:0
FNDA:0,(anonymous_0)
FNDA:0,(anonymous_1)
FNDA:0,(anonymous_2)
FNDA:0,(anonymous_3)
FNDA:0,(anonymous_4)
FNDA:0,(anonymous_5)
FNDA:0,(anonymous_6)
FNDA:0,(anonymous_7)
FNDA:0,(anonymous_8)
FNDA:0,(anonymous_9)
FNDA:0,(anonymous_10)
FNDA:0,(anonymous_11)
FNDA:0,(anonymous_12)
FNDA:0,(anonymous_13)
DA:20,0
DA:21,0
DA:23,0
DA:24,0
DA:27,0
DA:28,0
DA:29,0
DA:30,0
DA:39,0
DA:48,0
DA:60,0
DA:66,0
DA:78,0
DA:91,0
DA:92,0
DA:94,0
DA:95,0
DA:97,0
DA:98,0
DA:100,0
DA:111,0
DA:112,0
DA:116,0
DA:117,0
DA:120,0
DA:122,0
DA:123,0
DA:125,0
DA:126,0
DA:128,0
DA:139,0
DA:148,0
DA:149,0
DA:150,0
DA:152,0
DA:153,0
DA:155,0
DA:165,0
DA:166,0
DA:167,0
DA:169,0
DA:179,0
DA:180,0
DA:182,0
DA:191,0
DA:197,0
DA:210,0
DA:211,0
DA:213,0
DA:214,0
DA:217,0
DA:219,0
DA:221,0
DA:222,0
DA:225,0
DA:235,0
DA:241,0
DA:254,0
DA:255,0
DA:257,0
DA:258,0
DA:261,0
DA:263,0
DA:265,0
DA:266,0
DA:269,0
LF:66
LH:0
BRDA:20,0,0,0
BRDA:20,0,1,0
BRDA:20,1,0,0
BRDA:20,1,1,0
BRDA:23,2,0,0
BRDA:23,2,1,0
BRDA:23,3,0,0
BRDA:23,3,1,0
BRDA:94,4,0,0
BRDA:94,4,1,0
BRDA:97,5,0,0
BRDA:97,5,1,0
BRDA:116,6,0,0
BRDA:116,6,1,0
BRDA:122,7,0,0
BRDA:122,7,1,0
BRDA:125,8,0,0
BRDA:125,8,1,0
BRDA:150,9,0,0
BRDA:150,9,1,0
BRDA:150,10,0,0
BRDA:150,10,1,0
BRDA:179,11,0,0
BRDA:179,11,1,0
BRDA:179,12,0,0
BRDA:179,12,1,0
BRDA:213,13,0,0
BRDA:213,13,1,0
BRDA:219,14,0,0
BRDA:219,14,1,0
BRDA:221,15,0,0
BRDA:221,15,1,0
BRDA:257,16,0,0
BRDA:257,16,1,0
BRDA:263,17,0,0
BRDA:263,17,1,0
BRDA:265,18,0,0
BRDA:265,18,1,0
BRF:38
BRH:0
end_of_record
TN:
SF:src/infrastructure/security/PasswordService.js
FN:16,(anonymous_0)
FN:28,(anonymous_1)
FN:42,(anonymous_2)
FN:51,(anonymous_3)
FN:65,(anonymous_4)
FNF:5
FNH:0
FNDA:0,(anonymous_0)
FNDA:0,(anonymous_1)
FNDA:0,(anonymous_2)
FNDA:0,(anonymous_3)
FNDA:0,(anonymous_4)
DA:17,0
DA:18,0
DA:20,0
DA:29,0
DA:30,0
DA:33,0
DA:43,0
DA:52,0
DA:53,0
DA:54,0
DA:55,0
DA:57,0
DA:66,0
DA:67,0
DA:70,0
DA:72,0
DA:73,0
DA:74,0
DA:75,0
DA:77,0
DA:85,0
LF:21
LH:0
BRDA:16,0,0,0
BRDA:17,1,0,0
BRDA:17,1,1,0
BRDA:17,2,0,0
BRDA:17,2,1,0
BRDA:29,3,0,0
BRDA:29,3,1,0
BRDA:29,4,0,0
BRDA:29,4,1,0
BRDA:51,5,0,0
BRDA:66,6,0,0
BRDA:66,6,1,0
BRDA:66,7,0,0
BRDA:66,7,1,0
BRDA:72,8,0,0
BRDA:72,8,1,0
BRDA:73,9,0,0
BRDA:73,9,1,0
BRDA:73,10,0,0
BRDA:73,10,1,0
BRDA:74,11,0,0
BRDA:74,11,1,0
BRDA:75,12,0,0
BRDA:75,12,1,0
BRDA:87,13,0,0
BRDA:87,13,1,0
BRF:26
BRH:0
end_of_record
TN:
SF:src/infrastructure/services/QRService.js
FN:6,(anonymous_0)
FN:16,(anonymous_1)
FN:31,(anonymous_2)
FN:42,(anonymous_3)
FN:60,(anonymous_4)
FN:72,(anonymous_5)
FN:90,(anonymous_6)
FN:91,(anonymous_7)
FNF:8
FNH:0
FNDA:0,(anonymous_0)
FNDA:0,(anonymous_1)
FNDA:0,(anonymous_2)
FNDA:0,(anonymous_3)
FNDA:0,(anonymous_4)
FNDA:0,(anonymous_5)
FNDA:0,(anonymous_6)
FNDA:0,(anonymous_7)
DA:7,0
DA:8,0
DA:9,0
DA:17,0
DA:18,0
DA:21,0
DA:22,0
DA:24,0
DA:32,0
DA:33,0
DA:36,0
DA:43,0
DA:45,0
DA:46,0
DA:49,0
DA:61,0
DA:62,0
DA:63,0
DA:65,0
DA:73,0
DA:74,0
DA:76,0
DA:91,0
DA:92,0
LF:24
LH:0
BRDA:6,0,0,0
BRDA:7,1,0,0
BRDA:7,1,1,0
BRDA:8,2,0,0
BRDA:8,2,1,0
BRDA:9,3,0,0
BRDA:9,3,1,0
BRDA:17,4,0,0
BRDA:17,4,1,0
BRDA:32,5,0,0
BRDA:32,5,1,0
BRDA:32,6,0,0
BRDA:32,6,1,0
BRDA:32,6,2,0
BRDA:45,7,0,0
BRDA:45,7,1,0
BRDA:45,8,0,0
BRDA:45,8,1,0
BRF:18
BRH:0
end_of_record
TN:
SF:src/middleware/auth.js
FN:5,authMiddleware
FN:62,requireRole
FN:63,(anonymous_2)
FNF:3
FNH:0
FNDA:0,authMiddleware
FNDA:0,requireRole
FNDA:0,(anonymous_2)
DA:1,0
DA:2,0
DA:3,0
DA:6,0
DA:8,0
DA:9,0
DA:15,0
DA:21,0
DA:23,0
DA:24,0
DA:27,0
DA:28,0
DA:31,0
DA:38,0
DA:45,0
DA:47,0
DA:54,0
DA:63,0
DA:64,0
DA:65,0
DA:71,0
DA:72,0
DA:80,0
DA:86,0
DA:90,0
LF:25
LH:0
BRDA:8,0,0,0
BRDA:8,0,1,0
BRDA:8,1,0,0
BRDA:8,1,1,0
BRDA:27,2,0,0
BRDA:27,2,1,0
BRDA:27,3,0,0
BRDA:27,3,1,0
BRDA:64,4,0,0
BRDA:64,4,1,0
BRDA:71,5,0,0
BRDA:71,5,1,0
BRF:12
BRH:0
end_of_record
TN:
SF:src/middleware/correlation.js
FN:3,correlationMiddleware
FNF:1
FNH:0
FNDA:0,correlationMiddleware
DA:1,0
DA:5,0
DA:8,0
DA:9,0
DA:12,0
DA:14,0
DA:17,0
LF:7
LH:0
BRDA:5,0,0,0
BRDA:5,0,1,0
BRF:2
BRH:0
end_of_record
TN:
SF:src/middleware/errorHandler.js
FN:5,(anonymous_0)
FN:15,(anonymous_1)
FN:22,(anonymous_2)
FN:29,(anonymous_3)
FN:36,errorHandler
FN:83,notFoundHandler
FNF:6
FNH:0
FNDA:0,(anonymous_0)
FNDA:0,(anonymous_1)
FNDA:0,(anonymous_2)
FNDA:0,(anonymous_3)
FNDA:0,errorHandler
FNDA:0,notFoundHandler
DA:1,0
DA:6,0
DA:7,0
DA:8,0
DA:9,0
DA:10,0
DA:16,0
DA:17,0
DA:23,0
DA:24,0
DA:30,0
DA:31,0
DA:37,0
DA:40,0
DA:41,0
DA:51,0
DA:60,0
DA:71,0
DA:75,0
DA:84,0
DA:91,0
DA:98,0
LF:22
LH:0
BRDA:15,0,0,0
BRDA:29,1,0,0
BRDA:37,2,0,0
BRDA:37,2,1,0
BRDA:40,3,0,0
BRDA:40,3,1,0
BRDA:71,4,0,0
BRDA:71,4,1,0
BRF:8
BRH:0
end_of_record
TN:
SF:src/middleware/rateLimiter.js
FN:6,(anonymous_0)
FN:36,(anonymous_1)
FN:50,(anonymous_2)
FNF:3
FNH:0
FNDA:0,(anonymous_0)
FNDA:0,(anonymous_1)
FNDA:0,(anonymous_2)
DA:1,0
DA:2,0
DA:3,0
DA:6,0
DA:7,0
DA:15,0
DA:23,0
DA:33,0
DA:38,0
DA:47,0
DA:50,0
DA:57,0
LF:12
LH:0
BRDA:38,0,0,0
BRDA:38,0,1,0
BRDA:50,1,0,0
BRDA:50,1,1,0
BRF:4
BRH:0
end_of_record
TN:
SF:src/presentation/http/middleware/auth.middleware.js
FN:5,authenticate
FN:20,authorize
FN:21,(anonymous_2)
FNF:3
FNH:0
FNDA:0,authenticate
FNDA:0,authorize
FNDA:0,(anonymous_2)
DA:6,0
DA:8,0
DA:9,0
DA:16,0
DA:17,0
DA:21,0
DA:22,0
DA:23,0
DA:29,0
DA:30,0
DA:36,0
LF:11
LH:0
BRDA:8,0,0,0
BRDA:8,0,1,0
BRDA:20,1,0,0
BRDA:22,2,0,0
BRDA:22,2,1,0
BRDA:29,3,0,0
BRDA:29,3,1,0
BRDA:29,4,0,0
BRDA:29,4,1,0
BRF:9
BRH:0
end_of_record
TN:
SF:src/presentation/http/routes/auth.js
FN:14,createAuthRoutes
FN:23,(anonymous_1)
FN:41,(anonymous_2)
FN:70,(anonymous_3)
FN:108,(anonymous_4)
FN:121,(anonymous_5)
FN:136,authenticateToken
FN:137,(anonymous_7)
FN:166,authorizeRole
FN:169,(anonymous_9)
FN:193,authorizePermission
FN:198,(anonymous_11)
FN:207,(anonymous_12)
FNF:13
FNH:0
FNDA:0,createAuthRoutes
FNDA:0,(anonymous_1)
FNDA:0,(anonymous_2)
FNDA:0,(anonymous_3)
FNDA:0,(anonymous_4)
FNDA:0,(anonymous_5)
FNDA:0,authenticateToken
FNDA:0,(anonymous_7)
FNDA:0,authorizeRole
FNDA:0,(anonymous_9)
FNDA:0,authorizePermission
FNDA:0,(anonymous_11)
FNDA:0,(anonymous_12)
DA:15,0
DA:17,0
DA:23,0
DA:24,0
DA:25,0
DA:27,0
DA:33,0
DA:41,0
DA:42,0
DA:43,0
DA:46,0
DA:53,0
DA:62,0
DA:70,0
DA:71,0
DA:72,0
DA:74,0
DA:75,0
DA:81,0
DA:82,0
DA:86,0
DA:94,0
DA:100,0
DA:108,0
DA:109,0
DA:110,0
DA:121,0
DA:122,0
DA:128,0
DA:137,0
DA:138,0
DA:139,0
DA:141,0
DA:142,0
DA:148,0
DA:149,0
DA:150,0
DA:151,0
DA:153,0
DA:167,0
DA:169,0
DA:170,0
DA:171,0
DA:177,0
DA:178,0
DA:184,0
DA:194,0
DA:198,0
DA:199,0
DA:200,0
DA:206,0
DA:207,0
DA:209,0
DA:210,0
DA:216,0
LF:55
LH:0
BRDA:72,0,0,0
BRDA:72,0,1,0
BRDA:74,1,0,0
BRDA:74,1,1,0
BRDA:141,2,0,0
BRDA:141,2,1,0
BRDA:167,3,0,0
BRDA:167,3,1,0
BRDA:170,4,0,0
BRDA:170,4,1,0
BRDA:177,5,0,0
BRDA:177,5,1,0
BRDA:194,6,0,0
BRDA:194,6,1,0
BRDA:199,7,0,0
BRDA:199,7,1,0
BRDA:206,8,0,0
BRDA:206,8,1,0
BRDA:209,9,0,0
BRDA:209,9,1,0
BRF:20
BRH:0
end_of_record
TN:
SF:src/presentation/http/routes/orders.js
FN:8,createOrdersRoutes
FN:25,(anonymous_1)
FN:54,(anonymous_2)
FN:86,(anonymous_3)
FN:111,(anonymous_4)
FN:147,(anonymous_5)
FN:178,(anonymous_6)
FN:204,(anonymous_7)
FN:230,(anonymous_8)
FNF:9
FNH:0
FNDA:0,createOrdersRoutes
FNDA:0,(anonymous_1)
FNDA:0,(anonymous_2)
FNDA:0,(anonymous_3)
FNDA:0,(anonymous_4)
FNDA:0,(anonymous_5)
FNDA:0,(anonymous_6)
FNDA:0,(anonymous_7)
FNDA:0,(anonymous_8)
DA:14,0
DA:21,0
DA:26,0
DA:27,0
DA:29,0
DA:30,0
DA:33,0
DA:38,0
DA:40,0
DA:50,0
DA:55,0
DA:56,0
DA:59,0
DA:60,0
DA:61,0
DA:62,0
DA:64,0
DA:67,0
DA:72,0
DA:82,0
DA:87,0
DA:88,0
DA:89,0
DA:91,0
DA:92,0
DA:95,0
DA:97,0
DA:107,0
DA:112,0
DA:113,0
DA:114,0
DA:116,0
DA:117,0
DA:120,0
DA:121,0
DA:122,0
DA:125,0
DA:126,0
DA:128,0
DA:133,0
DA:143,0
DA:148,0
DA:149,0
DA:151,0
DA:152,0
DA:153,0
DA:156,0
DA:157,0
DA:159,0
DA:164,0
DA:174,0
DA:179,0
DA:180,0
DA:181,0
DA:183,0
DA:188,0
DA:190,0
DA:200,0
DA:205,0
DA:206,0
DA:207,0
DA:209,0
DA:214,0
DA:216,0
DA:226,0
DA:231,0
DA:232,0
DA:233,0
DA:235,0
DA:240,0
DA:245,0
LF:71
LH:0
BRDA:29,0,0,0
BRDA:29,0,1,0
BRDA:35,1,0,0
BRDA:35,1,1,0
BRDA:56,2,0,0
BRDA:56,3,0,0
BRDA:59,4,0,0
BRDA:59,4,1,0
BRDA:61,5,0,0
BRDA:61,5,1,0
BRDA:91,6,0,0
BRDA:91,6,1,0
BRDA:116,7,0,0
BRDA:116,7,1,0
BRDA:116,8,0,0
BRDA:116,8,1,0
BRDA:116,8,2,0
BRDA:116,8,3,0
BRDA:121,9,0,0
BRDA:121,9,1,0
BRDA:152,10,0,0
BRDA:152,10,1,0
BRDA:185,11,0,0
BRDA:185,11,1,0
BRDA:211,12,0,0
BRDA:211,12,1,0
BRF:26
BRH:0
end_of_record
TN:
SF:src/presentation/http/routes/stays.js
FN:16,createStaysRoutes
FN:27,(anonymous_1)
FN:56,(anonymous_2)
FN:68,(anonymous_3)
FN:102,(anonymous_4)
FN:129,(anonymous_5)
FN:162,(anonymous_6)
FN:185,(anonymous_7)
FN:222,(anonymous_8)
FN:251,(anonymous_9)
FN:280,(anonymous_10)
FN:303,(anonymous_11)
FN:307,(anonymous_12)
FN:308,(anonymous_13)
FN:314,(anonymous_14)
FN:315,(anonymous_15)
FNF:16
FNH:0
FNDA:0,createStaysRoutes
FNDA:0,(anonymous_1)
FNDA:0,(anonymous_2)
FNDA:0,(anonymous_3)
FNDA:0,(anonymous_4)
FNDA:0,(anonymous_5)
FNDA:0,(anonymous_6)
FNDA:0,(anonymous_7)
FNDA:0,(anonymous_8)
FNDA:0,(anonymous_9)
FNDA:0,(anonymous_10)
FNDA:0,(anonymous_11)
FNDA:0,(anonymous_12)
FNDA:0,(anonymous_13)
FNDA:0,(anonymous_14)
FNDA:0,(anonymous_15)
DA:17,0
DA:19,0
DA:27,0
DA:28,0
DA:29,0
DA:30,0
DA:31,0
DA:36,0
DA:38,0
DA:43,0
DA:46,0
DA:51,0
DA:54,0
DA:56,0
DA:60,0
DA:68,0
DA:69,0
DA:70,0
DA:72,0
DA:73,0
DA:80,0
DA:81,0
DA:87,0
DA:92,0
DA:102,0
DA:103,0
DA:104,0
DA:107,0
DA:108,0
DA:111,0
DA:113,0
DA:119,0
DA:129,0
DA:130,0
DA:131,0
DA:133,0
DA:134,0
DA:141,0
DA:142,0
DA:149,0
DA:150,0
DA:157,0
DA:161,0
DA:162,0
DA:163,0
DA:164,0
DA:168,0
DA:170,0
DA:176,0
DA:185,0
DA:186,0
DA:187,0
DA:189,0
DA:190,0
DA:196,0
DA:197,0
DA:203,0
DA:204,0
DA:205,0
DA:207,0
DA:213,0
DA:222,0
DA:223,0
DA:224,0
DA:226,0
DA:227,0
DA:233,0
DA:234,0
DA:236,0
DA:242,0
DA:251,0
DA:252,0
DA:253,0
DA:255,0
DA:256,0
DA:262,0
DA:263,0
DA:265,0
DA:271,0
DA:280,0
DA:281,0
DA:282,0
DA:283,0
DA:285,0
DA:294,0
DA:303,0
DA:304,0
DA:305,0
DA:307,0
DA:308,0
DA:310,0
DA:314,0
DA:315,0
DA:319,0
DA:323,0
LF:95
LH:0
BRDA:29,0,0,0
BRDA:29,0,1,0
BRDA:30,1,0,0
BRDA:30,1,1,0
BRDA:36,2,0,0
BRDA:36,2,1,0
BRDA:36,3,0,0
BRDA:36,3,1,0
BRDA:43,4,0,0
BRDA:43,4,1,0
BRDA:72,5,0,0
BRDA:72,5,1,0
BRDA:80,6,0,0
BRDA:80,6,1,0
BRDA:80,7,0,0
BRDA:80,7,1,0
BRDA:80,7,2,0
BRDA:107,8,0,0
BRDA:107,8,1,0
BRDA:133,9,0,0
BRDA:133,9,1,0
BRDA:141,10,0,0
BRDA:141,10,1,0
BRDA:141,11,0,0
BRDA:141,11,1,0
BRDA:149,12,0,0
BRDA:149,12,1,0
BRDA:149,13,0,0
BRDA:149,13,1,0
BRDA:157,14,0,0
BRDA:157,14,1,0
BRDA:163,15,0,0
BRDA:163,15,1,0
BRDA:189,16,0,0
BRDA:189,16,1,0
BRDA:196,17,0,0
BRDA:196,17,1,0
BRDA:203,18,0,0
BRDA:203,18,1,0
BRDA:226,19,0,0
BRDA:226,19,1,0
BRDA:255,20,0,0
BRDA:255,20,1,0
BRDA:282,21,0,0
BRDA:282,21,1,0
BRF:45
BRH:0
end_of_record
TN:
SF:src/presentation/http/routes/vouchers.js
FN:8,createVouchersRoutes
FN:26,(anonymous_1)
FN:55,(anonymous_2)
FN:90,(anonymous_3)
FN:115,(anonymous_4)
FN:136,(anonymous_5)
FN:162,(anonymous_6)
FNF:7
FNH:0
FNDA:0,createVouchersRoutes
FNDA:0,(anonymous_1)
FNDA:0,(anonymous_2)
FNDA:0,(anonymous_3)
FNDA:0,(anonymous_4)
FNDA:0,(anonymous_5)
FNDA:0,(anonymous_6)
DA:15,0
DA:22,0
DA:27,0
DA:28,0
DA:30,0
DA:31,0
DA:34,0
DA:39,0
DA:41,0
DA:51,0
DA:56,0
DA:57,0
DA:60,0
DA:61,0
DA:62,0
DA:63,0
DA:65,0
DA:68,0
DA:70,0
DA:76,0
DA:86,0
DA:91,0
DA:92,0
DA:93,0
DA:95,0
DA:96,0
DA:99,0
DA:101,0
DA:111,0
DA:116,0
DA:117,0
DA:118,0
DA:120,0
DA:122,0
DA:132,0
DA:137,0
DA:138,0
DA:139,0
DA:141,0
DA:146,0
DA:148,0
DA:158,0
DA:163,0
DA:164,0
DA:165,0
DA:167,0
DA:173,0
DA:178,0
LF:48
LH:0
BRDA:30,0,0,0
BRDA:30,0,1,0
BRDA:36,1,0,0
BRDA:36,1,1,0
BRDA:57,2,0,0
BRDA:57,3,0,0
BRDA:60,4,0,0
BRDA:60,4,1,0
BRDA:62,5,0,0
BRDA:62,5,1,0
BRDA:95,6,0,0
BRDA:95,6,1,0
BRDA:143,7,0,0
BRDA:143,7,1,0
BRF:14
BRH:0
end_of_record
TN:
SF:src/routes/reports.js
FN:15,(anonymous_0)
FN:54,(anonymous_1)
FN:85,(anonymous_2)
FNF:3
FNH:0
FNDA:0,(anonymous_0)
FNDA:0,(anonymous_1)
FNDA:0,(anonymous_2)
DA:1,0
DA:2,0
DA:3,0
DA:4,0
DA:6,0
DA:12,0
DA:16,0
DA:17,0
DA:19,0
DA:20,0
DA:23,0
DA:30,0
DA:31,0
DA:32,0
DA:33,0
DA:36,0
DA:42,0
DA:51,0
DA:55,0
DA:56,0
DA:58,0
DA:59,0
DA:62,0
DA:68,0
DA:73,0
DA:82,0
DA:86,0
DA:87,0
DA:91,0
DA:96,0
DA:101,0
LF:31
LH:0
BRDA:19,0,0,0
BRDA:19,0,1,0
BRDA:19,1,0,0
BRDA:19,1,1,0
BRDA:26,2,0,0
BRDA:26,2,1,0
BRDA:30,3,0,0
BRDA:30,3,1,0
BRDA:58,4,0,0
BRDA:58,4,1,0
BRDA:58,5,0,0
BRDA:58,5,1,0
BRF:12
BRH:0
end_of_record
TN:
SF:src/routes/sync.js
FN:29,(anonymous_0)
FN:59,(anonymous_1)
FN:87,(anonymous_2)
FNF:3
FNH:0
FNDA:0,(anonymous_0)
FNDA:0,(anonymous_1)
FNDA:0,(anonymous_2)
DA:1,0
DA:2,0
DA:3,0
DA:4,0
DA:5,0
DA:6,0
DA:8,0
DA:11,0
DA:25,0
DA:30,0
DA:31,0
DA:33,0
DA:40,0
DA:42,0
DA:44,0
DA:45,0
DA:47,0
DA:56,0
DA:60,0
DA:61,0
DA:63,0
DA:64,0
DA:67,0
DA:73,0
DA:75,0
DA:84,0
DA:88,0
DA:89,0
DA:91,0
DA:92,0
DA:95,0
DA:102,0
DA:104,0
DA:109,0
LF:34
LH:0
BRDA:40,0,0,0
BRDA:40,0,1,0
BRDA:40,1,0,0
BRDA:40,1,1,0
BRDA:44,2,0,0
BRDA:44,2,1,0
BRDA:63,3,0,0
BRDA:63,3,1,0
BRDA:69,4,0,0
BRDA:69,4,1,0
BRDA:91,5,0,0
BRDA:91,5,1,0
BRF:12
BRH:0
end_of_record
TN:
SF:src/routes/vouchers.js
FN:39,(anonymous_0)
FN:66,(anonymous_1)
FN:89,(anonymous_2)
FN:116,(anonymous_3)
FN:143,(anonymous_4)
FNF:5
FNH:0
FNDA:0,(anonymous_0)
FNDA:0,(anonymous_1)
FNDA:0,(anonymous_2)
FNDA:0,(anonymous_3)
FNDA:0,(anonymous_4)
DA:1,0
DA:2,0
DA:3,0
DA:4,0
DA:5,0
DA:6,0
DA:8,0
DA:11,0
DA:19,0
DA:25,0
DA:36,0
DA:40,0
DA:42,0
DA:44,0
DA:50,0
DA:52,0
DA:53,0
DA:55,0
DA:64,0
DA:67,0
DA:68,0
DA:73,0
DA:78,0
DA:87,0
DA:90,0
DA:91,0
DA:93,0
DA:98,0
DA:100,0
DA:101,0
DA:103,0
DA:112,0
DA:117,0
DA:118,0
DA:120,0
DA:126,0
DA:128,0
DA:129,0
DA:131,0
DA:140,0
DA:144,0
DA:145,0
DA:147,0
DA:154,0
DA:156,0
DA:161,0
LF:46
LH:0
BRDA:52,0,0,0
BRDA:52,0,1,0
BRDA:100,1,0,0
BRDA:100,1,1,0
BRDA:128,2,0,0
BRDA:128,2,1,0
BRDA:149,3,0,0
BRDA:149,3,1,0
BRF:8
BRH:0
end_of_record
TN:
SF:src/services/cryptoService.js
FN:9,(anonymous_0)
FN:29,(anonymous_1)
FN:63,(anonymous_2)
FN:72,(anonymous_3)
FNF:4
FNH:0
FNDA:0,(anonymous_0)
FNDA:0,(anonymous_1)
FNDA:0,(anonymous_2)
FNDA:0,(anonymous_3)
DA:1,0
DA:2,0
DA:3,0
DA:10,0
DA:12,0
DA:17,0
DA:23,0
DA:30,0
DA:37,0
DA:38,0
DA:43,0
DA:49,0
DA:51,0
DA:56,0
DA:64,0
DA:65,0
DA:66,0
DA:73,0
DA:74,0
DA:76,0
DA:77,0
DA:80,0
DA:86,0
DA:90,0
DA:95,0
LF:25
LH:0
BRDA:76,0,0,0
BRDA:76,0,1,0
BRF:2
BRH:0
end_of_record
TN:
SF:src/services/qrService.js
FN:9,(anonymous_0)
FN:48,(anonymous_1)
FNF:2
FNH:0
FNDA:0,(anonymous_0)
FNDA:0,(anonymous_1)
DA:1,0
DA:2,0
DA:3,0
DA:10,0
DA:12,0
DA:14,0
DA:25,0
DA:31,0
DA:36,0
DA:41,0
DA:49,0
DA:50,0
DA:53,0
DA:54,0
DA:55,0
DA:59,0
DA:60,0
DA:61,0
DA:65,0
DA:66,0
DA:67,0
DA:70,0
DA:72,0
DA:77,0
LF:24
LH:0
BRDA:54,0,0,0
BRDA:54,0,1,0
BRDA:60,1,0,0
BRDA:60,1,1,0
BRDA:66,2,0,0
BRDA:66,2,1,0
BRF:6
BRH:0
end_of_record
TN:
SF:src/services/reportService.js
FN:9,(anonymous_0)
FN:68,(anonymous_1)
FN:94,(anonymous_2)
FN:133,(anonymous_3)
FNF:4
FNH:0
FNDA:0,(anonymous_0)
FNDA:0,(anonymous_1)
FNDA:0,(anonymous_2)
FNDA:0,(anonymous_3)
DA:1,0
DA:2,0
DA:3,0
DA:10,0
DA:11,0
DA:13,0
DA:22,0
DA:23,0
DA:26,0
DA:45,0
DA:47,0
DA:48,0
DA:49,0
DA:52,0
DA:53,0
DA:54,0
DA:57,0
DA:58,0
DA:59,0
DA:62,0
DA:64,0
DA:67,0
DA:68,0
DA:69,0
DA:72,0
DA:74,0
DA:81,0
DA:95,0
DA:97,0
DA:111,0
DA:123,0
DA:134,0
DA:137,0
DA:139,0
DA:151,0
DA:160,0
DA:168,0
DA:174,0
DA:184,0
LF:39
LH:0
BRDA:22,0,0,0
BRDA:22,0,1,0
BRDA:22,1,0,0
BRDA:22,1,1,0
BRDA:22,1,2,0
BRDA:47,2,0,0
BRDA:47,2,1,0
BRDA:52,3,0,0
BRDA:52,3,1,0
BRDA:57,4,0,0
BRDA:57,4,1,0
BRF:11
BRH:0
end_of_record
TN:
SF:src/services/syncService.js
FN:11,(anonymous_0)
FN:160,(anonymous_1)
FN:173,(anonymous_2)
FN:183,(anonymous_3)
FNF:4
FNH:0
FNDA:0,(anonymous_0)
FNDA:0,(anonymous_1)
FNDA:0,(anonymous_2)
FNDA:0,(anonymous_3)
DA:1,0
DA:2,0
DA:3,0
DA:4,0
DA:5,0
DA:12,0
DA:13,0
DA:15,0
DA:22,0
DA:23,0
DA:24,0
DA:25,0
DA:26,0
DA:28,0
DA:29,0
DA:31,0
DA:32,0
DA:37,0
DA:38,0
DA:42,0
DA:51,0
DA:56,0
DA:63,0
DA:66,0
DA:68,0
DA:77,0
DA:82,0
DA:92,0
DA:93,0
DA:94,0
DA:98,0
DA:106,0
DA:111,0
DA:116,0
DA:122,0
DA:134,0
DA:144,0
DA:161,0
DA:163,0
DA:171,0
DA:173,0
DA:184,0
DA:186,0
DA:195,0
DA:197,0
DA:198,0
DA:199,0
DA:202,0
DA:203,0
DA:204,0
DA:207,0
DA:209,0
DA:211,0
DA:219,0
LF:54
LH:0
BRDA:31,0,0,0
BRDA:31,0,1,0
BRDA:31,1,0,0
BRDA:31,1,1,0
BRDA:66,2,0,0
BRDA:66,2,1,0
BRDA:153,3,0,0
BRDA:153,3,1,0
BRDA:160,4,0,0
BRDA:197,5,0,0
BRDA:197,5,1,0
BRDA:202,6,0,0
BRDA:202,6,1,0
BRF:13
BRH:0
end_of_record
TN:
SF:src/services/voucherService.js
FN:12,(anonymous_0)
FN:45,(anonymous_1)
FN:83,(anonymous_2)
FN:96,(anonymous_3)
FN:129,(anonymous_4)
FN:161,(anonymous_5)
FN:265,(anonymous_6)
FN:277,(anonymous_7)
FN:392,(anonymous_8)
FNF:9
FNH:0
FNDA:0,(anonymous_0)
FNDA:0,(anonymous_1)
FNDA:0,(anonymous_2)
FNDA:0,(anonymous_3)
FNDA:0,(anonymous_4)
FNDA:0,(anonymous_5)
FNDA:0,(anonymous_6)
FNDA:0,(anonymous_7)
FNDA:0,(anonymous_8)
DA:1,0
DA:2,0
DA:3,0
DA:4,0
DA:5,0
DA:6,0
DA:13,0
DA:14,0
DA:16,0
DA:24,0
DA:25,0
DA:26,0
DA:30,0
DA:31,0
DA:32,0
DA:33,0
DA:35,0
DA:36,0
DA:39,0
DA:40,0
DA:43,0
DA:45,0
DA:46,0
DA:48,0
DA:49,0
DA:52,0
DA:55,0
DA:63,0
DA:68,0
DA:78,0
DA:79,0
DA:82,0
DA:84,0
DA:85,0
DA:90,0
DA:96,0
DA:100,0
DA:107,0
DA:116,0
DA:122,0
DA:130,0
DA:132,0
DA:139,0
DA:140,0
DA:144,0
DA:151,0
DA:162,0
DA:163,0
DA:165,0
DA:171,0
DA:174,0
DA:175,0
DA:183,0
DA:184,0
DA:189,0
DA:194,0
DA:195,0
DA:208,0
DA:209,0
DA:210,0
DA:212,0
DA:213,0
DA:220,0
DA:222,0
DA:225,0
DA:233,0
DA:234,0
DA:242,0
DA:249,0
DA:266,0
DA:267,0
DA:269,0
DA:277,0
DA:279,0
DA:286,0
DA:287,0
DA:291,0
DA:292,0
DA:296,0
DA:297,0
DA:298,0
DA:300,0
DA:301,0
DA:304,0
DA:306,0
DA:308,0
DA:312,0
DA:313,0
DA:319,0
DA:322,0
DA:331,0
DA:333,0
DA:340,0
DA:346,0
DA:350,0
DA:351,0
DA:354,0
DA:365,0
DA:373,0
DA:378,0
DA:385,0
DA:393,0
DA:395,0
DA:397,0
DA:398,0
DA:401,0
DA:402,0
DA:405,0
DA:408,0
DA:416,0
DA:423,0
LF:111
LH:0
BRDA:25,0,0,0
BRDA:25,0,1,0
BRDA:35,1,0,0
BRDA:35,1,1,0
BRDA:35,2,0,0
BRDA:35,2,1,0
BRDA:39,3,0,0
BRDA:39,3,1,0
BRDA:139,4,0,0
BRDA:139,4,1,0
BRDA:154,5,0,0
BRDA:154,5,1,0
BRDA:174,6,0,0
BRDA:174,6,1,0
BRDA:183,7,0,0
BRDA:183,7,1,0
BRDA:194,8,0,0
BRDA:194,8,1,0
BRDA:212,9,0,0
BRDA:212,9,1,0
BRDA:220,10,0,0
BRDA:220,10,1,0
BRDA:233,11,0,0
BRDA:233,11,1,0
BRDA:286,12,0,0
BRDA:286,12,1,0
BRDA:291,13,0,0
BRDA:291,13,1,0
BRDA:300,14,0,0
BRDA:300,14,1,0
BRDA:304,15,0,0
BRDA:304,15,1,0
BRDA:331,16,0,0
BRDA:331,16,1,0
BRDA:397,17,0,0
BRDA:397,17,1,0
BRDA:401,18,0,0
BRDA:401,18,1,0
BRF:38
BRH:0
end_of_record
