TN:
SF:src/config/database.js
FN:7,(anonymous_0)
FN:12,(anonymous_1)
FN:34,(anonymous_2)
FN:60,(anonymous_3)
FN:67,(anonymous_4)
FN:76,(anonymous_5)
FN:87,(anonymous_6)
FNF:7
FNH:4
FNDA:4,(anonymous_0)
FNDA:4,(anonymous_1)
FNDA:0,(anonymous_2)
FNDA:31,(anonymous_3)
FNDA:0,(anonymous_4)
FNDA:0,(anonymous_5)
FNDA:31,(anonymous_6)
DA:1,4
DA:2,4
DA:3,4
DA:4,4
DA:8,4
DA:9,4
DA:13,4
DA:15,4
DA:16,4
DA:19,4
DA:20,0
DA:23,4
DA:24,4
DA:29,4
DA:30,4
DA:31,4
DA:34,4
DA:35,0
DA:38,4
DA:40,4
DA:49,4
DA:51,0
DA:56,0
DA:61,31
DA:62,1
DA:64,30
DA:68,0
DA:69,0
DA:70,0
DA:71,0
DA:77,0
DA:78,0
DA:83,4
DA:85,4
DA:87,31
LF:35
LH:25
BRDA:13,0,0,0
BRDA:13,0,1,4
BRDA:15,1,0,4
BRDA:15,1,1,3
BRDA:19,2,0,0
BRDA:19,2,1,4
BRDA:25,3,0,0
BRDA:25,3,1,4
BRDA:61,4,0,1
BRDA:61,4,1,30
BRDA:68,5,0,0
BRDA:68,5,1,0
BRF:12
BRH:7
end_of_record
TN:
SF:src/config/environment.js
FN:20,(anonymous_0)
FN:26,(anonymous_1)
FNF:2
FNH:2
FNDA:5,(anonymous_0)
FNDA:5,(anonymous_1)
DA:1,5
DA:2,5
DA:3,5
DA:6,5
DA:9,5
DA:20,5
DA:26,5
DA:39,5
DA:40,5
DA:43,5
DA:45,5
DA:51,0
DA:55,0
DA:56,0
DA:60,5
LF:15
LH:12
BRDA:55,0,0,0
BRDA:55,0,1,0
BRF:2
BRH:0
end_of_record
TN:
SF:src/config/logger.js
FNF:0
FNH:0
DA:1,5
DA:2,5
DA:3,5
DA:6,5
DA:7,5
DA:8,0
DA:12,5
DA:21,5
DA:47,5
DA:48,5
DA:57,5
DA:73,5
LF:12
LH:11
BRDA:7,0,0,0
BRDA:7,0,1,5
BRDA:22,1,0,5
BRDA:22,1,1,5
BRDA:26,2,0,5
BRDA:26,2,1,5
BRDA:27,3,0,5
BRDA:27,3,1,0
BRDA:32,4,0,5
BRDA:32,4,1,5
BRDA:39,5,0,5
BRDA:39,5,1,5
BRDA:47,6,0,5
BRDA:47,6,1,0
BRF:14
BRH:11
end_of_record
TN:
SF:src/middleware/auth.js
FN:5,authMiddleware
FN:62,requireRole
FN:63,(anonymous_2)
FNF:3
FNH:2
FNDA:27,authMiddleware
FNDA:27,requireRole
FNDA:0,(anonymous_2)
DA:1,3
DA:2,3
DA:3,3
DA:6,27
DA:8,27
DA:9,1
DA:15,1
DA:21,26
DA:23,26
DA:24,26
DA:27,0
DA:28,0
DA:31,0
DA:38,0
DA:45,0
DA:47,26
DA:54,26
DA:63,27
DA:64,0
DA:65,0
DA:71,0
DA:72,0
DA:80,0
DA:86,0
DA:90,3
LF:25
LH:14
BRDA:8,0,0,1
BRDA:8,0,1,26
BRDA:8,1,0,27
BRDA:8,1,1,26
BRDA:27,2,0,0
BRDA:27,2,1,0
BRDA:27,3,0,0
BRDA:27,3,1,0
BRDA:64,4,0,0
BRDA:64,4,1,0
BRDA:71,5,0,0
BRDA:71,5,1,0
BRF:12
BRH:4
end_of_record
TN:
SF:src/middleware/correlation.js
FN:3,correlationMiddleware
FNF:1
FNH:1
FNDA:27,correlationMiddleware
DA:1,3
DA:5,27
DA:8,27
DA:9,27
DA:12,27
DA:14,27
DA:17,3
LF:7
LH:7
BRDA:5,0,0,27
BRDA:5,0,1,27
BRF:2
BRH:2
end_of_record
TN:
SF:src/middleware/errorHandler.js
FN:5,(anonymous_0)
FN:15,(anonymous_1)
FN:22,(anonymous_2)
FN:29,(anonymous_3)
FN:36,errorHandler
FN:83,notFoundHandler
FNF:6
FNH:4
FNDA:6,(anonymous_0)
FNDA:4,(anonymous_1)
FNDA:1,(anonymous_2)
FNDA:1,(anonymous_3)
FNDA:0,errorHandler
FNDA:0,notFoundHandler
DA:1,4
DA:6,6
DA:7,6
DA:8,6
DA:9,6
DA:10,6
DA:16,4
DA:17,4
DA:23,1
DA:24,1
DA:30,1
DA:31,1
DA:37,0
DA:40,0
DA:41,0
DA:51,0
DA:60,0
DA:71,0
DA:75,0
DA:84,0
DA:91,0
DA:98,4
LF:22
LH:13
BRDA:15,0,0,4
BRDA:29,1,0,1
BRDA:37,2,0,0
BRDA:37,2,1,0
BRDA:40,3,0,0
BRDA:40,3,1,0
BRDA:71,4,0,0
BRDA:71,4,1,0
BRF:8
BRH:2
end_of_record
TN:
SF:src/middleware/rateLimiter.js
FN:6,(anonymous_0)
FN:36,(anonymous_1)
FN:50,(anonymous_2)
FNF:3
FNH:0
FNDA:0,(anonymous_0)
FNDA:0,(anonymous_1)
FNDA:0,(anonymous_2)
DA:1,3
DA:2,3
DA:3,3
DA:6,3
DA:7,0
DA:15,0
DA:23,3
DA:33,3
DA:38,0
DA:47,3
DA:50,0
DA:57,3
LF:12
LH:8
BRDA:38,0,0,0
BRDA:38,0,1,0
BRDA:50,1,0,0
BRDA:50,1,1,0
BRF:4
BRH:0
end_of_record
TN:
SF:src/routes/reports.js
FN:15,(anonymous_0)
FN:54,(anonymous_1)
FN:85,(anonymous_2)
FNF:3
FNH:0
FNDA:0,(anonymous_0)
FNDA:0,(anonymous_1)
FNDA:0,(anonymous_2)
DA:1,3
DA:2,3
DA:3,3
DA:4,3
DA:6,3
DA:12,3
DA:16,0
DA:17,0
DA:19,0
DA:20,0
DA:23,0
DA:30,0
DA:31,0
DA:32,0
DA:33,0
DA:36,0
DA:42,0
DA:51,3
DA:55,0
DA:56,0
DA:58,0
DA:59,0
DA:62,0
DA:68,0
DA:73,0
DA:82,3
DA:86,0
DA:87,0
DA:91,0
DA:96,0
DA:101,3
LF:31
LH:9
BRDA:19,0,0,0
BRDA:19,0,1,0
BRDA:19,1,0,0
BRDA:19,1,1,0
BRDA:26,2,0,0
BRDA:26,2,1,0
BRDA:30,3,0,0
BRDA:30,3,1,0
BRDA:58,4,0,0
BRDA:58,4,1,0
BRDA:58,5,0,0
BRDA:58,5,1,0
BRF:12
BRH:0
end_of_record
TN:
SF:src/routes/sync.js
FN:29,(anonymous_0)
FN:59,(anonymous_1)
FN:87,(anonymous_2)
FNF:3
FNH:0
FNDA:0,(anonymous_0)
FNDA:0,(anonymous_1)
FNDA:0,(anonymous_2)
DA:1,3
DA:2,3
DA:3,3
DA:4,3
DA:5,3
DA:6,3
DA:8,3
DA:11,3
DA:25,3
DA:30,0
DA:31,0
DA:33,0
DA:40,0
DA:42,0
DA:44,0
DA:45,0
DA:47,0
DA:56,3
DA:60,0
DA:61,0
DA:63,0
DA:64,0
DA:67,0
DA:73,0
DA:75,0
DA:84,3
DA:88,0
DA:89,0
DA:91,0
DA:92,0
DA:95,0
DA:102,0
DA:104,0
DA:109,3
LF:34
LH:12
BRDA:40,0,0,0
BRDA:40,0,1,0
BRDA:40,1,0,0
BRDA:40,1,1,0
BRDA:44,2,0,0
BRDA:44,2,1,0
BRDA:63,3,0,0
BRDA:63,3,1,0
BRDA:69,4,0,0
BRDA:69,4,1,0
BRDA:91,5,0,0
BRDA:91,5,1,0
BRF:12
BRH:0
end_of_record
TN:
SF:src/routes/vouchers.js
FN:39,(anonymous_0)
FN:66,(anonymous_1)
FN:89,(anonymous_2)
FN:116,(anonymous_3)
FN:143,(anonymous_4)
FNF:5
FNH:0
FNDA:0,(anonymous_0)
FNDA:0,(anonymous_1)
FNDA:0,(anonymous_2)
FNDA:0,(anonymous_3)
FNDA:0,(anonymous_4)
DA:1,3
DA:2,3
DA:3,3
DA:4,3
DA:5,3
DA:6,3
DA:8,3
DA:11,3
DA:19,3
DA:25,3
DA:36,3
DA:40,0
DA:42,0
DA:44,0
DA:50,0
DA:52,0
DA:53,0
DA:55,0
DA:64,3
DA:67,0
DA:68,0
DA:73,0
DA:78,0
DA:87,3
DA:90,0
DA:91,0
DA:93,0
DA:98,0
DA:100,0
DA:101,0
DA:103,0
DA:112,3
DA:117,0
DA:118,0
DA:120,0
DA:126,0
DA:128,0
DA:129,0
DA:131,0
DA:140,3
DA:144,0
DA:145,0
DA:147,0
DA:154,0
DA:156,0
DA:161,3
LF:46
LH:16
BRDA:52,0,0,0
BRDA:52,0,1,0
BRDA:100,1,0,0
BRDA:100,1,1,0
BRDA:128,2,0,0
BRDA:128,2,1,0
BRDA:149,3,0,0
BRDA:149,3,1,0
BRF:8
BRH:0
end_of_record
TN:
SF:src/services/cryptoService.js
FN:9,(anonymous_0)
FN:29,(anonymous_1)
FN:63,(anonymous_2)
FN:72,(anonymous_3)
FNF:4
FNH:4
FNDA:27,(anonymous_0)
FNDA:5,(anonymous_1)
FNDA:20,(anonymous_2)
FNDA:3,(anonymous_3)
DA:1,5
DA:2,5
DA:3,5
DA:10,27
DA:12,27
DA:17,27
DA:23,27
DA:30,5
DA:37,5
DA:38,5
DA:43,3
DA:49,3
DA:51,2
DA:56,2
DA:64,20
DA:65,20
DA:66,20
DA:73,3
DA:74,3
DA:76,3
DA:77,2
DA:80,1
DA:86,2
DA:90,2
DA:95,5
LF:25
LH:25
BRDA:76,0,0,2
BRDA:76,0,1,1
BRF:2
BRH:2
end_of_record
TN:
SF:src/services/qrService.js
FN:9,(anonymous_0)
FN:48,(anonymous_1)
FNF:2
FNH:1
FNDA:15,(anonymous_0)
FNDA:0,(anonymous_1)
DA:1,4
DA:2,4
DA:3,4
DA:10,15
DA:12,15
DA:14,15
DA:25,15
DA:31,15
DA:36,0
DA:41,0
DA:49,0
DA:50,0
DA:53,0
DA:54,0
DA:55,0
DA:59,0
DA:60,0
DA:61,0
DA:65,0
DA:66,0
DA:67,0
DA:70,0
DA:72,0
DA:77,4
LF:24
LH:9
BRDA:54,0,0,0
BRDA:54,0,1,0
BRDA:60,1,0,0
BRDA:60,1,1,0
BRDA:66,2,0,0
BRDA:66,2,1,0
BRF:6
BRH:0
end_of_record
TN:
SF:src/services/reportService.js
FN:9,(anonymous_0)
FN:68,(anonymous_1)
FN:94,(anonymous_2)
FN:133,(anonymous_3)
FNF:4
FNH:0
FNDA:0,(anonymous_0)
FNDA:0,(anonymous_1)
FNDA:0,(anonymous_2)
FNDA:0,(anonymous_3)
DA:1,3
DA:2,3
DA:3,3
DA:10,0
DA:11,0
DA:13,0
DA:22,0
DA:23,0
DA:26,0
DA:45,0
DA:47,0
DA:48,0
DA:49,0
DA:52,0
DA:53,0
DA:54,0
DA:57,0
DA:58,0
DA:59,0
DA:62,0
DA:64,0
DA:67,0
DA:68,0
DA:69,0
DA:72,0
DA:74,0
DA:81,0
DA:95,0
DA:97,0
DA:111,0
DA:123,0
DA:134,0
DA:137,0
DA:139,0
DA:151,0
DA:160,0
DA:168,0
DA:174,0
DA:184,3
LF:39
LH:4
BRDA:22,0,0,0
BRDA:22,0,1,0
BRDA:22,1,0,0
BRDA:22,1,1,0
BRDA:22,1,2,0
BRDA:47,2,0,0
BRDA:47,2,1,0
BRDA:52,3,0,0
BRDA:52,3,1,0
BRDA:57,4,0,0
BRDA:57,4,1,0
BRF:11
BRH:0
end_of_record
TN:
SF:src/services/syncService.js
FN:11,(anonymous_0)
FN:160,(anonymous_1)
FN:173,(anonymous_2)
FN:183,(anonymous_3)
FNF:4
FNH:0
FNDA:0,(anonymous_0)
FNDA:0,(anonymous_1)
FNDA:0,(anonymous_2)
FNDA:0,(anonymous_3)
DA:1,3
DA:2,3
DA:3,3
DA:4,3
DA:5,3
DA:12,0
DA:13,0
DA:15,0
DA:22,0
DA:23,0
DA:24,0
DA:25,0
DA:26,0
DA:28,0
DA:29,0
DA:31,0
DA:32,0
DA:37,0
DA:38,0
DA:42,0
DA:51,0
DA:56,0
DA:63,0
DA:66,0
DA:68,0
DA:77,0
DA:82,0
DA:92,0
DA:93,0
DA:94,0
DA:98,0
DA:106,0
DA:111,0
DA:116,0
DA:122,0
DA:134,0
DA:144,0
DA:161,0
DA:163,0
DA:171,0
DA:173,0
DA:184,0
DA:186,0
DA:195,0
DA:197,0
DA:198,0
DA:199,0
DA:202,0
DA:203,0
DA:204,0
DA:207,0
DA:209,0
DA:211,0
DA:219,3
LF:54
LH:6
BRDA:31,0,0,0
BRDA:31,0,1,0
BRDA:31,1,0,0
BRDA:31,1,1,0
BRDA:66,2,0,0
BRDA:66,2,1,0
BRDA:153,3,0,0
BRDA:153,3,1,0
BRDA:160,4,0,0
BRDA:197,5,0,0
BRDA:197,5,1,0
BRDA:202,6,0,0
BRDA:202,6,1,0
BRF:13
BRH:0
end_of_record
TN:
SF:src/services/voucherService.js
FN:12,(anonymous_0)
FN:45,(anonymous_1)
FN:83,(anonymous_2)
FN:96,(anonymous_3)
FN:129,(anonymous_4)
FN:161,(anonymous_5)
FN:265,(anonymous_6)
FN:277,(anonymous_7)
FN:392,(anonymous_8)
FNF:9
FNH:9
FNDA:13,(anonymous_0)
FNDA:11,(anonymous_1)
FNDA:15,(anonymous_2)
FNDA:15,(anonymous_3)
FNDA:5,(anonymous_4)
FNDA:3,(anonymous_5)
FNDA:8,(anonymous_6)
FNDA:8,(anonymous_7)
FNDA:2,(anonymous_8)
DA:1,4
DA:2,4
DA:3,4
DA:4,4
DA:5,4
DA:6,4
DA:13,13
DA:14,13
DA:16,13
DA:24,13
DA:25,13
DA:26,1
DA:30,12
DA:31,12
DA:32,12
DA:33,12
DA:35,12
DA:36,1
DA:39,11
DA:40,0
DA:43,11
DA:45,11
DA:46,11
DA:48,15
DA:49,15
DA:52,15
DA:55,15
DA:63,15
DA:68,15
DA:78,11
DA:79,11
DA:82,11
DA:84,15
DA:85,15
DA:90,11
DA:96,15
DA:100,11
DA:107,11
DA:116,0
DA:122,0
DA:130,5
DA:132,5
DA:139,5
DA:140,0
DA:144,5
DA:151,5
DA:162,3
DA:163,3
DA:165,3
DA:171,3
DA:174,3
DA:175,2
DA:183,2
DA:184,1
DA:189,1
DA:194,2
DA:195,1
DA:208,1
DA:209,1
DA:210,1
DA:212,1
DA:213,0
DA:220,1
DA:222,0
DA:225,0
DA:233,1
DA:234,0
DA:242,1
DA:249,1
DA:266,8
DA:267,8
DA:269,8
DA:277,8
DA:279,8
DA:286,8
DA:287,0
DA:291,8
DA:292,2
DA:296,6
DA:297,6
DA:298,6
DA:300,6
DA:301,0
DA:304,6
DA:306,0
DA:308,0
DA:312,6
DA:313,6
DA:319,6
DA:322,6
DA:331,0
DA:333,0
DA:340,0
DA:346,0
DA:350,8
DA:351,8
DA:354,6
DA:365,6
DA:373,6
DA:378,2
DA:385,2
DA:393,2
DA:395,2
DA:397,2
DA:398,1
DA:401,1
DA:402,0
DA:405,1
DA:408,1
DA:416,1
DA:423,4
LF:111
LH:94
BRDA:25,0,0,1
BRDA:25,0,1,12
BRDA:35,1,0,1
BRDA:35,1,1,11
BRDA:35,2,0,12
BRDA:35,2,1,12
BRDA:39,3,0,0
BRDA:39,3,1,11
BRDA:139,4,0,0
BRDA:139,4,1,5
BRDA:154,5,0,5
BRDA:154,5,1,3
BRDA:174,6,0,2
BRDA:174,6,1,1
BRDA:183,7,0,1
BRDA:183,7,1,1
BRDA:194,8,0,1
BRDA:194,8,1,1
BRDA:212,9,0,0
BRDA:212,9,1,1
BRDA:220,10,0,0
BRDA:220,10,1,1
BRDA:233,11,0,0
BRDA:233,11,1,1
BRDA:286,12,0,0
BRDA:286,12,1,8
BRDA:291,13,0,2
BRDA:291,13,1,6
BRDA:300,14,0,0
BRDA:300,14,1,6
BRDA:304,15,0,0
BRDA:304,15,1,6
BRDA:331,16,0,0
BRDA:331,16,1,0
BRDA:397,17,0,1
BRDA:397,17,1,1
BRDA:401,18,0,0
BRDA:401,18,1,1
BRF:38
BRH:27
end_of_record
